2675771 5 16436 1 901.000000 363.000000 0 0 0 0 0 0 
2675771 5 16436 1 897.000000 367.000000 0 0 0 0 0 0 
2675772 5 16436 1 892.000000 370.000000 0 0 0 0 0 0 
2675772 5 16436 1 885.000000 374.000000 0 0 0 0 0 0 
2675772 5 16436 1 875.000000 381.000000 0 0 0 0 0 0 
2675772 5 16436 1 860.000000 386.000000 0 0 0 0 0 0 
2675772 5 16436 1 844.000000 386.000000 0 0 0 0 0 0 
2675772 5 16436 1 820.000000 386.000000 0 0 0 0 0 0 
2675773 5 16436 1 782.000000 380.000000 0 0 0 0 0 0 
2675773 5 16436 1 730.000000 365.000000 0 0 0 0 0 0 
2675773 5 16436 1 675.000000 348.000000 0 0 0 0 0 0 
2675773 5 16436 1 622.000000 330.000000 0 0 0 0 0 0 
2675773 5 16436 1 572.000000 312.000000 0 0 0 0 0 0 
2675773 5 16436 1 529.000000 292.000000 0 0 0 0 0 0 
2675774 5 16436 1 485.000000 271.000000 0 0 0 0 0 0 
2675774 5 16436 1 445.000000 250.000000 0 0 0 0 0 0 
2675774 5 16436 1 417.000000 233.000000 0 0 0 0 0 0 
2675774 5 16436 1 399.000000 222.000000 0 0 0 0 0 0 
2675774 5 16436 1 392.000000 216.000000 0 0 0 0 0 0 
2675775 5 16436 1 391.000000 213.000000 0 0 0 0 0 0 
2675775 5 16436 1 389.000000 213.000000 0 0 0 0 0 0 
2675775 5 16436 1 389.000000 212.000000 0 0 0 0 0 0 
2675775 5 16436 1 393.000000 210.000000 0 0 0 0 0 0 
2675775 5 16436 1 403.000000 205.000000 0 0 0 0 0 0 
2675776 5 16436 1 417.000000 198.000000 0 0 0 0 0 0 
2675776 5 16436 1 436.000000 193.000000 0 0 0 0 0 0 
2675776 5 16436 1 468.000000 185.000000 0 0 0 0 0 0 
2675776 5 16436 1 503.000000 177.000000 0 0 0 0 0 0 
2675776 5 16436 1 543.000000 174.000000 0 0 0 0 0 0 
2675776 5 16436 1 587.000000 171.000000 0 0 0 0 0 0 
2675777 5 16436 1 631.000000 171.000000 0 0 0 0 0 0 
2675777 5 16436 1 681.000000 171.000000 0 0 0 0 0 0 
2675777 5 16436 1 731.000000 176.000000 0 0 0 0 0 0 
2675777 5 16436 1 779.000000 186.000000 0 0 0 0 0 0 
2675777 5 16436 1 818.000000 199.000000 0 0 0 0 0 0 
2675777 5 16436 1 848.000000 211.000000 0 0 0 0 0 0 
2675778 5 16436 1 868.000000 221.000000 0 0 0 0 0 0 
2675778 5 16436 1 878.000000 225.000000 0 0 0 0 0 0 
2675778 5 16436 1 884.000000 227.000000 0 0 0 0 0 0 
2675778 5 16436 1 883.000000 225.000000 0 0 0 0 0 0 
2675779 5 16436 1 871.000000 216.000000 0 0 0 0 0 0 
2675779 5 16436 1 847.000000 201.000000 0 0 0 0 0 0 
2675779 5 16436 1 813.000000 186.000000 0 0 0 0 0 0 
2675779 5 16436 1 780.000000 178.000000 0 0 0 0 0 0 
2675779 5 16436 1 742.000000 173.000000 0 0 0 0 0 0 
2675779 5 16436 1 694.000000 169.000000 0 0 0 0 0 0 
2675780 5 16436 1 640.000000 167.000000 0 0 0 0 0 0 
2675780 5 16436 1 587.000000 167.000000 0 0 0 0 0 0 
2675780 5 16436 1 542.000000 165.000000 0 0 0 0 0 0 
2675780 5 16436 1 497.000000 163.000000 0 0 0 0 0 0 
2675780 5 16436 1 457.000000 160.000000 0 0 0 0 0 0 
2675780 5 16436 1 421.000000 154.000000 0 0 0 0 0 0 
2675781 5 16436 1 388.000000 148.000000 0 0 0 0 0 0 
2675781 5 16436 1 353.000000 138.000000 0 0 0 0 0 0 
2675781 5 16436 1 325.000000 130.000000 0 0 0 0 0 0 
2675781 5 16436 1 300.000000 121.000000 0 0 0 0 0 0 
2675781 5 16436 1 279.000000 112.000000 0 0 0 0 0 0 
2675781 5 16436 1 261.000000 104.000000 0 0 0 0 0 0 
2675782 5 16436 1 244.000000 96.000000 0 0 0 0 0 0 
2675782 5 16436 1 223.000000 89.000000 0 0 0 0 0 0 
2675782 5 16436 1 206.000000 84.000000 0 0 0 0 0 0 
2675782 5 16436 1 191.000000 80.000000 0 0 0 0 0 0 
2675782 5 16436 1 172.000000 73.000000 0 0 0 0 0 0 
2675782 5 16436 1 153.000000 70.000000 0 0 0 0 0 0 
2675783 5 16436 1 137.000000 68.000000 0 0 0 0 0 0 
2675783 5 16436 1 128.000000 67.000000 0 0 0 0 0 0 
2675783 5 16436 1 119.000000 65.000000 0 0 0 0 0 0 
2675783 5 16436 1 107.000000 64.000000 0 0 0 0 0 0 
2675783 5 16436 1 94.000000 61.000000 0 0 0 0 0 0 
2675783 5 16436 1 83.000000 59.000000 0 0 0 0 0 0 
2675784 5 16436 1 76.000000 56.000000 0 0 0 0 0 0 
2675784 5 16436 1 73.000000 55.000000 0 0 0 0 0 0 
2675784 5 16436 1 70.000000 53.000000 0 0 0 0 0 0 
2675784 5 16436 1 65.000000 49.000000 0 0 0 0 0 0 
2675784 5 16436 1 64.000000 47.000000 0 0 0 0 0 0 
2675784 5 16436 1 64.000000 45.000000 0 0 0 0 0 0 
2675785 5 16436 1 65.000000 44.000000 0 0 0 0 0 0 
2675785 5 16436 1 70.000000 41.000000 0 0 0 0 0 0 
2675785 5 16436 1 83.000000 37.000000 0 0 0 0 0 0 
2675785 5 16436 1 103.000000 36.000000 0 0 0 0 0 0 
2675785 5 16436 1 122.000000 35.000000 0 0 0 0 0 0 
2675785 5 16436 1 138.000000 35.000000 0 0 0 0 0 0 
2675786 5 16436 1 149.000000 36.000000 0 0 0 0 0 0 
2675786 5 16436 1 154.000000 39.000000 0 0 0 0 0 0 
2675786 5 16436 1 161.000000 42.000000 0 0 0 0 0 0 
2675786 5 16436 1 173.000000 48.000000 0 0 0 0 0 0 
2675786 5 16436 1 184.000000 55.000000 0 0 0 0 0 0 
2675786 5 16436 1 190.000000 60.000000 0 0 0 0 0 0 
2675787 5 16436 1 192.000000 63.000000 0 0 0 0 0 0 
2675787 5 16436 1 198.000000 70.000000 0 0 0 0 0 0 
2675787 5 16436 1 202.000000 78.000000 0 0 0 0 0 0 
2675787 5 16436 1 206.000000 86.000000 0 0 0 0 0 0 
2675787 5 16436 1 208.000000 94.000000 0 0 0 0 0 0 
2675787 5 16436 1 210.000000 99.000000 0 0 0 0 0 0 
2675788 5 16436 1 210.000000 105.000000 0 0 0 0 0 0 
2675788 5 16436 1 210.000000 109.000000 0 0 0 0 0 0 
2675788 5 16436 1 210.000000 114.000000 0 0 0 0 0 0 
2675788 5 16436 1 210.000000 116.000000 0 0 0 0 0 0 
2675788 5 16436 1 210.000000 120.000000 0 0 0 0 0 0 
2675789 5 16436 1 210.000000 121.000000 0 0 0 0 0 0 
2675789 5 16436 1 210.000000 122.000000 0 0 0 0 0 0 
2675790 1 16437 1 210.000000 122.000000 0 0 0 0 0 0 
2675791 2 16437 1 210.000000 122.000000 0 0 0 0 0 0 
2675792 5 16437 1 210.000000 123.000000 0 0 0 0 0 0 
2675793 5 16437 1 210.000000 124.000000 0 0 0 0 0 0 
2675793 5 16437 1 212.000000 130.000000 0 0 0 0 0 0 
2675793 5 16437 1 226.000000 137.000000 0 0 0 0 0 0 
2675793 5 16437 1 258.000000 151.000000 0 0 0 0 0 0 
2675793 5 16437 1 301.000000 167.000000 0 0 0 0 0 0 
2675793 5 16437 1 356.000000 184.000000 0 0 0 0 0 0 
2675794 5 16437 1 427.000000 200.000000 0 0 0 0 0 0 
2675794 5 16437 1 505.000000 210.000000 0 0 0 0 0 0 
2675794 5 16437 1 582.000000 221.000000 0 0 0 0 0 0 
2675794 5 16437 1 647.000000 231.000000 0 0 0 0 0 0 
2675794 5 16437 1 701.000000 241.000000 0 0 0 0 0 0 
2675794 5 16437 1 731.000000 247.000000 0 0 0 0 0 0 
2675796 5 16437 1 734.000000 248.000000 0 0 0 0 0 0 
2675796 5 16437 1 740.000000 257.000000 0 0 0 0 0 0 
2675796 5 16437 1 759.000000 272.000000 0 0 0 0 0 0 
2675796 5 16437 1 782.000000 289.000000 0 0 0 0 0 0 
2675797 5 16437 1 806.000000 304.000000 0 0 0 0 0 0 
2675797 5 16437 1 825.000000 314.000000 0 0 0 0 0 0 
2675797 5 16437 1 838.000000 319.000000 0 0 0 0 0 0 
2675797 5 16437 1 845.000000 320.000000 0 0 0 0 0 0 
2675797 5 16437 1 846.000000 320.000000 0 0 0 0 0 0 
2675797 5 16437 1 847.000000 320.000000 0 0 0 0 0 0 
2675798 5 16437 1 847.000000 319.000000 0 0 0 0 0 0 
2675798 5 16437 1 847.000000 318.000000 0 0 0 0 0 0 
2675798 5 16437 1 849.000000 318.000000 0 0 0 0 0 0 
2675798 5 16437 1 849.000000 317.000000 0 0 0 0 0 0 
2675799 5 16437 1 850.000000 317.000000 0 0 0 0 0 0 
2675799 5 16437 1 851.000000 317.000000 0 0 0 0 0 0 
2675799 5 16437 1 852.000000 317.000000 0 0 0 0 0 0 
2675800 1 16438 1 852.000000 317.000000 0 0 0 0 0 0 
2675801 2 16438 1 852.000000 317.000000 0 0 0 0 0 0 
2675803 5 16438 1 856.000000 318.000000 0 0 0 0 0 0 
2675803 5 16438 1 870.000000 322.000000 0 0 0 0 0 0 
2675803 5 16438 1 903.000000 325.000000 0 0 0 0 0 0 
2675804 5 16438 1 949.000000 327.000000 0 0 0 0 0 0 
2675804 5 16438 1 987.000000 330.000000 0 0 0 0 0 0 
2675804 5 16438 1 1027.000000 330.000000 0 0 0 0 0 0 
2675804 5 16438 1 1076.000000 332.000000 0 0 0 0 0 0 
2675804 5 16438 1 1126.000000 333.000000 0 0 0 0 0 0 
2675804 5 16438 1 1154.000000 335.000000 0 0 0 0 0 0 
2675805 5 16438 1 1162.000000 335.000000 0 0 0 0 0 0 
2675808 5 16438 1 1164.000000 335.000000 0 0 0 0 0 0 
2675808 5 16438 1 1171.000000 337.000000 0 0 0 0 0 0 
2675808 5 16438 1 1185.000000 333.000000 0 0 0 0 0 0 
2675808 5 16438 1 1206.000000 332.000000 0 0 0 0 0 0 
2675808 5 16438 1 1243.000000 330.000000 0 0 0 0 0 0 
2675809 5 16438 1 1290.000000 327.000000 0 0 0 0 0 0 
2675809 5 16438 1 1346.000000 327.000000 0 0 0 0 0 0 
2675809 5 16438 1 1395.000000 327.000000 0 0 0 0 0 0 
2675809 5 16438 1 1433.000000 327.000000 0 0 0 0 0 0 
2675809 5 16438 1 1453.000000 328.000000 0 0 0 0 0 0 
2675809 5 16438 1 1463.000000 329.000000 0 0 0 0 0 0 
2675810 5 16438 1 1464.000000 330.000000 0 0 0 0 0 0 
2675810 5 16438 1 1463.000000 331.000000 0 0 0 0 0 0 
2675810 5 16438 1 1458.000000 334.000000 0 0 0 0 0 0 
2675810 5 16438 1 1452.000000 336.000000 0 0 0 0 0 0 
2675811 5 16438 1 1448.000000 338.000000 0 0 0 0 0 0 
2675811 5 16438 1 1446.000000 340.000000 0 0 0 0 0 0 
2675811 5 16438 1 1442.000000 342.000000 0 0 0 0 0 0 
2675811 5 16438 1 1438.000000 343.000000 0 0 0 0 0 0 
2675811 5 16438 1 1433.000000 344.000000 0 0 0 0 0 0 
2675811 5 16438 1 1428.000000 347.000000 0 0 0 0 0 0 
2675812 5 16438 1 1420.000000 353.000000 0 0 0 0 0 0 
2675812 5 16438 1 1396.000000 367.000000 0 0 0 0 0 0 
2675812 5 16438 1 1364.000000 386.000000 0 0 0 0 0 0 
2675812 5 16438 1 1320.000000 416.000000 0 0 0 0 0 0 
2675812 5 16438 1 1274.000000 456.000000 0 0 0 0 0 0 
2675812 5 16438 1 1226.000000 509.000000 0 0 0 0 0 0 
2675813 5 16438 1 1188.000000 564.000000 0 0 0 0 0 0 
2675813 5 16438 1 1162.000000 608.000000 0 0 0 0 0 0 
2675813 5 16438 1 1138.000000 649.000000 0 0 0 0 0 0 
2675813 5 16438 1 1118.000000 683.000000 0 0 0 0 0 0 
2675813 5 16438 1 1099.000000 723.000000 0 0 0 0 0 0 
2675813 5 16438 1 1078.000000 763.000000 0 0 0 0 0 0 
2675814 5 16438 1 1055.000000 797.000000 0 0 0 0 0 0 
2675814 5 16438 1 1037.000000 828.000000 0 0 0 0 0 0 
2675814 5 16438 1 1025.000000 849.000000 0 0 0 0 0 0 
2675814 5 16438 1 1022.000000 861.000000 0 0 0 0 0 0 
2675814 5 16438 1 1021.000000 867.000000 0 0 0 0 0 0 
2675814 5 16438 1 1021.000000 868.000000 0 0 0 0 0 0 
2675815 5 16438 1 1020.000000 868.000000 0 0 0 0 0 0 
2675815 5 16438 1 1019.000000 868.000000 0 0 0 0 0 0 
2675815 5 16438 1 1014.000000 868.000000 0 0 0 0 0 0 
2675815 5 16438 1 1006.000000 868.000000 0 0 0 0 0 0 
2675816 5 16438 1 995.000000 870.000000 0 0 0 0 0 0 
2675816 5 16438 1 988.000000 872.000000 0 0 0 0 0 0 
2675816 5 16438 1 975.000000 874.000000 0 0 0 0 0 0 
2675816 5 16438 1 966.000000 876.000000 0 0 0 0 0 0 
2675816 5 16438 1 963.000000 878.000000 0 0 0 0 0 0 
2675817 5 16438 1 962.000000 878.000000 0 0 0 0 0 0 
2675817 5 16438 1 960.000000 879.000000 0 0 0 0 0 0 
2675817 5 16438 1 958.000000 879.000000 0 0 0 0 0 0 
2675817 5 16438 1 952.000000 880.000000 0 0 0 0 0 0 
2675817 5 16438 1 944.000000 880.000000 0 0 0 0 0 0 
2675817 5 16438 1 939.000000 880.000000 0 0 0 0 0 0 
2675818 5 16438 1 936.000000 880.000000 0 0 0 0 0 0 
2675818 5 16438 1 936.000000 881.000000 0 0 0 0 0 0 
2675818 5 16438 1 935.000000 881.000000 0 0 0 0 0 0 
2675821 1 16439 1 935.000000 881.000000 0 0 0 0 0 0 
2675822 6 16439 1 935.000000 880.000000 0 0 0 0 0 0 
2675822 6 16439 1 935.000000 878.000000 0 0 0 0 0 0 
2675822 6 16439 1 935.000000 873.000000 0 0 0 0 0 0 
2675822 6 16439 1 935.000000 867.000000 0 0 0 0 0 0 
2675822 6 16439 1 935.000000 859.000000 0 0 0 0 0 0 
2675822 6 16439 1 936.000000 848.000000 0 0 0 0 0 0 
2675823 6 16439 1 937.000000 836.000000 0 0 0 0 0 0 
2675823 6 16439 1 940.000000 820.000000 0 0 0 0 0 0 
2675823 6 16439 1 941.000000 803.000000 0 0 0 0 0 0 
2675823 6 16439 1 941.000000 777.000000 0 0 0 0 0 0 
2675823 6 16439 1 941.000000 756.000000 0 0 0 0 0 0 
2675823 6 16439 1 941.000000 734.000000 0 0 0 0 0 0 
2675824 6 16439 1 943.000000 716.000000 0 0 0 0 0 0 
2675824 6 16439 1 943.000000 698.000000 0 0 0 0 0 0 
2675824 6 16439 1 944.000000 684.000000 0 0 0 0 0 0 
2675824 6 16439 1 944.000000 670.000000 0 0 0 0 0 0 
2675824 6 16439 1 945.000000 656.000000 0 0 0 0 0 0 
2675824 6 16439 1 948.000000 640.000000 0 0 0 0 0 0 
2675825 6 16439 1 950.000000 625.000000 0 0 0 0 0 0 
2675825 6 16439 1 951.000000 615.000000 0 0 0 0 0 0 
2675825 6 16439 1 952.000000 602.000000 0 0 0 0 0 0 
2675825 6 16439 1 954.000000 588.000000 0 0 0 0 0 0 
2675825 6 16439 1 954.000000 575.000000 0 0 0 0 0 0 
2675825 6 16439 1 954.000000 563.000000 0 0 0 0 0 0 
2675826 6 16439 1 954.000000 549.000000 0 0 0 0 0 0 
2675826 6 16439 1 954.000000 537.000000 0 0 0 0 0 0 
2675826 6 16439 1 953.000000 526.000000 0 0 0 0 0 0 
2675826 6 16439 1 953.000000 516.000000 0 0 0 0 0 0 
2675826 6 16439 1 953.000000 510.000000 0 0 0 0 0 0 
2675826 6 16439 1 953.000000 502.000000 0 0 0 0 0 0 
2675827 6 16439 1 953.000000 494.000000 0 0 0 0 0 0 
2675827 6 16439 1 953.000000 486.000000 0 0 0 0 0 0 
2675827 6 16439 1 953.000000 482.000000 0 0 0 0 0 0 
2675827 6 16439 1 953.000000 477.000000 0 0 0 0 0 0 
2675827 6 16439 1 953.000000 475.000000 0 0 0 0 0 0 
2675827 6 16439 1 953.000000 474.000000 0 0 0 0 0 0 
2675829 6 16439 1 953.000000 477.000000 0 0 0 0 0 0 
2675829 6 16439 1 951.000000 481.000000 0 0 0 0 0 0 
2675829 6 16439 1 949.000000 493.000000 0 0 0 0 0 0 
2675829 6 16439 1 947.000000 508.000000 0 0 0 0 0 0 
2675829 6 16439 1 946.000000 526.000000 0 0 0 0 0 0 
2675830 6 16439 1 945.000000 546.000000 0 0 0 0 0 0 
2675830 6 16439 1 945.000000 569.000000 0 0 0 0 0 0 
2675830 6 16439 1 945.000000 591.000000 0 0 0 0 0 0 
2675830 6 16439 1 945.000000 617.000000 0 0 0 0 0 0 
2675830 6 16439 1 945.000000 642.000000 0 0 0 0 0 0 
2675830 6 16439 1 945.000000 663.000000 0 0 0 0 0 0 
2675831 6 16439 1 945.000000 683.000000 0 0 0 0 0 0 
2675831 6 16439 1 945.000000 701.000000 0 0 0 0 0 0 
2675831 6 16439 1 943.000000 717.000000 0 0 0 0 0 0 
2675831 6 16439 1 943.000000 733.000000 0 0 0 0 0 0 
2675831 6 16439 1 943.000000 750.000000 0 0 0 0 0 0 
2675831 6 16439 1 943.000000 762.000000 0 0 0 0 0 0 
2675832 6 16439 1 943.000000 772.000000 0 0 0 0 0 0 
2675832 6 16439 1 943.000000 784.000000 0 0 0 0 0 0 
2675832 6 16439 1 943.000000 796.000000 0 0 0 0 0 0 
2675832 6 16439 1 946.000000 810.000000 0 0 0 0 0 0 
2675832 6 16439 1 946.000000 824.000000 0 0 0 0 0 0 
2675832 6 16439 1 947.000000 839.000000 0 0 0 0 0 0 
2675833 6 16439 1 948.000000 853.000000 0 0 0 0 0 0 
2675833 6 16439 1 948.000000 867.000000 0 0 0 0 0 0 
2675833 6 16439 1 948.000000 882.000000 0 0 0 0 0 0 
2675833 6 16439 1 948.000000 896.000000 0 0 0 0 0 0 
2675833 6 16439 1 948.000000 908.000000 0 0 0 0 0 0 
2675833 6 16439 1 948.000000 919.000000 0 0 0 0 0 0 
2675834 6 16439 1 948.000000 925.000000 0 0 0 0 0 0 
2675834 6 16439 1 948.000000 929.000000 0 0 0 0 0 0 
2675834 6 16439 1 948.000000 930.000000 0 0 0 0 0 0 
2675836 2 16439 0 948.000000 930.000000 0 0 0 0 0 0 
2675837 5 16439 0 949.000000 929.000000 0 0 0 0 0 0 
2675837 5 16439 0 951.000000 927.000000 0 0 0 0 0 0 
2675837 5 16439 0 953.000000 927.000000 0 0 0 0 0 0 
2675837 5 16439 0 962.000000 923.000000 0 0 0 0 0 0 
2675837 5 16439 0 988.000000 913.000000 0 0 0 0 0 0 
2675837 5 16439 0 1024.000000 902.000000 0 0 0 0 0 0 
2675838 5 16439 0 1064.000000 893.000000 0 0 0 0 0 0 
2675838 5 16439 0 1107.000000 888.000000 0 0 0 0 0 0 
2675838 5 16439 0 1154.000000 885.000000 0 0 0 0 0 0 
2675838 5 16439 0 1204.000000 881.000000 0 0 0 0 0 0 
2675838 5 16439 0 1254.000000 878.000000 0 0 0 0 0 0 
2675838 5 16439 0 1299.000000 878.000000 0 0 0 0 0 0 
2675839 5 16439 0 1337.000000 877.000000 0 0 0 0 0 0 
2675839 5 16439 0 1373.000000 875.000000 0 0 0 0 0 0 
2675839 5 16439 0 1402.000000 875.000000 0 0 0 0 0 0 
2675839 5 16439 0 1425.000000 874.000000 0 0 0 0 0 0 
2675839 5 16439 0 1440.000000 871.000000 0 0 0 0 0 0 
2675839 5 16439 0 1451.000000 869.000000 0 0 0 0 0 0 
2675840 5 16439 0 1458.000000 866.000000 0 0 0 0 0 0 
2675840 5 16439 0 1470.000000 861.000000 0 0 0 0 0 0 
2675840 5 16439 0 1483.000000 857.000000 0 0 0 0 0 0 
2675840 5 16439 0 1491.000000 853.000000 0 0 0 0 0 0 
2675840 5 16439 0 1497.000000 850.000000 0 0 0 0 0 0 
2675840 5 16439 0 1506.000000 848.000000 0 0 0 0 0 0 
2675841 5 16439 0 1516.000000 845.000000 0 0 0 0 0 0 
2675841 5 16439 0 1523.000000 843.000000 0 0 0 0 0 0 
2675841 5 16439 0 1525.000000 842.000000 0 0 0 0 0 0 
2675841 5 16439 0 1525.000000 841.000000 0 0 0 0 0 0 
2675844 5 16439 0 1524.000000 841.000000 0 0 0 0 0 0 
2675844 5 16439 0 1523.000000 838.000000 0 0 0 0 0 0 
2675844 5 16439 0 1520.000000 832.000000 0 0 0 0 0 0 
2675844 5 16439 0 1515.000000 827.000000 0 0 0 0 0 0 
2675845 5 16439 0 1503.000000 815.000000 0 0 0 0 0 0 
2675845 5 16439 0 1477.000000 795.000000 0 0 0 0 0 0 
2675845 5 16439 0 1450.000000 774.000000 0 0 0 0 0 0 
2675845 5 16439 0 1421.000000 754.000000 0 0 0 0 0 0 
2675845 5 16439 0 1389.000000 733.000000 0 0 0 0 0 0 
2675845 5 16439 0 1358.000000 713.000000 0 0 0 0 0 0 
2675846 5 16439 0 1331.000000 692.000000 0 0 0 0 0 0 
2675846 5 16439 0 1308.000000 670.000000 0 0 0 0 0 0 
2675846 5 16439 0 1288.000000 643.000000 0 0 0 0 0 0 
2675846 5 16439 0 1270.000000 619.000000 0 0 0 0 0 0 
2675846 5 16439 0 1255.000000 595.000000 0 0 0 0 0 0 
2675846 5 16439 0 1243.000000 569.000000 0 0 0 0 0 0 
2675846 5 16439 0 1234.000000 546.000000 0 0 0 0 0 0 
2675847 5 16439 0 1227.000000 522.000000 0 0 0 0 0 0 
2675847 5 16439 0 1223.000000 500.000000 0 0 0 0 0 0 
2675847 5 16439 0 1220.000000 478.000000 0 0 0 0 0 0 
2675847 5 16439 0 1220.000000 458.000000 0 0 0 0 0 0 
2675847 5 16439 0 1219.000000 438.000000 0 0 0 0 0 0 
2675847 5 16439 0 1216.000000 422.000000 0 0 0 0 0 0 
2675848 5 16439 0 1214.000000 412.000000 0 0 0 0 0 0 
2675848 5 16439 0 1213.000000 409.000000 0 0 0 0 0 0 
2675848 5 16439 0 1210.000000 403.000000 0 0 0 0 0 0 
2675848 5 16439 0 1210.000000 402.000000 0 0 0 0 0 0 
2675851 5 16439 0 1210.000000 403.000000 0 0 0 0 0 0 
2675851 5 16439 0 1210.000000 405.000000 0 0 0 0 0 0 
2675851 5 16439 0 1216.000000 412.000000 0 0 0 0 0 0 
2675851 5 16439 0 1230.000000 423.000000 0 0 0 0 0 0 
2675851 5 16439 0 1254.000000 438.000000 0 0 0 0 0 0 
2675851 5 16439 0 1282.000000 454.000000 0 0 0 0 0 0 
2675852 5 16439 0 1302.000000 477.000000 0 0 0 0 0 0 
2675852 5 16439 0 1312.000000 508.000000 0 0 0 0 0 0 
2675852 5 16439 0 1311.000000 546.000000 0 0 0 0 0 0 
2675852 5 16439 0 1305.000000 582.000000 0 0 0 0 0 0 
2675852 5 16439 0 1289.000000 618.000000 0 0 0 0 0 0 
2675852 5 16439 0 1272.000000 649.000000 0 0 0 0 0 0 
2675853 5 16439 0 1250.000000 677.000000 0 0 0 0 0 0 
2675853 5 16439 0 1227.000000 703.000000 0 0 0 0 0 0 
2675853 5 16439 0 1198.000000 731.000000 0 0 0 0 0 0 
2675853 5 16439 0 1167.000000 762.000000 0 0 0 0 0 0 
2675853 5 16439 0 1130.000000 796.000000 0 0 0 0 0 0 
2675853 5 16439 0 1093.000000 829.000000 0 0 0 0 0 0 
2675854 5 16439 0 1058.000000 861.000000 0 0 0 0 0 0 
2675854 5 16439 0 1025.000000 885.000000 0 0 0 0 0 0 
2675854 5 16439 0 998.000000 902.000000 0 0 0 0 0 0 
2675854 5 16439 0 978.000000 915.000000 0 0 0 0 0 0 
2675854 5 16439 0 960.000000 924.000000 0 0 0 0 0 0 
2675854 5 16439 0 939.000000 933.000000 0 0 0 0 0 0 
2675855 5 16439 0 911.000000 947.000000 0 0 0 0 0 0 
2675855 5 16439 0 879.000000 964.000000 0 0 0 0 0 0 
2675855 5 16439 0 852.000000 980.000000 0 0 0 0 0 0 
2675855 5 16439 0 835.000000 996.000000 0 0 0 0 0 0 
2675855 5 16439 0 814.000000 1009.000000 0 0 0 0 0 0 
2675855 5 16439 0 793.000000 1017.000000 0 0 0 0 0 0 
2675856 5 16439 0 776.000000 1023.000000 0 0 0 0 0 0 
2675856 5 16439 0 763.000000 1026.000000 0 0 0 0 0 0 
2675856 5 16439 0 748.000000 1031.000000 0 0 0 0 0 0 
2675856 5 16439 0 729.000000 1035.000000 0 0 0 0 0 0 
2675856 5 16439 0 711.000000 1038.000000 0 0 0 0 0 0 
2675856 5 16439 0 696.000000 1041.000000 0 0 0 0 0 0 
2675857 5 16439 0 689.000000 1042.000000 0 0 0 0 0 0 
2675857 5 16439 0 679.000000 1043.000000 0 0 0 0 0 0 
2675857 5 16439 0 669.000000 1043.000000 0 0 0 0 0 0 
2675857 5 16439 0 658.000000 1045.000000 0 0 0 0 0 0 
2675857 5 16439 0 647.000000 1047.000000 0 0 0 0 0 0 
2675857 5 16439 0 635.000000 1048.000000 0 0 0 0 0 0 
2675858 5 16439 0 617.000000 1049.000000 0 0 0 0 0 0 
2675858 5 16439 0 599.000000 1050.000000 0 0 0 0 0 0 
2675858 5 16439 0 580.000000 1050.000000 0 0 0 0 0 0 
2675858 5 16439 0 558.000000 1050.000000 0 0 0 0 0 0 
2675858 5 16439 0 536.000000 1049.000000 0 0 0 0 0 0 
2675858 5 16439 0 518.000000 1044.000000 0 0 0 0 0 0 
2675859 5 16439 0 507.000000 1037.000000 0 0 0 0 0 0 
2675859 5 16439 0 504.000000 1031.000000 0 0 0 0 0 0 
2675859 5 16439 0 504.000000 1030.000000 0 0 0 0 0 0 
2675867 5 16439 0 513.000000 1030.000000 0 0 0 0 0 0 
2675868 5 16439 0 546.000000 1031.000000 0 0 0 0 0 0 
2675868 5 16439 0 595.000000 1034.000000 0 0 0 0 0 0 
2675868 5 16439 0 671.000000 1037.000000 0 0 0 0 0 0 
2675868 5 16439 0 816.000000 1043.000000 0 0 0 0 0 0 
2675868 5 16439 0 1020.000000 1043.000000 0 0 0 0 0 0 
2675868 5 16439 0 1251.000000 1041.000000 0 0 0 0 0 0 
2675869 5 16439 0 1435.000000 1038.000000 0 0 0 0 0 0 
2675869 5 16439 0 1532.000000 1038.000000 0 0 0 0 0 0 
2675869 5 16439 0 1596.000000 1037.000000 0 0 0 0 0 0 
2675869 5 16439 0 1631.000000 1034.000000 0 0 0 0 0 0 
2675869 5 16439 0 1641.000000 1033.000000 0 0 0 0 0 0 
2675873 5 16439 0 1640.000000 1033.000000 0 0 0 0 0 0 
2675873 5 16439 0 1634.000000 1033.000000 0 0 0 0 0 0 
2675874 5 16439 0 1618.000000 1031.000000 0 0 0 0 0 0 
2675874 5 16439 0 1578.000000 1025.000000 0 0 0 0 0 0 
2675874 5 16439 0 1517.000000 1015.000000 0 0 0 0 0 0 
2675874 5 16439 0 1426.000000 999.000000 0 0 0 0 0 0 
2675874 5 16439 0 1310.000000 988.000000 0 0 0 0 0 0 
2675874 5 16439 0 1177.000000 973.000000 0 0 0 0 0 0 
2675875 5 16439 0 1052.000000 955.000000 0 0 0 0 0 0 
2675875 5 16439 0 974.000000 948.000000 0 0 0 0 0 0 
2675875 5 16439 0 913.000000 938.000000 0 0 0 0 0 0 
2675875 5 16439 0 876.000000 931.000000 0 0 0 0 0 0 
2675875 5 16439 0 868.000000 928.000000 0 0 0 0 0 0 
2675879 5 16439 0 867.000000 928.000000 0 0 0 0 0 0 
2675879 5 16439 0 858.000000 930.000000 0 0 0 0 0 0 
2675879 5 16439 0 839.000000 931.000000 0 0 0 0 0 0 
2675879 5 16439 0 806.000000 930.000000 0 0 0 0 0 0 
2675879 5 16439 0 756.000000 929.000000 0 0 0 0 0 0 
2675879 5 16439 0 697.000000 924.000000 0 0 0 0 0 0 
2675880 5 16439 0 629.000000 919.000000 0 0 0 0 0 0 
2675880 5 16439 0 565.000000 915.000000 0 0 0 0 0 0 
2675880 5 16439 0 518.000000 912.000000 0 0 0 0 0 0 
2675880 5 16439 0 502.000000 912.000000 0 0 0 0 0 0 
2675887 5 16439 0 503.000000 912.000000 0 0 0 0 0 0 
2675888 5 16439 0 504.000000 912.000000 0 0 0 0 0 0 
2675888 5 16439 0 505.000000 913.000000 0 0 0 0 0 0 
2675888 5 16439 0 506.000000 914.000000 0 0 0 0 0 0 
2675888 5 16439 0 507.000000 915.000000 0 0 0 0 0 0 
2675889 5 16439 0 512.000000 917.000000 0 0 0 0 0 0 
2675889 5 16439 0 517.000000 919.000000 0 0 0 0 0 0 
2675889 5 16439 0 525.000000 920.000000 0 0 0 0 0 0 
2675889 5 16439 0 529.000000 921.000000 0 0 0 0 0 0 
2675891 5 16439 0 528.000000 921.000000 0 0 0 0 0 0 
2675891 5 16439 0 524.000000 921.000000 0 0 0 0 0 0 
2675891 5 16439 0 514.000000 921.000000 0 0 0 0 0 0 
2675892 5 16439 0 497.000000 919.000000 0 0 0 0 0 0 
2675892 5 16439 0 478.000000 918.000000 0 0 0 0 0 0 
2675892 5 16439 0 464.000000 918.000000 0 0 0 0 0 0 
2675892 5 16439 0 461.000000 918.000000 0 0 0 0 0 0 
2675892 5 16439 0 459.000000 918.000000 0 0 0 0 0 0 
2675892 5 16439 0 457.000000 918.000000 0 0 0 0 0 0 
2675893 5 16439 0 455.000000 918.000000 0 0 0 0 0 0 
2675893 5 16439 0 452.000000 919.000000 0 0 0 0 0 0 
2675896 5 16439 0 451.000000 920.000000 0 0 0 0 0 0 
2675896 5 16439 0 447.000000 922.000000 0 0 0 0 0 0 
2675896 5 16439 0 444.000000 922.000000 0 0 0 0 0 0 
2675896 5 16439 0 435.000000 922.000000 0 0 0 0 0 0 
2675896 5 16439 0 429.000000 922.000000 0 0 0 0 0 0 
2675896 5 16439 0 419.000000 921.000000 0 0 0 0 0 0 
2675897 5 16439 0 407.000000 921.000000 0 0 0 0 0 0 
2675897 5 16439 0 393.000000 921.000000 0 0 0 0 0 0 
2675897 5 16439 0 383.000000 921.000000 0 0 0 0 0 0 
2675897 5 16439 0 375.000000 923.000000 0 0 0 0 0 0 
2675897 5 16439 0 369.000000 923.000000 0 0 0 0 0 0 
2675897 5 16439 0 366.000000 923.000000 0 0 0 0 0 0 
2675898 5 16439 0 365.000000 924.000000 0 0 0 0 0 0 
2675900 5 16439 0 364.000000 924.000000 0 0 0 0 0 0 
2675900 5 16439 0 363.000000 924.000000 0 0 0 0 0 0 
2675904 5 16439 0 362.000000 924.000000 0 0 0 0 0 0 
2675904 5 16439 0 358.000000 924.000000 0 0 0 0 0 0 
2675904 5 16439 0 344.000000 924.000000 0 0 0 0 0 0 
2675904 5 16439 0 323.000000 924.000000 0 0 0 0 0 0 
2675905 5 16439 0 296.000000 924.000000 0 0 0 0 0 0 
2675905 5 16439 0 270.000000 924.000000 0 0 0 0 0 0 
2675905 5 16439 0 254.000000 924.000000 0 0 0 0 0 0 
2675905 5 16439 0 244.000000 923.000000 0 0 0 0 0 0 
2675905 5 16439 0 236.000000 923.000000 0 0 0 0 0 0 
2675905 5 16439 0 231.000000 923.000000 0 0 0 0 0 0 
2675906 5 16439 0 230.000000 923.000000 0 0 0 0 0 0 
2675906 5 16439 0 229.000000 923.000000 0 0 0 0 0 0 
2675906 5 16439 0 225.000000 923.000000 0 0 0 0 0 0 
2675906 5 16439 0 224.000000 923.000000 0 0 0 0 0 0 
2675907 5 16439 0 222.000000 922.000000 0 0 0 0 0 0 
2675907 5 16439 0 221.000000 922.000000 0 0 0 0 0 0 
2675907 5 16439 0 221.000000 921.000000 0 0 0 0 0 0 
2675908 5 16439 0 221.000000 920.000000 0 0 0 0 0 0 
2675917 5 16439 0 221.000000 919.000000 0 0 0 0 0 0 
2675956 5 16439 0 225.000000 917.000000 0 0 0 0 0 0 
2675957 5 16439 0 235.000000 913.000000 0 0 0 0 0 0 
2675957 5 16439 0 257.000000 901.000000 0 0 0 0 0 0 
2675957 5 16439 0 291.000000 882.000000 0 0 0 0 0 0 
2675957 5 16439 0 347.000000 856.000000 0 0 0 0 0 0 
2675957 5 16439 0 428.000000 816.000000 0 0 0 0 0 0 
2675957 5 16439 0 538.000000 757.000000 0 0 0 0 0 0 
2675958 5 16439 0 645.000000 709.000000 0 0 0 0 0 0 
2675958 5 16439 0 733.000000 659.000000 0 0 0 0 0 0 
2675958 5 16439 0 807.000000 624.000000 0 0 0 0 0 0 
2675958 5 16439 0 865.000000 601.000000 0 0 0 0 0 0 
2675958 5 16439 0 912.000000 581.000000 0 0 0 0 0 0 
2675958 5 16439 0 942.000000 571.000000 0 0 0 0 0 0 
2675959 5 16439 0 963.000000 564.000000 0 0 0 0 0 0 
2675959 5 16439 0 979.000000 560.000000 0 0 0 0 0 0 
2675959 5 16439 0 991.000000 557.000000 0 0 0 0 0 0 
2675959 5 16439 0 1000.000000 555.000000 0 0 0 0 0 0 
2675959 5 16439 0 1002.000000 554.000000 0 0 0 0 0 0 
2675960 5 16439 0 1003.000000 554.000000 0 0 0 0 0 0 
2675960 5 16439 0 1006.000000 554.000000 0 0 0 0 0 0 
2675960 5 16439 0 1012.000000 553.000000 0 0 0 0 0 0 
2675960 5 16439 0 1014.000000 553.000000 0 0 0 0 0 0 
2675961 1 16440 1 1014.000000 553.000000 0 0 0 0 0 0 
2675962 2 16440 1 1014.000000 553.000000 0 0 0 0 0 0 
2675964 5 16440 1 1013.000000 553.000000 0 0 0 0 0 0 
2675964 5 16440 1 1010.000000 553.000000 0 0 0 0 0 0 
2675964 5 16440 1 1008.000000 553.000000 0 0 0 0 0 0 
2675964 5 16440 1 1002.000000 553.000000 0 0 0 0 0 0 
2675965 5 16440 1 1000.000000 553.000000 0 0 0 0 0 0 
2675965 22 0 0 1000.000000 553.000000 0 0 0 0 0 1 
2675965 22 0 0 1000.000000 553.000000 0 0 0 0 0 1 
2675965 22 0 0 1000.000000 553.000000 0 0 0 0 0 3 
2675965 22 0 0 1000.000000 553.000000 0 0 0 0 0 4 
2675966 22 0 0 1000.000000 553.000000 0 0 0 0 0 5 
2675966 22 0 0 1000.000000 553.000000 0 0 0 0 0 5 
2675969 22 0 0 1000.000000 553.000000 0 0 0 0 0 3 
2675970 22 0 0 1000.000000 553.000000 0 0 0 0 0 3 
2675970 22 0 0 1000.000000 553.000000 0 0 0 0 0 5 
2675970 22 0 0 1000.000000 553.000000 0 0 0 0 0 5 
2675970 22 0 0 1000.000000 553.000000 0 0 0 0 0 5 
2675971 22 0 0 1000.000000 553.000000 0 0 0 0 0 4 
2675975 5 16440 1 999.000000 553.000000 0 0 0 0 0 0 
2675976 5 16440 1 998.000000 552.000000 0 0 0 0 0 0 
2675976 5 16440 1 993.000000 549.000000 0 0 0 0 0 0 
2675976 5 16440 1 986.000000 541.000000 0 0 0 0 0 0 
2675976 5 16440 1 978.000000 532.000000 0 0 0 0 0 0 
2675976 5 16440 1 971.000000 524.000000 0 0 0 0 0 0 
2675976 5 16440 1 968.000000 514.000000 0 0 0 0 0 0 
2675977 5 16440 1 971.000000 510.000000 0 0 0 0 0 0 
2675977 5 16440 1 979.000000 499.000000 0 0 0 0 0 0 
2675977 5 16440 1 987.000000 484.000000 0 0 0 0 0 0 
2675977 5 16440 1 997.000000 470.000000 0 0 0 0 0 0 
2675977 5 16440 1 1007.000000 459.000000 0 0 0 0 0 0 
2675977 5 16440 1 1014.000000 451.000000 0 0 0 0 0 0 
2675978 5 16440 1 1019.000000 446.000000 0 0 0 0 0 0 
2675978 5 16440 1 1019.000000 445.000000 0 0 0 0 0 0 
2675980 5 16440 1 1019.000000 444.000000 0 0 0 0 0 0 
2675981 5 16440 1 1019.000000 446.000000 0 0 0 0 0 0 
2675981 5 16440 1 1019.000000 448.000000 0 0 0 0 0 0 
2675982 5 16440 1 1020.000000 451.000000 0 0 0 0 0 0 
2675982 5 16440 1 1021.000000 455.000000 0 0 0 0 0 0 
2675982 5 16440 1 1021.000000 458.000000 0 0 0 0 0 0 
2675982 5 16440 1 1021.000000 460.000000 0 0 0 0 0 0 
2675982 5 16440 1 1021.000000 462.000000 0 0 0 0 0 0 
2675982 5 16440 1 1020.000000 465.000000 0 0 0 0 0 0 
2675983 5 16440 1 1018.000000 468.000000 0 0 0 0 0 0 
2675983 5 16440 1 1016.000000 471.000000 0 0 0 0 0 0 
2675983 5 16440 1 1013.000000 473.000000 0 0 0 0 0 0 
2675983 5 16440 1 1010.000000 475.000000 0 0 0 0 0 0 
2675983 5 16440 1 1004.000000 478.000000 0 0 0 0 0 0 
2675983 5 16440 1 1000.000000 480.000000 0 0 0 0 0 0 
2675984 5 16440 1 998.000000 480.000000 0 0 0 0 0 0 
2675984 5 16440 1 998.000000 482.000000 0 0 0 0 0 0 
2675984 5 16440 1 996.000000 482.000000 0 0 0 0 0 0 
2675984 5 16440 1 993.000000 483.000000 0 0 0 0 0 0 
2675984 5 16440 1 988.000000 483.000000 0 0 0 0 0 0 
2675984 5 16440 1 986.000000 483.000000 0 0 0 0 0 0 
2675985 5 16440 1 984.000000 483.000000 0 0 0 0 0 0 
2675985 5 16440 1 983.000000 483.000000 0 0 0 0 0 0 
2675986 5 16440 1 982.000000 483.000000 0 0 0 0 0 0 
2675986 5 16440 1 982.000000 482.000000 0 0 0 0 0 0 
2675986 5 16440 1 982.000000 481.000000 0 0 0 0 0 0 
2675989 1 16441 1 982.000000 481.000000 0 0 0 0 0 0 
2675989 6 16441 1 981.000000 480.000000 0 0 0 0 0 0 
2675990 6 16441 1 982.000000 480.000000 0 0 0 0 0 0 
2675990 6 16441 1 983.000000 480.000000 0 0 0 0 0 0 
2675990 6 16441 1 985.000000 480.000000 0 0 0 0 0 0 
2675990 6 16441 1 987.000000 480.000000 0 0 0 0 0 0 
2675990 6 16441 1 991.000000 480.000000 0 0 0 0 0 0 
2675991 6 16441 1 994.000000 480.000000 0 0 0 0 0 0 
2675991 6 16441 1 995.000000 480.000000 0 0 0 0 0 0 
2675991 6 16441 1 996.000000 480.000000 0 0 0 0 0 0 
2675991 6 16441 1 997.000000 480.000000 0 0 0 0 0 0 
2675992 6 16441 1 998.000000 480.000000 0 0 0 0 0 0 
2675992 6 16441 1 1001.000000 480.000000 0 0 0 0 0 0 
2675992 6 16441 1 1015.000000 478.000000 0 0 0 0 0 0 
2675992 6 16441 1 1027.000000 478.000000 0 0 0 0 0 0 
2675992 6 16441 1 1030.000000 478.000000 0 0 0 0 0 0 
2675993 6 16441 1 1032.000000 478.000000 0 0 0 0 0 0 
2675994 6 16441 1 1033.000000 478.000000 0 0 0 0 0 0 
2675994 6 16441 1 1036.000000 478.000000 0 0 0 0 0 0 
2675994 6 16441 1 1037.000000 478.000000 0 0 0 0 0 0 
2675994 6 16441 1 1038.000000 478.000000 0 0 0 0 0 0 
2675996 6 16441 1 1039.000000 478.000000 0 0 0 0 0 0 
2675996 6 16441 1 1039.000000 479.000000 0 0 0 0 0 0 
2675996 6 16441 1 1041.000000 479.000000 0 0 0 0 0 0 
2675997 6 16441 1 1043.000000 479.000000 0 0 0 0 0 0 
2675997 6 16441 1 1044.000000 479.000000 0 0 0 0 0 0 
2675998 6 16441 1 1045.000000 479.000000 0 0 0 0 0 0 
2676000 6 16441 1 1046.000000 479.000000 0 0 0 0 0 0 
2676000 2 16441 0 1046.000000 479.000000 0 0 0 0 0 0 
2676001 5 16441 0 1046.000000 480.000000 0 0 0 0 0 0 
2676001 5 16441 0 1046.000000 481.000000 0 0 0 0 0 0 
2676002 5 16441 0 1045.000000 482.000000 0 0 0 0 0 0 
2676002 5 16441 0 1044.000000 483.000000 0 0 0 0 0 0 
2676002 5 16441 0 1044.000000 484.000000 0 0 0 0 0 0 
2676002 5 16441 0 1043.000000 484.000000 0 0 0 0 0 0 
2676002 5 16441 0 1043.000000 486.000000 0 0 0 0 0 0 
2676003 5 16441 0 1041.000000 489.000000 0 0 0 0 0 0 
2676003 5 16441 0 1040.000000 490.000000 0 0 0 0 0 0 
2676003 5 16441 0 1039.000000 491.000000 0 0 0 0 0 0 
2676003 5 16441 0 1039.000000 492.000000 0 0 0 0 0 0 
2676003 5 16441 0 1038.000000 492.000000 0 0 0 0 0 0 
2676004 5 16441 0 1038.000000 493.000000 0 0 0 0 0 0 
2676004 5 16441 0 1037.000000 493.000000 0 0 0 0 0 0 
2676004 5 16441 0 1037.000000 495.000000 0 0 0 0 0 0 
2676007 5 16441 0 1036.000000 496.000000 0 0 0 0 0 0 
2676007 5 16441 0 1032.000000 502.000000 0 0 0 0 0 0 
2676007 5 16441 0 1011.000000 520.000000 0 0 0 0 0 0 
2676008 5 16441 0 980.000000 543.000000 0 0 0 0 0 0 
2676008 5 16441 0 956.000000 566.000000 0 0 0 0 0 0 
2676008 5 16441 0 925.000000 594.000000 0 0 0 0 0 0 
2676008 5 16441 0 890.000000 622.000000 0 0 0 0 0 0 
2676008 5 16441 0 854.000000 643.000000 0 0 0 0 0 0 
2676008 5 16441 0 822.000000 662.000000 0 0 0 0 0 0 
2676009 5 16441 0 788.000000 674.000000 0 0 0 0 0 0 
2676009 5 16441 0 753.000000 681.000000 0 0 0 0 0 0 
2676009 5 16441 0 719.000000 682.000000 0 0 0 0 0 0 
2676009 5 16441 0 685.000000 684.000000 0 0 0 0 0 0 
2676009 5 16441 0 656.000000 684.000000 0 0 0 0 0 0 
2676009 5 16441 0 630.000000 682.000000 0 0 0 0 0 0 
2676009 5 16441 0 604.000000 677.000000 0 0 0 0 0 0 
2676010 5 16441 0 582.000000 669.000000 0 0 0 0 0 0 
2676010 5 16441 0 566.000000 661.000000 0 0 0 0 0 0 
2676010 5 16441 0 550.000000 649.000000 0 0 0 0 0 0 
2676010 5 16441 0 530.000000 634.000000 0 0 0 0 0 0 
2676010 5 16441 0 510.000000 622.000000 0 0 0 0 0 0 
2676010 5 16441 0 501.000000 614.000000 0 0 0 0 0 0 
2676011 5 16441 0 499.000000 612.000000 0 0 0 0 0 0 
2676011 5 16441 0 497.000000 610.000000 0 0 0 0 0 0 
2676011 5 16441 0 491.000000 605.000000 0 0 0 0 0 0 
2676011 5 16441 0 477.000000 601.000000 0 0 0 0 0 0 
2676011 5 16441 0 464.000000 596.000000 0 0 0 0 0 0 
2676011 5 16441 0 448.000000 588.000000 0 0 0 0 0 0 
2676012 5 16441 0 437.000000 577.000000 0 0 0 0 0 0 
2676012 5 16441 0 424.000000 553.000000 0 0 0 0 0 0 
2676012 5 16441 0 410.000000 523.000000 0 0 0 0 0 0 
2676012 5 16441 0 401.000000 494.000000 0 0 0 0 0 0 
2676012 5 16441 0 398.000000 459.000000 0 0 0 0 0 0 
2676012 5 16441 0 399.000000 427.000000 0 0 0 0 0 0 
2676013 5 16441 0 399.000000 402.000000 0 0 0 0 0 0 
2676013 5 16441 0 400.000000 386.000000 0 0 0 0 0 0 
2676013 5 16441 0 400.000000 374.000000 0 0 0 0 0 0 
2676013 5 16441 0 400.000000 365.000000 0 0 0 0 0 0 
2676013 5 16441 0 399.000000 360.000000 0 0 0 0 0 0 
2676013 5 16441 0 399.000000 357.000000 0 0 0 0 0 0 
2676014 5 16441 0 398.000000 356.000000 0 0 0 0 0 0 
2676014 5 16441 0 398.000000 355.000000 0 0 0 0 0 0 
2676014 5 16441 0 397.000000 353.000000 0 0 0 0 0 0 
2676014 5 16441 0 395.000000 349.000000 0 0 0 0 0 0 
2676015 5 16441 0 393.000000 343.000000 0 0 0 0 0 0 
2676015 5 16441 0 389.000000 337.000000 0 0 0 0 0 0 
2676015 5 16441 0 386.000000 329.000000 0 0 0 0 0 0 
2676015 5 16441 0 383.000000 323.000000 0 0 0 0 0 0 
2676015 5 16441 0 380.000000 317.000000 0 0 0 0 0 0 
2676015 5 16441 0 376.000000 309.000000 0 0 0 0 0 0 
2676016 5 16441 0 375.000000 307.000000 0 0 0 0 0 0 
2676016 5 16441 0 374.000000 307.000000 0 0 0 0 0 0 
2676016 5 16441 0 372.000000 307.000000 0 0 0 0 0 0 
2676016 5 16441 0 368.000000 307.000000 0 0 0 0 0 0 
2676017 5 16441 0 366.000000 308.000000 0 0 0 0 0 0 
2676018 5 16441 0 365.000000 308.000000 0 0 0 0 0 0 
2676018 5 16441 0 364.000000 309.000000 0 0 0 0 0 0 
2676019 5 16441 0 364.000000 310.000000 0 0 0 0 0 0 
2676019 5 16441 0 363.000000 310.000000 0 0 0 0 0 0 
2676020 1 16442 1 363.000000 310.000000 0 0 0 0 0 0 
2676022 2 16442 1 363.000000 310.000000 0 0 0 0 0 0 
2676027 5 16442 1 363.000000 311.000000 0 0 0 0 0 0 
2676027 5 16442 1 363.000000 312.000000 0 0 0 0 0 0 
2676027 5 16442 1 363.000000 314.000000 0 0 0 0 0 0 
2676027 5 16442 1 363.000000 325.000000 0 0 0 0 0 0 
2676027 5 16442 1 363.000000 344.000000 0 0 0 0 0 0 
2676028 5 16442 1 361.000000 368.000000 0 0 0 0 0 0 
2676028 5 16442 1 361.000000 400.000000 0 0 0 0 0 0 
2676028 5 16442 1 361.000000 430.000000 0 0 0 0 0 0 
2676028 5 16442 1 361.000000 448.000000 0 0 0 0 0 0 
2676028 5 16442 1 363.000000 455.000000 0 0 0 0 0 0 
2676028 5 16442 1 365.000000 458.000000 0 0 0 0 0 0 
2676029 5 16442 1 370.000000 458.000000 0 0 0 0 0 0 
2676029 5 16442 1 390.000000 458.000000 0 0 0 0 0 0 
2676029 5 16442 1 419.000000 452.000000 0 0 0 0 0 0 
2676029 5 16442 1 448.000000 444.000000 0 0 0 0 0 0 
2676029 5 16442 1 484.000000 433.000000 0 0 0 0 0 0 
2676029 5 16442 1 522.000000 427.000000 0 0 0 0 0 0 
2676030 5 16442 1 574.000000 422.000000 0 0 0 0 0 0 
2676030 5 16442 1 632.000000 422.000000 0 0 0 0 0 0 
2676030 5 16442 1 690.000000 422.000000 0 0 0 0 0 0 
2676030 5 16442 1 742.000000 430.000000 0 0 0 0 0 0 
2676030 5 16442 1 801.000000 445.000000 0 0 0 0 0 0 
2676030 5 16442 1 854.000000 460.000000 0 0 0 0 0 0 
2676031 5 16442 1 908.000000 477.000000 0 0 0 0 0 0 
2676031 5 16442 1 955.000000 492.000000 0 0 0 0 0 0 
2676031 5 16442 1 1006.000000 507.000000 0 0 0 0 0 0 
2676031 5 16442 1 1049.000000 518.000000 0 0 0 0 0 0 
2676031 5 16442 1 1082.000000 524.000000 0 0 0 0 0 0 
2676031 5 16442 1 1103.000000 531.000000 0 0 0 0 0 0 
2676032 5 16442 1 1115.000000 537.000000 0 0 0 0 0 0 
2676032 1 16443 1 1115.000000 537.000000 0 0 0 0 0 0 
2676033 2 16443 1 1115.000000 537.000000 0 0 0 0 0 0 
2676034 5 16443 1 1113.000000 539.000000 0 0 0 0 0 0 
2676034 5 16443 1 1096.000000 533.000000 0 0 0 0 0 0 
2676034 5 16443 1 1061.000000 525.000000 0 0 0 0 0 0 
2676034 5 16443 1 1022.000000 517.000000 0 0 0 0 0 0 
2676035 5 16443 1 985.000000 509.000000 0 0 0 0 0 0 
2676035 5 16443 1 954.000000 502.000000 0 0 0 0 0 0 
2676035 5 16443 1 927.000000 494.000000 0 0 0 0 0 0 
2676035 5 16443 1 907.000000 486.000000 0 0 0 0 0 0 
2676035 5 16443 1 894.000000 481.000000 0 0 0 0 0 0 
2676035 5 16443 1 884.000000 477.000000 0 0 0 0 0 0 
2676036 5 16443 1 880.000000 475.000000 0 0 0 0 0 0 
2676036 5 16443 1 878.000000 474.000000 0 0 0 0 0 0 
2676036 5 16443 1 878.000000 473.000000 0 0 0 0 0 0 
2676036 5 16443 1 872.000000 472.000000 0 0 0 0 0 0 
2676036 5 16443 1 868.000000 471.000000 0 0 0 0 0 0 
2676037 5 16443 1 863.000000 470.000000 0 0 0 0 0 0 
2676037 5 16443 1 861.000000 470.000000 0 0 0 0 0 0 
2676037 5 16443 1 855.000000 470.000000 0 0 0 0 0 0 
2676037 5 16443 1 846.000000 469.000000 0 0 0 0 0 0 
2676037 5 16443 1 835.000000 469.000000 0 0 0 0 0 0 
2676037 5 16443 1 826.000000 469.000000 0 0 0 0 0 0 
2676038 5 16443 1 820.000000 469.000000 0 0 0 0 0 0 
2676038 5 16443 1 812.000000 469.000000 0 0 0 0 0 0 
2676038 5 16443 1 802.000000 469.000000 0 0 0 0 0 0 
2676038 5 16443 1 793.000000 469.000000 0 0 0 0 0 0 
2676038 5 16443 1 785.000000 469.000000 0 0 0 0 0 0 
2676038 5 16443 1 773.000000 467.000000 0 0 0 0 0 0 
2676039 5 16443 1 760.000000 465.000000 0 0 0 0 0 0 
2676039 5 16443 1 750.000000 465.000000 0 0 0 0 0 0 
2676039 5 16443 1 742.000000 464.000000 0 0 0 0 0 0 
2676039 5 16443 1 735.000000 463.000000 0 0 0 0 0 0 
2676039 5 16443 1 732.000000 463.000000 0 0 0 0 0 0 
2676039 5 16443 1 728.000000 462.000000 0 0 0 0 0 0 
2676040 5 16443 1 727.000000 461.000000 0 0 0 0 0 0 
2676040 5 16443 1 726.000000 460.000000 0 0 0 0 0 0 
2676042 5 16443 1 727.000000 458.000000 0 0 0 0 0 0 
2676042 5 16443 1 736.000000 455.000000 0 0 0 0 0 0 
2676042 5 16443 1 751.000000 451.000000 0 0 0 0 0 0 
2676042 5 16443 1 763.000000 447.000000 0 0 0 0 0 0 
2676042 5 16443 1 768.000000 445.000000 0 0 0 0 0 0 
2676042 5 16443 1 769.000000 445.000000 0 0 0 0 0 0 
2676044 5 16443 1 770.000000 445.000000 0 0 0 0 0 0 
2676044 5 16443 1 770.000000 444.000000 0 0 0 0 0 0 
2676044 5 16443 1 771.000000 444.000000 0 0 0 0 0 0 
2676045 5 16443 1 772.000000 444.000000 0 0 0 0 0 0 
2676045 5 16443 1 778.000000 443.000000 0 0 0 0 0 0 
2676045 5 16443 1 791.000000 441.000000 0 0 0 0 0 0 
2676045 5 16443 1 802.000000 438.000000 0 0 0 0 0 0 
2676045 5 16443 1 811.000000 436.000000 0 0 0 0 0 0 
2676045 5 16443 1 812.000000 436.000000 0 0 0 0 0 0 
2676047 5 16443 1 811.000000 436.000000 0 0 0 0 0 0 
2676047 5 16443 1 810.000000 436.000000 0 0 0 0 0 0 
2676048 5 16443 1 809.000000 436.000000 0 0 0 0 0 0 
2676048 5 16443 1 804.000000 436.000000 0 0 0 0 0 0 
2676048 5 16443 1 803.000000 437.000000 0 0 0 0 0 0 
2676048 5 16443 1 802.000000 437.000000 0 0 0 0 0 0 
2676048 5 16443 1 802.000000 439.000000 0 0 0 0 0 0 
2676048 5 16443 1 800.000000 439.000000 0 0 0 0 0 0 
2676049 5 16443 1 793.000000 441.000000 0 0 0 0 0 0 
2676049 5 16443 1 786.000000 443.000000 0 0 0 0 0 0 
2676049 5 16443 1 782.000000 444.000000 0 0 0 0 0 0 
2676050 5 16443 1 781.000000 444.000000 0 0 0 0 0 0 
2676051 5 16443 1 780.000000 444.000000 0 0 0 0 0 0 
2676051 5 16443 1 779.000000 444.000000 0 0 0 0 0 0 
2676051 5 16443 1 778.000000 444.000000 0 0 0 0 0 0 
2676051 5 16443 1 776.000000 444.000000 0 0 0 0 0 0 
2676051 5 16443 1 774.000000 444.000000 0 0 0 0 0 0 
2676052 5 16443 1 773.000000 444.000000 0 0 0 0 0 0 
2676052 5 16443 1 771.000000 444.000000 0 0 0 0 0 0 
2676052 5 16443 1 767.000000 443.000000 0 0 0 0 0 0 
2676052 5 16443 1 765.000000 443.000000 0 0 0 0 0 0 
2676052 5 16443 1 764.000000 443.000000 0 0 0 0 0 0 
2676053 5 16443 1 763.000000 443.000000 0 0 0 0 0 0 
2676053 5 16443 1 760.000000 442.000000 0 0 0 0 0 0 
2676053 5 16443 1 757.000000 442.000000 0 0 0 0 0 0 
2676053 5 16443 1 755.000000 442.000000 0 0 0 0 0 0 
2676053 5 16443 1 754.000000 441.000000 0 0 0 0 0 0 
2676054 5 16443 1 753.000000 441.000000 0 0 0 0 0 0 
2676054 5 16443 1 752.000000 441.000000 0 0 0 0 0 0 
2676055 5 16443 1 751.000000 441.000000 0 0 0 0 0 0 
2676056 5 16443 1 750.000000 441.000000 0 0 0 0 0 0 
2676057 5 16443 1 751.000000 441.000000 0 0 0 0 0 0 
2676057 5 16443 1 752.000000 441.000000 0 0 0 0 0 0 
2676057 5 16443 1 753.000000 441.000000 0 0 0 0 0 0 
2676058 5 16443 1 754.000000 441.000000 0 0 0 0 0 0 
2676058 5 16443 1 755.000000 441.000000 0 0 0 0 0 0 
2676059 5 16443 1 756.000000 441.000000 0 0 0 0 0 0 
2676059 5 16443 1 757.000000 441.000000 0 0 0 0 0 0 
2676059 5 16443 1 758.000000 440.000000 0 0 0 0 0 0 
2676060 5 16443 1 759.000000 440.000000 0 0 0 0 0 0 
2676060 5 16443 1 760.000000 440.000000 0 0 0 0 0 0 
2676060 5 16443 1 761.000000 440.000000 0 0 0 0 0 0 
2676061 5 16443 1 763.000000 440.000000 0 0 0 0 0 0 
2676061 5 16443 1 764.000000 440.000000 0 0 0 0 0 0 
2676061 5 16443 1 765.000000 440.000000 0 0 0 0 0 0 
2676062 5 16443 1 767.000000 440.000000 0 0 0 0 0 0 
2676062 5 16443 1 768.000000 440.000000 0 0 0 0 0 0 
2676064 5 16443 1 769.000000 440.000000 0 0 0 0 0 0 
2676064 1 16444 1 769.000000 440.000000 0 0 0 0 0 0 
2676066 2 16444 1 769.000000 440.000000 0 0 0 0 0 0 
2676066 1 16445 2 769.000000 440.000000 0 0 0 0 0 0 
2676067 2 16445 2 769.000000 440.000000 0 0 0 0 0 0 
2676080 5 16445 2 769.000000 441.000000 0 0 0 0 0 0 
2676080 5 16445 2 770.000000 442.000000 0 0 0 0 0 0 
2676080 5 16445 2 774.000000 447.000000 0 0 0 0 0 0 
2676080 5 16445 2 787.000000 457.000000 0 0 0 0 0 0 
2676080 5 16445 2 811.000000 473.000000 0 0 0 0 0 0 
2676080 5 16445 2 844.000000 488.000000 0 0 0 0 0 0 
2676080 5 16445 2 869.000000 498.000000 0 0 0 0 0 0 
2676080 5 16445 2 887.000000 504.000000 0 0 0 0 0 0 
2676080 5 16445 2 897.000000 510.000000 0 0 0 0 0 0 
2676079 5 16445 2 905.000000 515.000000 0 0 0 0 0 0 
2676079 5 16445 2 914.000000 520.000000 0 0 0 0 0 0 
2676079 5 16445 2 916.000000 522.000000 0 0 0 0 0 0 
2676079 5 16445 2 918.000000 524.000000 0 0 0 0 0 0 
2676080 5 16445 2 921.000000 528.000000 0 0 0 0 0 0 
2676080 5 16445 2 928.000000 530.000000 0 0 0 0 0 0 
2676080 5 16445 2 931.000000 530.000000 0 0 0 0 0 0 
2676080 5 16445 2 933.000000 530.000000 0 0 0 0 0 0 
2676097 5 16445 2 932.000000 530.000000 0 0 0 0 0 0 
2676097 5 16445 2 932.000000 529.000000 0 0 0 0 0 0 
2676097 5 16445 2 931.000000 528.000000 0 0 0 0 0 0 
2676097 5 16445 2 931.000000 526.000000 0 0 0 0 0 0 
2676097 5 16445 2 929.000000 526.000000 0 0 0 0 0 0 
2676098 5 16445 2 928.000000 522.000000 0 0 0 0 0 0 
2676098 5 16445 2 925.000000 518.000000 0 0 0 0 0 0 
2676098 5 16445 2 922.000000 513.000000 0 0 0 0 0 0 
2676098 5 16445 2 915.000000 506.000000 0 0 0 0 0 0 
2676098 5 16445 2 902.000000 497.000000 0 0 0 0 0 0 
2676099 5 16445 2 896.000000 492.000000 0 0 0 0 0 0 
2676099 5 16445 2 892.000000 486.000000 0 0 0 0 0 0 
2676099 5 16445 2 889.000000 484.000000 0 0 0 0 0 0 
2676099 5 16445 2 887.000000 483.000000 0 0 0 0 0 0 
2676099 5 16445 2 886.000000 483.000000 0 0 0 0 0 0 
2676100 5 16445 2 885.000000 483.000000 0 0 0 0 0 0 
2676100 5 16445 2 883.000000 482.000000 0 0 0 0 0 0 
2676100 5 16445 2 881.000000 481.000000 0 0 0 0 0 0 
2676100 5 16445 2 877.000000 479.000000 0 0 0 0 0 0 
2676101 5 16445 2 874.000000 477.000000 0 0 0 0 0 0 
2676101 5 16445 2 869.000000 472.000000 0 0 0 0 0 0 
2676101 5 16445 2 864.000000 468.000000 0 0 0 0 0 0 
2676101 5 16445 2 859.000000 464.000000 0 0 0 0 0 0 
2676101 5 16445 2 856.000000 461.000000 0 0 0 0 0 0 
2676101 5 16445 2 853.000000 456.000000 0 0 0 0 0 0 
2676102 5 16445 2 851.000000 452.000000 0 0 0 0 0 0 
2676102 5 16445 2 850.000000 450.000000 0 0 0 0 0 0 
2676102 5 16445 2 849.000000 446.000000 0 0 0 0 0 0 
2676102 5 16445 2 846.000000 442.000000 0 0 0 0 0 0 
2676102 5 16445 2 844.000000 439.000000 0 0 0 0 0 0 
2676102 5 16445 2 842.000000 437.000000 0 0 0 0 0 0 
2676103 5 16445 2 842.000000 436.000000 0 0 0 0 0 0 
2676104 5 16445 2 841.000000 436.000000 0 0 0 0 0 0 
2676106 5 16445 2 840.000000 436.000000 0 0 0 0 0 0 
2676106 5 16445 2 840.000000 437.000000 0 0 0 0 0 0 
2676108 5 16445 2 840.000000 438.000000 0 0 0 0 0 0 
2676111 1 16446 1 840.000000 438.000000 0 0 0 0 0 0 
2676114 2 16446 1 840.000000 438.000000 0 0 0 0 0 0 
2676115 1 16447 2 840.000000 438.000000 0 0 0 0 0 0 
2676116 2 16447 2 840.000000 438.000000 0 0 0 0 0 0 
2676119 5 16447 2 840.000000 439.000000 0 0 0 0 0 0 
2676119 5 16447 2 841.000000 442.000000 0 0 0 0 0 0 
2676119 5 16447 2 845.000000 446.000000 0 0 0 0 0 0 
2676120 5 16447 2 850.000000 451.000000 0 0 0 0 0 0 
2676120 5 16447 2 852.000000 453.000000 0 0 0 0 0 0 
2676124 5 16447 2 851.000000 453.000000 0 0 0 0 0 0 
2676142 5 16447 2 849.000000 453.000000 0 0 0 0 0 0 
2676142 5 16447 2 845.000000 455.000000 0 0 0 0 0 0 
2676143 5 16447 2 830.000000 461.000000 0 0 0 0 0 0 
2676143 5 16447 2 809.000000 468.000000 0 0 0 0 0 0 
2676143 5 16447 2 787.000000 477.000000 0 0 0 0 0 0 
2676143 5 16447 2 762.000000 490.000000 0 0 0 0 0 0 
2676143 5 16447 2 715.000000 507.000000 0 0 0 0 0 0 
2676143 5 16447 2 664.000000 520.000000 0 0 0 0 0 0 
2676144 5 16447 2 616.000000 528.000000 0 0 0 0 0 0 
2676144 5 16447 2 570.000000 535.000000 0 0 0 0 0 0 
2676144 5 16447 2 537.000000 544.000000 0 0 0 0 0 0 
2676144 5 16447 2 509.000000 551.000000 0 0 0 0 0 0 
2676144 5 16447 2 494.000000 558.000000 0 0 0 0 0 0 
2676144 5 16447 2 484.000000 563.000000 0 0 0 0 0 0 
2676145 5 16447 2 473.000000 570.000000 0 0 0 0 0 0 
2676145 5 16447 2 458.000000 577.000000 0 0 0 0 0 0 
2676145 5 16447 2 437.000000 585.000000 0 0 0 0 0 0 
2676145 5 16447 2 419.000000 592.000000 0 0 0 0 0 0 
2676145 5 16447 2 403.000000 598.000000 0 0 0 0 0 0 
2676145 5 16447 2 395.000000 602.000000 0 0 0 0 0 0 
2676146 5 16447 2 393.000000 603.000000 0 0 0 0 0 0 
2676146 5 16447 2 390.000000 604.000000 0 0 0 0 0 0 
2676147 5 16447 2 390.000000 605.000000 0 0 0 0 0 0 
2676147 5 16447 2 388.000000 605.000000 0 0 0 0 0 0 
2676147 5 16447 2 384.000000 607.000000 0 0 0 0 0 0 
2676147 5 16447 2 380.000000 609.000000 0 0 0 0 0 0 
2676148 5 16447 2 377.000000 610.000000 0 0 0 0 0 0 
2676148 5 16447 2 371.000000 613.000000 0 0 0 0 0 0 
2676148 5 16447 2 365.000000 615.000000 0 0 0 0 0 0 
2676148 5 16447 2 357.000000 619.000000 0 0 0 0 0 0 
2676148 5 16447 2 350.000000 622.000000 0 0 0 0 0 0 
2676148 5 16447 2 346.000000 625.000000 0 0 0 0 0 0 
2676149 5 16447 2 344.000000 625.000000 0 0 0 0 0 0 
2676149 5 16447 2 343.000000 626.000000 0 0 0 0 0 0 
2676149 1 16448 1 343.000000 626.000000 0 0 0 0 0 0 
2676151 2 16448 1 343.000000 626.000000 0 0 0 0 0 0 
2676151 5 16448 1 342.000000 626.000000 0 0 0 0 0 0 
2676151 5 16448 1 342.000000 627.000000 0 0 0 0 0 0 
2676151 5 16448 1 339.000000 628.000000 0 0 0 0 0 0 
2676152 5 16448 1 338.000000 629.000000 0 0 0 0 0 0 
2676152 5 16448 1 337.000000 630.000000 0 0 0 0 0 0 
2676152 5 16448 1 337.000000 632.000000 0 0 0 0 0 0 
2676152 5 16448 1 336.000000 643.000000 0 0 0 0 0 0 
2676152 5 16448 1 336.000000 659.000000 0 0 0 0 0 0 
2676152 5 16448 1 336.000000 672.000000 0 0 0 0 0 0 
2676153 5 16448 1 332.000000 691.000000 0 0 0 0 0 0 
2676153 5 16448 1 322.000000 712.000000 0 0 0 0 0 0 
2676153 5 16448 1 311.000000 740.000000 0 0 0 0 0 0 
2676153 5 16448 1 310.000000 767.000000 0 0 0 0 0 0 
2676153 5 16448 1 314.000000 789.000000 0 0 0 0 0 0 
2676153 5 16448 1 316.000000 806.000000 0 0 0 0 0 0 
2676154 5 16448 1 318.000000 816.000000 0 0 0 0 0 0 
2676154 5 16448 1 318.000000 820.000000 0 0 0 0 0 0 
2676154 5 16448 1 318.000000 823.000000 0 0 0 0 0 0 
2676154 5 16448 1 318.000000 824.000000 0 0 0 0 0 0 
2676154 5 16448 1 319.000000 824.000000 0 0 0 0 0 0 
2676157 5 16448 1 320.000000 824.000000 0 0 0 0 0 0 
2676158 5 16448 1 319.000000 828.000000 0 0 0 0 0 0 
2676158 5 16448 1 316.000000 836.000000 0 0 0 0 0 0 
2676158 5 16448 1 311.000000 847.000000 0 0 0 0 0 0 
2676158 5 16448 1 307.000000 857.000000 0 0 0 0 0 0 
2676158 5 16448 1 303.000000 870.000000 0 0 0 0 0 0 
2676159 5 16448 1 300.000000 881.000000 0 0 0 0 0 0 
2676159 5 16448 1 300.000000 893.000000 0 0 0 0 0 0 
2676159 5 16448 1 300.000000 897.000000 0 0 0 0 0 0 
2676160 5 16448 1 299.000000 895.000000 0 0 0 0 0 0 
2676160 5 16448 1 297.000000 893.000000 0 0 0 0 0 0 
2676160 5 16448 1 296.000000 884.000000 0 0 0 0 0 0 
2676160 5 16448 1 296.000000 874.000000 0 0 0 0 0 0 
2676161 5 16448 1 297.000000 860.000000 0 0 0 0 0 0 
2676161 5 16448 1 302.000000 850.000000 0 0 0 0 0 0 
2676161 5 16448 1 306.000000 842.000000 0 0 0 0 0 0 
2676161 5 16448 1 310.000000 837.000000 0 0 0 0 0 0 
2676161 5 16448 1 313.000000 834.000000 0 0 0 0 0 0 
2676163 5 16448 1 314.000000 831.000000 0 0 0 0 0 0 
2676164 5 16448 1 316.000000 829.000000 0 0 0 0 0 0 
2676165 5 16448 1 330.000000 823.000000 0 0 0 0 0 0 
2676165 5 16448 1 353.000000 813.000000 0 0 0 0 0 0 
2676165 5 16448 1 383.000000 802.000000 0 0 0 0 0 0 
2676165 5 16448 1 416.000000 792.000000 0 0 0 0 0 0 
2676165 5 16448 1 453.000000 784.000000 0 0 0 0 0 0 
2676165 5 16448 1 494.000000 776.000000 0 0 0 0 0 0 
2676166 5 16448 1 527.000000 767.000000 0 0 0 0 0 0 
2676166 5 16448 1 550.000000 760.000000 0 0 0 0 0 0 
2676166 5 16448 1 566.000000 757.000000 0 0 0 0 0 0 
2676166 5 16448 1 579.000000 754.000000 0 0 0 0 0 0 
2676166 5 16448 1 581.000000 754.000000 0 0 0 0 0 0 
2676167 1 16449 1 581.000000 754.000000 0 0 0 0 0 0 
2676168 2 16449 1 581.000000 754.000000 0 0 0 0 0 0 
2676170 5 16449 1 579.000000 755.000000 0 0 0 0 0 0 
2676171 5 16449 1 571.000000 765.000000 0 0 0 0 0 0 
2676171 5 16449 1 557.000000 787.000000 0 0 0 0 0 0 
2676171 5 16449 1 535.000000 817.000000 0 0 0 0 0 0 
2676171 5 16449 1 513.000000 848.000000 0 0 0 0 0 0 
2676171 5 16449 1 498.000000 875.000000 0 0 0 0 0 0 
2676171 5 16449 1 487.000000 896.000000 0 0 0 0 0 0 
2676172 5 16449 1 479.000000 910.000000 0 0 0 0 0 0 
2676172 5 16449 1 476.000000 906.000000 0 0 0 0 0 0 
2676172 5 16449 1 476.000000 900.000000 0 0 0 0 0 0 
2676172 5 16449 1 476.000000 886.000000 0 0 0 0 0 0 
2676172 5 16449 1 476.000000 870.000000 0 0 0 0 0 0 
2676173 5 16449 1 474.000000 854.000000 0 0 0 0 0 0 
2676173 5 16449 1 473.000000 838.000000 0 0 0 0 0 0 
2676173 5 16449 1 473.000000 824.000000 0 0 0 0 0 0 
2676173 5 16449 1 475.000000 812.000000 0 0 0 0 0 0 
2676173 5 16449 1 478.000000 802.000000 0 0 0 0 0 0 
2676173 5 16449 1 480.000000 798.000000 0 0 0 0 0 0 
2676174 5 16449 1 482.000000 799.000000 0 0 0 0 0 0 
2676174 5 16449 1 482.000000 807.000000 0 0 0 0 0 0 
2676174 5 16449 1 482.000000 817.000000 0 0 0 0 0 0 
2676174 5 16449 1 476.000000 834.000000 0 0 0 0 0 0 
2676175 5 16449 1 468.000000 853.000000 0 0 0 0 0 0 
2676175 5 16449 1 459.000000 871.000000 0 0 0 0 0 0 
2676175 5 16449 1 448.000000 882.000000 0 0 0 0 0 0 
2676175 5 16449 1 442.000000 885.000000 0 0 0 0 0 0 
2676175 5 16449 1 441.000000 885.000000 0 0 0 0 0 0 
2676175 5 16449 1 441.000000 884.000000 0 0 0 0 0 0 
2676176 5 16449 1 441.000000 875.000000 0 0 0 0 0 0 
2676176 5 16449 1 442.000000 861.000000 0 0 0 0 0 0 
2676176 5 16449 1 443.000000 841.000000 0 0 0 0 0 0 
2676176 5 16449 1 446.000000 821.000000 0 0 0 0 0 0 
2676176 5 16449 1 456.000000 799.000000 0 0 0 0 0 0 
2676176 5 16449 1 471.000000 781.000000 0 0 0 0 0 0 
2676177 5 16449 1 496.000000 767.000000 0 0 0 0 0 0 
2676177 5 16449 1 522.000000 756.000000 0 0 0 0 0 0 
2676177 5 16449 1 549.000000 751.000000 0 0 0 0 0 0 
2676177 5 16449 1 575.000000 751.000000 0 0 0 0 0 0 
2676177 5 16449 1 596.000000 756.000000 0 0 0 0 0 0 
2676177 5 16449 1 605.000000 761.000000 0 0 0 0 0 0 
2676178 5 16449 1 605.000000 764.000000 0 0 0 0 0 0 
2676178 5 16449 1 601.000000 769.000000 0 0 0 0 0 0 
2676178 5 16449 1 589.000000 776.000000 0 0 0 0 0 0 
2676178 5 16449 1 572.000000 781.000000 0 0 0 0 0 0 
2676178 5 16449 1 554.000000 783.000000 0 0 0 0 0 0 
2676178 5 16449 1 542.000000 782.000000 0 0 0 0 0 0 
2676179 5 16449 1 534.000000 779.000000 0 0 0 0 0 0 
2676179 5 16449 1 530.000000 775.000000 0 0 0 0 0 0 
2676179 5 16449 1 528.000000 771.000000 0 0 0 0 0 0 
2676179 5 16449 1 527.000000 766.000000 0 0 0 0 0 0 
2676179 5 16449 1 528.000000 761.000000 0 0 0 0 0 0 
2676179 5 16449 1 535.000000 752.000000 0 0 0 0 0 0 
2676180 5 16449 1 547.000000 742.000000 0 0 0 0 0 0 
2676180 5 16449 1 562.000000 732.000000 0 0 0 0 0 0 
2676180 5 16449 1 575.000000 725.000000 0 0 0 0 0 0 
2676180 5 16449 1 585.000000 721.000000 0 0 0 0 0 0 
2676187 5 16449 1 583.000000 720.000000 0 0 0 0 0 0 
2676187 5 16449 1 575.000000 723.000000 0 0 0 0 0 0 
2676187 5 16449 1 568.000000 725.000000 0 0 0 0 0 0 
2676187 5 16449 1 546.000000 731.000000 0 0 0 0 0 0 
2676187 5 16449 1 510.000000 740.000000 0 0 0 0 0 0 
2676188 5 16449 1 483.000000 750.000000 0 0 0 0 0 0 
2676188 5 16449 1 461.000000 760.000000 0 0 0 0 0 0 
2676188 5 16449 1 437.000000 773.000000 0 0 0 0 0 0 
2676188 5 16449 1 417.000000 789.000000 0 0 0 0 0 0 
2676188 5 16449 1 397.000000 802.000000 0 0 0 0 0 0 
2676188 5 16449 1 382.000000 817.000000 0 0 0 0 0 0 
2676189 5 16449 1 365.000000 831.000000 0 0 0 0 0 0 
2676189 5 16449 1 351.000000 842.000000 0 0 0 0 0 0 
2676189 5 16449 1 343.000000 849.000000 0 0 0 0 0 0 
2676189 5 16449 1 340.000000 853.000000 0 0 0 0 0 0 
2676189 5 16449 1 337.000000 860.000000 0 0 0 0 0 0 
2676189 5 16449 1 334.000000 864.000000 0 0 0 0 0 0 
2676190 5 16449 1 329.000000 871.000000 0 0 0 0 0 0 
2676190 5 16449 1 326.000000 876.000000 0 0 0 0 0 0 
2676190 5 16449 1 324.000000 878.000000 0 0 0 0 0 0 
2676190 5 16449 1 323.000000 879.000000 0 0 0 0 0 0 
2676190 5 16449 1 322.000000 879.000000 0 0 0 0 0 0 
2676191 5 16449 1 322.000000 878.000000 0 0 0 0 0 0 
2676191 5 16449 1 322.000000 876.000000 0 0 0 0 0 0 
2676191 5 16449 1 325.000000 869.000000 0 0 0 0 0 0 
2676192 5 16449 1 335.000000 858.000000 0 0 0 0 0 0 
2676192 5 16449 1 350.000000 845.000000 0 0 0 0 0 0 
2676192 5 16449 1 377.000000 830.000000 0 0 0 0 0 0 
2676192 5 16449 1 402.000000 817.000000 0 0 0 0 0 0 
2676192 5 16449 1 419.000000 807.000000 0 0 0 0 0 0 
2676192 5 16449 1 435.000000 799.000000 0 0 0 0 0 0 
2676193 5 16449 1 447.000000 792.000000 0 0 0 0 0 0 
2676193 5 16449 1 454.000000 787.000000 0 0 0 0 0 0 
2676193 5 16449 1 456.000000 784.000000 0 0 0 0 0 0 
2676193 5 16449 1 457.000000 784.000000 0 0 0 0 0 0 
2676193 5 16449 1 457.000000 783.000000 0 0 0 0 0 0 
2676196 1 16450 1 457.000000 783.000000 0 0 0 0 0 0 
2676197 2 16450 1 457.000000 783.000000 0 0 0 0 0 0 
2676198 1 16451 2 457.000000 783.000000 0 0 0 0 0 0 
2676199 2 16451 2 457.000000 783.000000 0 0 0 0 0 0 
2676212 5 16451 2 457.000000 784.000000 0 0 0 0 0 0 
2676212 5 16451 2 458.000000 784.000000 0 0 0 0 0 0 
2676212 5 16451 2 458.000000 785.000000 0 0 0 0 0 0 
2676213 5 16451 2 459.000000 785.000000 0 0 0 0 0 0 
2676213 5 16451 2 461.000000 784.000000 0 0 0 0 0 0 
2676213 5 16451 2 465.000000 780.000000 0 0 0 0 0 0 
2676213 5 16451 2 472.000000 773.000000 0 0 0 0 0 0 
2676213 5 16451 2 492.000000 762.000000 0 0 0 0 0 0 
2676213 5 16451 2 522.000000 746.000000 0 0 0 0 0 0 
2676214 5 16451 2 560.000000 732.000000 0 0 0 0 0 0 
2676214 5 16451 2 605.000000 713.000000 0 0 0 0 0 0 
2676214 5 16451 2 652.000000 694.000000 0 0 0 0 0 0 
2676214 5 16451 2 704.000000 674.000000 0 0 0 0 0 0 
2676214 5 16451 2 760.000000 653.000000 0 0 0 0 0 0 
2676214 5 16451 2 815.000000 638.000000 0 0 0 0 0 0 
2676215 5 16451 2 873.000000 625.000000 0 0 0 0 0 0 
2676215 5 16451 2 919.000000 620.000000 0 0 0 0 0 0 
2676215 5 16451 2 963.000000 615.000000 0 0 0 0 0 0 
2676215 5 16451 2 1003.000000 612.000000 0 0 0 0 0 0 
2676215 5 16451 2 1037.000000 612.000000 0 0 0 0 0 0 
2676215 5 16451 2 1067.000000 610.000000 0 0 0 0 0 0 
2676216 5 16451 2 1087.000000 610.000000 0 0 0 0 0 0 
2676216 5 16451 2 1099.000000 610.000000 0 0 0 0 0 0 
2676216 5 16451 2 1105.000000 610.000000 0 0 0 0 0 0 
2676216 5 16451 2 1108.000000 610.000000 0 0 0 0 0 0 
2676216 5 16451 2 1110.000000 611.000000 0 0 0 0 0 0 
2676217 5 16451 2 1114.000000 613.000000 0 0 0 0 0 0 
2676217 5 16451 2 1118.000000 615.000000 0 0 0 0 0 0 
2676219 1 16452 1 1118.000000 615.000000 0 0 0 0 0 0 
2676219 6 16452 1 1120.000000 616.000000 0 0 0 0 0 0 
2676220 2 16452 1 1120.000000 616.000000 0 0 0 0 0 0 
2676221 5 16452 1 1118.000000 614.000000 0 0 0 0 0 0 
2676221 5 16452 1 1116.000000 610.000000 0 0 0 0 0 0 
2676221 5 16452 1 1108.000000 601.000000 0 0 0 0 0 0 
2676221 5 16452 1 1099.000000 587.000000 0 0 0 0 0 0 
2676222 5 16452 1 1085.000000 570.000000 0 0 0 0 0 0 
2676222 5 16452 1 1073.000000 549.000000 0 0 0 0 0 0 
2676222 5 16452 1 1065.000000 521.000000 0 0 0 0 0 0 
2676222 5 16452 1 1055.000000 486.000000 0 0 0 0 0 0 
2676222 5 16452 1 1052.000000 453.000000 0 0 0 0 0 0 
2676222 5 16452 1 1049.000000 429.000000 0 0 0 0 0 0 
2676223 5 16452 1 1049.000000 412.000000 0 0 0 0 0 0 
2676223 5 16452 1 1053.000000 402.000000 0 0 0 0 0 0 
2676225 5 16452 1 1052.000000 395.000000 0 0 0 0 0 0 
2676225 5 16452 1 1050.000000 395.000000 0 0 0 0 0 0 
2676225 5 16452 1 1042.000000 399.000000 0 0 0 0 0 0 
2676225 5 16452 1 1029.000000 405.000000 0 0 0 0 0 0 
2676226 5 16452 1 1019.000000 409.000000 0 0 0 0 0 0 
2676226 5 16452 1 1011.000000 412.000000 0 0 0 0 0 0 
2676226 5 16452 1 1002.000000 414.000000 0 0 0 0 0 0 
2676226 5 16452 1 993.000000 417.000000 0 0 0 0 0 0 
2676226 5 16452 1 986.000000 419.000000 0 0 0 0 0 0 
2676226 5 16452 1 977.000000 421.000000 0 0 0 0 0 0 
2676227 5 16452 1 970.000000 423.000000 0 0 0 0 0 0 
2676227 5 16452 1 964.000000 424.000000 0 0 0 0 0 0 
2676227 5 16452 1 961.000000 425.000000 0 0 0 0 0 0 
2676227 5 16452 1 959.000000 425.000000 0 0 0 0 0 0 
2676228 5 16452 1 959.000000 426.000000 0 0 0 0 0 0 
2676228 5 16452 1 957.000000 426.000000 0 0 0 0 0 0 
2676228 5 16452 1 956.000000 427.000000 0 0 0 0 0 0 
2676228 5 16452 1 954.000000 429.000000 0 0 0 0 0 0 
2676228 5 16452 1 953.000000 430.000000 0 0 0 0 0 0 
2676229 5 16452 1 951.000000 431.000000 0 0 0 0 0 0 
2676229 5 16452 1 950.000000 432.000000 0 0 0 0 0 0 
2676229 5 16452 1 946.000000 432.000000 0 0 0 0 0 0 
2676229 5 16452 1 944.000000 433.000000 0 0 0 0 0 0 
2676229 5 16452 1 944.000000 434.000000 0 0 0 0 0 0 
2676230 5 16452 1 942.000000 434.000000 0 0 0 0 0 0 
2676230 5 16452 1 941.000000 434.000000 0 0 0 0 0 0 
2676230 5 16452 1 935.000000 436.000000 0 0 0 0 0 0 
2676230 5 16452 1 932.000000 437.000000 0 0 0 0 0 0 
2676231 5 16452 1 931.000000 437.000000 0 0 0 0 0 0 
2676231 5 16452 1 931.000000 438.000000 0 0 0 0 0 0 
2676231 5 16452 1 930.000000 438.000000 0 0 0 0 0 0 
2676231 5 16452 1 928.000000 438.000000 0 0 0 0 0 0 
2676231 5 16452 1 923.000000 438.000000 0 0 0 0 0 0 
2676232 5 16452 1 921.000000 438.000000 0 0 0 0 0 0 
2676232 5 16452 1 917.000000 438.000000 0 0 0 0 0 0 
2676232 5 16452 1 910.000000 438.000000 0 0 0 0 0 0 
2676232 5 16452 1 904.000000 439.000000 0 0 0 0 0 0 
2676232 5 16452 1 900.000000 439.000000 0 0 0 0 0 0 
2676232 5 16452 1 895.000000 440.000000 0 0 0 0 0 0 
2676233 5 16452 1 892.000000 441.000000 0 0 0 0 0 0 
2676233 5 16452 1 890.000000 441.000000 0 0 0 0 0 0 
2676233 5 16452 1 889.000000 441.000000 0 0 0 0 0 0 
2676234 1 16453 1 889.000000 441.000000 0 0 0 0 0 0 
2676235 2 16453 1 889.000000 441.000000 0 0 0 0 0 0 
2676236 1 16454 2 889.000000 441.000000 0 0 0 0 0 0 
2676237 6 16454 2 891.000000 441.000000 0 0 0 0 0 0 
2676237 6 16454 2 904.000000 441.000000 0 0 0 0 0 0 
2676237 6 16454 2 920.000000 437.000000 0 0 0 0 0 0 
2676238 6 16454 2 939.000000 434.000000 0 0 0 0 0 0 
2676238 6 16454 2 953.000000 432.000000 0 0 0 0 0 0 
2676238 6 16454 2 962.000000 430.000000 0 0 0 0 0 0 
2676242 6 16454 2 962.000000 431.000000 0 0 0 0 0 0 
2676242 6 16454 2 961.000000 432.000000 0 0 0 0 0 0 
2676242 6 16454 2 959.000000 432.000000 0 0 0 0 0 0 
2676242 6 16454 2 956.000000 435.000000 0 0 0 0 0 0 
2676243 6 16454 2 955.000000 436.000000 0 0 0 0 0 0 
2676243 6 16454 2 954.000000 436.000000 0 0 0 0 0 0 
2676243 6 16454 2 953.000000 437.000000 0 0 0 0 0 0 
2676244 6 16454 2 952.000000 437.000000 0 0 0 0 0 0 
2676244 6 16454 2 951.000000 437.000000 0 0 0 0 0 0 
2676244 6 16454 2 951.000000 438.000000 0 0 0 0 0 0 
2676244 6 16454 2 949.000000 438.000000 0 0 0 0 0 0 
2676247 2 16454 0 949.000000 438.000000 0 0 0 0 0 0 
2676271 5 16454 0 949.000000 439.000000 0 0 0 0 0 0 
2676274 5 16454 0 949.000000 440.000000 0 0 0 0 0 0 
2676275 5 16454 0 949.000000 441.000000 0 0 0 0 0 0 
2676275 5 16454 0 949.000000 442.000000 0 0 0 0 0 0 
2676276 5 16454 0 950.000000 442.000000 0 0 0 0 0 0 
2676276 5 16454 0 951.000000 442.000000 0 0 0 0 0 0 
2676276 5 16454 0 952.000000 442.000000 0 0 0 0 0 0 
2676277 5 16454 0 954.000000 442.000000 0 0 0 0 0 0 
2676277 5 16454 0 962.000000 442.000000 0 0 0 0 0 0 
2676277 5 16454 0 974.000000 442.000000 0 0 0 0 0 0 
2676277 5 16454 0 986.000000 442.000000 0 0 0 0 0 0 
2676277 5 16454 0 996.000000 442.000000 0 0 0 0 0 0 
2676277 5 16454 0 1002.000000 442.000000 0 0 0 0 0 0 
2676278 5 16454 0 1003.000000 442.000000 0 0 0 0 0 0 
2676286 1 16455 1 1003.000000 442.000000 0 0 0 0 0 0 
2676287 2 16455 1 1003.000000 442.000000 0 0 0 0 0 0 
2676289 5 16455 1 1000.000000 442.000000 0 0 0 0 0 0 
2676289 5 16455 1 994.000000 442.000000 0 0 0 0 0 0 
2676289 5 16455 1 990.000000 442.000000 0 0 0 0 0 0 
2676289 5 16455 1 986.000000 442.000000 0 0 0 0 0 0 
2676289 5 16455 1 983.000000 442.000000 0 0 0 0 0 0 
2676290 5 16455 1 982.000000 442.000000 0 0 0 0 0 0 
2676290 5 16455 1 981.000000 442.000000 0 0 0 0 0 0 
2676291 5 16455 1 980.000000 442.000000 0 0 0 0 0 0 
2676293 5 16455 1 981.000000 442.000000 0 0 0 0 0 0 
2676293 5 16455 1 991.000000 444.000000 0 0 0 0 0 0 
2676294 5 16455 1 1006.000000 446.000000 0 0 0 0 0 0 
2676294 5 16455 1 1020.000000 448.000000 0 0 0 0 0 0 
2676294 5 16455 1 1030.000000 449.000000 0 0 0 0 0 0 
2676294 5 16455 1 1035.000000 449.000000 0 0 0 0 0 0 
2676297 5 16455 1 1036.000000 449.000000 0 0 0 0 0 0 
2676297 5 16455 1 1040.000000 449.000000 0 0 0 0 0 0 
2676297 5 16455 1 1043.000000 448.000000 0 0 0 0 0 0 
2676297 5 16455 1 1049.000000 445.000000 0 0 0 0 0 0 
2676298 5 16455 1 1052.000000 444.000000 0 0 0 0 0 0 
2676298 5 16455 1 1055.000000 442.000000 0 0 0 0 0 0 
2676298 5 16455 1 1055.000000 441.000000 0 0 0 0 0 0 
2676299 5 16455 1 1057.000000 441.000000 0 0 0 0 0 0 
2676305 5 16455 1 1058.000000 441.000000 0 0 0 0 0 0 
2676305 5 16455 1 1060.000000 441.000000 0 0 0 0 0 0 
2676305 5 16455 1 1063.000000 441.000000 0 0 0 0 0 0 
2676305 5 16455 1 1073.000000 442.000000 0 0 0 0 0 0 
2676306 5 16455 1 1085.000000 442.000000 0 0 0 0 0 0 
2676306 5 16455 1 1097.000000 442.000000 0 0 0 0 0 0 
2676306 5 16455 1 1111.000000 442.000000 0 0 0 0 0 0 
2676306 5 16455 1 1123.000000 443.000000 0 0 0 0 0 0 
2676306 5 16455 1 1137.000000 443.000000 0 0 0 0 0 0 
2676306 5 16455 1 1149.000000 443.000000 0 0 0 0 0 0 
2676307 5 16455 1 1161.000000 443.000000 0 0 0 0 0 0 
2676307 5 16455 1 1173.000000 443.000000 0 0 0 0 0 0 
2676307 5 16455 1 1186.000000 443.000000 0 0 0 0 0 0 
2676307 5 16455 1 1202.000000 444.000000 0 0 0 0 0 0 
2676307 5 16455 1 1218.000000 444.000000 0 0 0 0 0 0 
2676307 5 16455 1 1235.000000 444.000000 0 0 0 0 0 0 
2676308 5 16455 1 1253.000000 444.000000 0 0 0 0 0 0 
2676308 5 16455 1 1267.000000 444.000000 0 0 0 0 0 0 
2676308 5 16455 1 1281.000000 445.000000 0 0 0 0 0 0 
2676308 5 16455 1 1297.000000 445.000000 0 0 0 0 0 0 
2676308 5 16455 1 1316.000000 445.000000 0 0 0 0 0 0 
2676308 5 16455 1 1336.000000 445.000000 0 0 0 0 0 0 
2676309 5 16455 1 1354.000000 445.000000 0 0 0 0 0 0 
2676309 5 16455 1 1368.000000 447.000000 0 0 0 0 0 0 
2676309 5 16455 1 1378.000000 447.000000 0 0 0 0 0 0 
2676309 5 16455 1 1381.000000 447.000000 0 0 0 0 0 0 
2676310 5 16455 1 1380.000000 447.000000 0 0 0 0 0 0 
2676310 5 16455 1 1378.000000 447.000000 0 0 0 0 0 0 
2676311 5 16455 1 1372.000000 447.000000 0 0 0 0 0 0 
2676311 5 16455 1 1360.000000 447.000000 0 0 0 0 0 0 
2676311 5 16455 1 1340.000000 447.000000 0 0 0 0 0 0 
2676311 5 16455 1 1312.000000 447.000000 0 0 0 0 0 0 
2676311 5 16455 1 1281.000000 447.000000 0 0 0 0 0 0 
2676311 5 16455 1 1258.000000 447.000000 0 0 0 0 0 0 
2676312 5 16455 1 1234.000000 447.000000 0 0 0 0 0 0 
2676312 5 16455 1 1206.000000 447.000000 0 0 0 0 0 0 
2676312 5 16455 1 1180.000000 448.000000 0 0 0 0 0 0 
2676312 5 16455 1 1162.000000 448.000000 0 0 0 0 0 0 
2676312 5 16455 1 1153.000000 449.000000 0 0 0 0 0 0 
2676313 5 16455 1 1157.000000 449.000000 0 0 0 0 0 0 
2676313 5 16455 1 1179.000000 449.000000 0 0 0 0 0 0 
2676313 5 16455 1 1213.000000 449.000000 0 0 0 0 0 0 
2676314 5 16455 1 1256.000000 448.000000 0 0 0 0 0 0 
2676314 5 16455 1 1300.000000 448.000000 0 0 0 0 0 0 
2676314 5 16455 1 1340.000000 447.000000 0 0 0 0 0 0 
2676314 5 16455 1 1370.000000 447.000000 0 0 0 0 0 0 
2676314 5 16455 1 1382.000000 446.000000 0 0 0 0 0 0 
2676315 5 16455 1 1383.000000 445.000000 0 0 0 0 0 0 
2676315 5 16455 1 1381.000000 445.000000 0 0 0 0 0 0 
2676315 5 16455 1 1373.000000 445.000000 0 0 0 0 0 0 
2676315 5 16455 1 1350.000000 445.000000 0 0 0 0 0 0 
2676315 5 16455 1 1314.000000 445.000000 0 0 0 0 0 0 
2676315 5 16455 1 1274.000000 445.000000 0 0 0 0 0 0 
2676316 5 16455 1 1230.000000 446.000000 0 0 0 0 0 0 
2676316 5 16455 1 1190.000000 446.000000 0 0 0 0 0 0 
2676316 5 16455 1 1166.000000 446.000000 0 0 0 0 0 0 
2676316 5 16455 1 1156.000000 446.000000 0 0 0 0 0 0 
2676317 5 16455 1 1157.000000 446.000000 0 0 0 0 0 0 
2676317 5 16455 1 1167.000000 447.000000 0 0 0 0 0 0 
2676317 5 16455 1 1185.000000 447.000000 0 0 0 0 0 0 
2676317 5 16455 1 1198.000000 447.000000 0 0 0 0 0 0 
2676318 5 16455 1 1194.000000 447.000000 0 0 0 0 0 0 
2676318 5 16455 1 1184.000000 447.000000 0 0 0 0 0 0 
2676318 5 16455 1 1162.000000 447.000000 0 0 0 0 0 0 
2676318 5 16455 1 1133.000000 449.000000 0 0 0 0 0 0 
2676318 5 16455 1 1099.000000 450.000000 0 0 0 0 0 0 
2676319 5 16455 1 1073.000000 450.000000 0 0 0 0 0 0 
2676319 5 16455 1 1042.000000 452.000000 0 0 0 0 0 0 
2676319 5 16455 1 1027.000000 452.000000 0 0 0 0 0 0 
2676319 5 16455 1 1022.000000 452.000000 0 0 0 0 0 0 
2676320 5 16455 1 1024.000000 452.000000 0 0 0 0 0 0 
2676320 5 16455 1 1036.000000 452.000000 0 0 0 0 0 0 
2676320 5 16455 1 1054.000000 450.000000 0 0 0 0 0 0 
2676320 5 16455 1 1077.000000 450.000000 0 0 0 0 0 0 
2676320 5 16455 1 1111.000000 449.000000 0 0 0 0 0 0 
2676320 5 16455 1 1151.000000 449.000000 0 0 0 0 0 0 
2676321 5 16455 1 1182.000000 447.000000 0 0 0 0 0 0 
2676321 5 16455 1 1192.000000 447.000000 0 0 0 0 0 0 
2676321 5 16455 1 1190.000000 447.000000 0 0 0 0 0 0 
2676321 5 16455 1 1172.000000 447.000000 0 0 0 0 0 0 
2676322 5 16455 1 1142.000000 448.000000 0 0 0 0 0 0 
2676322 5 16455 1 1113.000000 449.000000 0 0 0 0 0 0 
2676322 5 16455 1 1091.000000 450.000000 0 0 0 0 0 0 
2676322 5 16455 1 1075.000000 450.000000 0 0 0 0 0 0 
2676322 5 16455 1 1069.000000 450.000000 0 0 0 0 0 0 
2676323 5 16455 1 1070.000000 450.000000 0 0 0 0 0 0 
2676323 5 16455 1 1076.000000 450.000000 0 0 0 0 0 0 
2676323 5 16455 1 1091.000000 450.000000 0 0 0 0 0 0 
2676323 5 16455 1 1106.000000 448.000000 0 0 0 0 0 0 
2676324 5 16455 1 1120.000000 447.000000 0 0 0 0 0 0 
2676324 5 16455 1 1134.000000 447.000000 0 0 0 0 0 0 
2676324 5 16455 1 1147.000000 446.000000 0 0 0 0 0 0 
2676324 5 16455 1 1150.000000 445.000000 0 0 0 0 0 0 
2676325 5 16455 1 1149.000000 445.000000 0 0 0 0 0 0 
2676325 5 16455 1 1140.000000 445.000000 0 0 0 0 0 0 
2676326 5 16455 1 1122.000000 447.000000 0 0 0 0 0 0 
2676326 5 16455 1 1098.000000 451.000000 0 0 0 0 0 0 
2676326 5 16455 1 1065.000000 459.000000 0 0 0 0 0 0 
2676326 5 16455 1 1020.000000 469.000000 0 0 0 0 0 0 
2676326 5 16455 1 974.000000 478.000000 0 0 0 0 0 0 
2676326 5 16455 1 919.000000 488.000000 0 0 0 0 0 0 
2676327 5 16455 1 870.000000 505.000000 0 0 0 0 0 0 
2676327 5 16455 1 823.000000 523.000000 0 0 0 0 0 0 
2676327 5 16455 1 768.000000 535.000000 0 0 0 0 0 0 
2676327 5 16455 1 720.000000 543.000000 0 0 0 0 0 0 
2676327 5 16455 1 672.000000 553.000000 0 0 0 0 0 0 
2676327 5 16455 1 625.000000 566.000000 0 0 0 0 0 0 
2676328 5 16455 1 580.000000 579.000000 0 0 0 0 0 0 
2676328 5 16455 1 545.000000 585.000000 0 0 0 0 0 0 
2676328 5 16455 1 516.000000 590.000000 0 0 0 0 0 0 
2676328 5 16455 1 493.000000 591.000000 0 0 0 0 0 0 
2676328 5 16455 1 477.000000 592.000000 0 0 0 0 0 0 
2676328 5 16455 1 464.000000 593.000000 0 0 0 0 0 0 
2676329 5 16455 1 450.000000 593.000000 0 0 0 0 0 0 
2676329 5 16455 1 434.000000 595.000000 0 0 0 0 0 0 
2676329 5 16455 1 424.000000 596.000000 0 0 0 0 0 0 
2676329 5 16455 1 413.000000 598.000000 0 0 0 0 0 0 
2676329 5 16455 1 404.000000 599.000000 0 0 0 0 0 0 
2676329 5 16455 1 394.000000 600.000000 0 0 0 0 0 0 
2676330 5 16455 1 391.000000 600.000000 0 0 0 0 0 0 
2676330 5 16455 1 390.000000 600.000000 0 0 0 0 0 0 
2676330 5 16455 1 389.000000 600.000000 0 0 0 0 0 0 
2676331 5 16455 1 387.000000 600.000000 0 0 0 0 0 0 
2676331 5 16455 1 386.000000 601.000000 0 0 0 0 0 0 
2676331 5 16455 1 379.000000 601.000000 0 0 0 0 0 0 
2676331 5 16455 1 372.000000 602.000000 0 0 0 0 0 0 
2676331 5 16455 1 370.000000 602.000000 0 0 0 0 0 0 
2676331 5 16455 1 369.000000 602.000000 0 0 0 0 0 0 
2676332 5 16455 1 368.000000 602.000000 0 0 0 0 0 0 
2676332 1 16456 1 368.000000 602.000000 0 0 0 0 0 0 
2676333 2 16456 1 368.000000 602.000000 0 0 0 0 0 0 
2676336 5 16456 1 369.000000 602.000000 0 0 0 0 0 0 
2676336 5 16456 1 369.000000 603.000000 0 0 0 0 0 0 
2676336 5 16456 1 370.000000 603.000000 0 0 0 0 0 0 
2676337 12 0 0 370.000000 603.000000 1 0 0 0 0 0 
2676338 5 16456 1 371.000000 603.000000 1 0 0 0 0 0 
2676338 5 16456 1 374.000000 603.000000 1 0 0 0 0 0 
2676338 5 16456 1 385.000000 606.000000 1 0 0 0 0 0 
2676338 5 16456 1 394.000000 609.000000 1 0 0 0 0 0 
2676338 5 16456 1 416.000000 627.000000 1 0 0 0 0 0 
2676338 5 16456 1 433.000000 648.000000 1 0 0 0 0 0 
2676339 5 16456 1 451.000000 676.000000 1 0 0 0 0 0 
2676339 5 16456 1 472.000000 707.000000 1 0 0 0 0 0 
2676339 5 16456 1 485.000000 733.000000 1 0 0 0 0 0 
2676339 5 16456 1 495.000000 755.000000 1 0 0 0 0 0 
2676339 5 16456 1 498.000000 771.000000 1 0 0 0 0 0 
2676339 5 16456 1 499.000000 780.000000 1 0 0 0 0 0 
2676340 5 16456 1 499.000000 783.000000 1 0 0 0 0 0 
2676340 5 16456 1 499.000000 782.000000 1 0 0 0 0 0 
2676340 5 16456 1 499.000000 776.000000 1 0 0 0 0 0 
2676341 5 16456 1 502.000000 765.000000 1 0 0 0 0 0 
2676341 5 16456 1 512.000000 752.000000 1 0 0 0 0 0 
2676341 5 16456 1 534.000000 736.000000 1 0 0 0 0 0 
2676341 5 16456 1 559.000000 724.000000 1 0 0 0 0 0 
2676341 5 16456 1 578.000000 717.000000 1 0 0 0 0 0 
2676341 5 16456 1 591.000000 715.000000 1 0 0 0 0 0 
2676342 5 16456 1 601.000000 715.000000 1 0 0 0 0 0 
2676342 5 16456 1 609.000000 715.000000 1 0 0 0 0 0 
2676342 5 16456 1 614.000000 721.000000 1 0 0 0 0 0 
2676342 5 16456 1 615.000000 726.000000 1 0 0 0 0 0 
2676342 5 16456 1 613.000000 734.000000 1 0 0 0 0 0 
2676342 5 16456 1 603.000000 740.000000 1 0 0 0 0 0 
2676343 5 16456 1 590.000000 745.000000 1 0 0 0 0 0 
2676343 5 16456 1 575.000000 748.000000 1 0 0 0 0 0 
2676343 5 16456 1 559.000000 748.000000 1 0 0 0 0 0 
2676343 5 16456 1 543.000000 748.000000 1 0 0 0 0 0 
2676343 5 16456 1 526.000000 744.000000 1 0 0 0 0 0 
2676343 5 16456 1 517.000000 740.000000 1 0 0 0 0 0 
2676344 5 16456 1 512.000000 736.000000 1 0 0 0 0 0 
2676344 5 16456 1 511.000000 735.000000 1 0 0 0 0 0 
2676344 5 16456 1 511.000000 733.000000 1 0 0 0 0 0 
2676344 5 16456 1 516.000000 729.000000 1 0 0 0 0 0 
2676344 5 16456 1 528.000000 722.000000 1 0 0 0 0 0 
2676344 5 16456 1 545.000000 716.000000 1 0 0 0 0 0 
2676345 5 16456 1 569.000000 714.000000 1 0 0 0 0 0 
2676345 5 16456 1 598.000000 715.000000 1 0 0 0 0 0 
2676345 5 16456 1 629.000000 723.000000 1 0 0 0 0 0 
2676345 5 16456 1 652.000000 732.000000 1 0 0 0 0 0 
2676345 5 16456 1 660.000000 737.000000 1 0 0 0 0 0 
2676345 5 16456 1 662.000000 741.000000 1 0 0 0 0 0 
2676346 5 16456 1 661.000000 746.000000 1 0 0 0 0 0 
2676346 5 16456 1 650.000000 752.000000 1 0 0 0 0 0 
2676346 5 16456 1 632.000000 754.000000 1 0 0 0 0 0 
2676346 5 16456 1 611.000000 754.000000 1 0 0 0 0 0 
2676346 5 16456 1 593.000000 754.000000 1 0 0 0 0 0 
2676346 5 16456 1 585.000000 750.000000 1 0 0 0 0 0 
2676347 5 16456 1 583.000000 749.000000 1 0 0 0 0 0 
2676347 5 16456 1 582.000000 745.000000 1 0 0 0 0 0 
2676347 5 16456 1 582.000000 741.000000 1 0 0 0 0 0 
2676347 5 16456 1 583.000000 730.000000 1 0 0 0 0 0 
2676347 5 16456 1 597.000000 713.000000 1 0 0 0 0 0 
2676347 5 16456 1 627.000000 696.000000 1 0 0 0 0 0 
2676348 5 16456 1 665.000000 677.000000 1 0 0 0 0 0 
2676348 5 16456 1 708.000000 662.000000 1 0 0 0 0 0 
2676348 5 16456 1 734.000000 657.000000 1 0 0 0 0 0 
2676350 12 0 0 734.000000 657.000000 0 0 0 0 0 0 
2676352 5 16456 1 736.000000 655.000000 0 0 0 0 0 0 
2676355 12 0 0 736.000000 655.000000 0 1 0 0 0 0 
2676355 5 16456 1 735.000000 655.000000 0 1 0 0 0 0 
2676355 5 16456 1 731.000000 656.000000 0 1 0 0 0 0 
2676355 5 16456 1 720.000000 658.000000 0 1 0 0 0 0 
2676355 5 16456 1 706.000000 660.000000 0 1 0 0 0 0 
2676356 5 16456 1 688.000000 661.000000 0 1 0 0 0 0 
2676356 5 16456 1 668.000000 661.000000 0 1 0 0 0 0 
2676356 5 16456 1 652.000000 661.000000 0 1 0 0 0 0 
2676356 5 16456 1 634.000000 656.000000 0 1 0 0 0 0 
2676356 5 16456 1 622.000000 650.000000 0 1 0 0 0 0 
2676356 5 16456 1 620.000000 648.000000 0 1 0 0 0 0 
2676357 5 16456 1 620.000000 647.000000 0 1 0 0 0 0 
2676357 5 16456 1 621.000000 646.000000 0 1 0 0 0 0 
2676357 5 16456 1 635.000000 642.000000 0 1 0 0 0 0 
2676357 5 16456 1 658.000000 640.000000 0 1 0 0 0 0 
2676358 5 16456 1 691.000000 641.000000 0 1 0 0 0 0 
2676358 5 16456 1 724.000000 650.000000 0 1 0 0 0 0 
2676358 5 16456 1 752.000000 664.000000 0 1 0 0 0 0 
2676358 5 16456 1 763.000000 675.000000 0 1 0 0 0 0 
2676358 5 16456 1 764.000000 683.000000 0 1 0 0 0 0 
2676358 5 16456 1 760.000000 693.000000 0 1 0 0 0 0 
2676359 5 16456 1 743.000000 706.000000 0 1 0 0 0 0 
2676359 5 16456 1 718.000000 716.000000 0 1 0 0 0 0 
2676359 5 16456 1 692.000000 724.000000 0 1 0 0 0 0 
2676359 5 16456 1 667.000000 727.000000 0 1 0 0 0 0 
2676359 5 16456 1 647.000000 727.000000 0 1 0 0 0 0 
2676359 5 16456 1 640.000000 727.000000 0 1 0 0 0 0 
2676360 5 16456 1 637.000000 725.000000 0 1 0 0 0 0 
2676360 5 16456 1 637.000000 724.000000 0 1 0 0 0 0 
2676360 5 16456 1 637.000000 721.000000 0 1 0 0 0 0 
2676360 5 16456 1 641.000000 713.000000 0 1 0 0 0 0 
2676360 5 16456 1 654.000000 702.000000 0 1 0 0 0 0 
2676360 5 16456 1 679.000000 691.000000 0 1 0 0 0 0 
2676361 5 16456 1 704.000000 680.000000 0 1 0 0 0 0 
2676361 5 16456 1 724.000000 675.000000 0 1 0 0 0 0 
2676361 5 16456 1 731.000000 674.000000 0 1 0 0 0 0 
2676361 5 16456 1 732.000000 674.000000 0 1 0 0 0 0 
2676361 12 0 0 732.000000 674.000000 0 0 0 0 0 0 
2676363 12 0 0 732.000000 674.000000 1 0 0 0 0 0 
2676363 12 0 0 732.000000 674.000000 1 1 0 0 0 0 
2676371 5 16456 1 730.000000 674.000000 1 1 0 0 0 0 
2676371 5 16456 1 728.000000 674.000000 1 1 0 0 0 0 
2676371 5 16456 1 724.000000 676.000000 1 1 0 0 0 0 
2676371 5 16456 1 717.000000 679.000000 1 1 0 0 0 0 
2676371 5 16456 1 708.000000 680.000000 1 1 0 0 0 0 
2676371 5 16456 1 702.000000 680.000000 1 1 0 0 0 0 
2676372 5 16456 1 699.000000 680.000000 1 1 0 0 0 0 
2676372 5 16456 1 693.000000 680.000000 1 1 0 0 0 0 
2676372 5 16456 1 686.000000 679.000000 1 1 0 0 0 0 
2676372 12 0 0 686.000000 679.000000 1 1 0 1 0 0 
2676372 5 16456 1 684.000000 677.000000 1 1 0 1 0 0 
2676372 5 16456 1 684.000000 676.000000 1 1 0 1 0 0 
2676373 5 16456 1 690.000000 672.000000 1 1 0 1 0 0 
2676373 5 16456 1 705.000000 669.000000 1 1 0 1 0 0 
2676373 5 16456 1 725.000000 667.000000 1 1 0 1 0 0 
2676373 5 16456 1 761.000000 668.000000 1 1 0 1 0 0 
2676373 5 16456 1 808.000000 684.000000 1 1 0 1 0 0 
2676373 5 16456 1 848.000000 707.000000 1 1 0 1 0 0 
2676374 5 16456 1 867.000000 734.000000 1 1 0 1 0 0 
2676374 5 16456 1 872.000000 754.000000 1 1 0 1 0 0 
2676374 5 16456 1 863.000000 770.000000 1 1 0 1 0 0 
2676374 5 16456 1 841.000000 785.000000 1 1 0 1 0 0 
2676374 5 16456 1 812.000000 797.000000 1 1 0 1 0 0 
2676374 5 16456 1 773.000000 805.000000 1 1 0 1 0 0 
2676375 5 16456 1 740.000000 805.000000 1 1 0 1 0 0 
2676375 5 16456 1 725.000000 804.000000 1 1 0 1 0 0 
2676375 5 16456 1 724.000000 803.000000 1 1 0 1 0 0 
2676375 5 16456 1 724.000000 800.000000 1 1 0 1 0 0 
2676375 5 16456 1 724.000000 794.000000 1 1 0 1 0 0 
2676375 5 16456 1 724.000000 786.000000 1 1 0 1 0 0 
2676376 5 16456 1 725.000000 779.000000 1 1 0 1 0 0 
2676376 5 16456 1 730.000000 771.000000 1 1 0 1 0 0 
2676376 5 16456 1 739.000000 764.000000 1 1 0 1 0 0 
2676376 5 16456 1 754.000000 758.000000 1 1 0 1 0 0 
2676376 5 16456 1 774.000000 757.000000 1 1 0 1 0 0 
2676376 5 16456 1 792.000000 757.000000 1 1 0 1 0 0 
2676377 5 16456 1 802.000000 759.000000 1 1 0 1 0 0 
2676377 5 16456 1 804.000000 760.000000 1 1 0 1 0 0 
2676377 5 16456 1 804.000000 761.000000 1 1 0 1 0 0 
2676377 5 16456 1 804.000000 763.000000 1 1 0 1 0 0 
2676377 5 16456 1 800.000000 767.000000 1 1 0 1 0 0 
2676377 5 16456 1 786.000000 774.000000 1 1 0 1 0 0 
2676378 5 16456 1 762.000000 778.000000 1 1 0 1 0 0 
2676378 5 16456 1 730.000000 778.000000 1 1 0 1 0 0 
2676378 5 16456 1 692.000000 776.000000 1 1 0 1 0 0 
2676378 5 16456 1 659.000000 771.000000 1 1 0 1 0 0 
2676378 5 16456 1 633.000000 763.000000 1 1 0 1 0 0 
2676378 5 16456 1 623.000000 756.000000 1 1 0 1 0 0 
2676379 5 16456 1 619.000000 749.000000 1 1 0 1 0 0 
2676379 5 16456 1 618.000000 744.000000 1 1 0 1 0 0 
2676379 5 16456 1 618.000000 740.000000 1 1 0 1 0 0 
2676379 5 16456 1 621.000000 735.000000 1 1 0 1 0 0 
2676379 5 16456 1 629.000000 731.000000 1 1 0 1 0 0 
2676379 5 16456 1 638.000000 730.000000 1 1 0 1 0 0 
2676380 5 16456 1 644.000000 733.000000 1 1 0 1 0 0 
2676380 5 16456 1 645.000000 734.000000 1 1 0 1 0 0 
2676380 5 16456 1 645.000000 736.000000 1 1 0 1 0 0 
2676380 5 16456 1 641.000000 743.000000 1 1 0 1 0 0 
2676380 5 16456 1 632.000000 754.000000 1 1 0 1 0 0 
2676380 5 16456 1 617.000000 766.000000 1 1 0 1 0 0 
2676381 5 16456 1 601.000000 776.000000 1 1 0 1 0 0 
2676381 5 16456 1 583.000000 790.000000 1 1 0 1 0 0 
2676381 5 16456 1 574.000000 806.000000 1 1 0 1 0 0 
2676381 5 16456 1 566.000000 820.000000 1 1 0 1 0 0 
2676381 5 16456 1 562.000000 833.000000 1 1 0 1 0 0 
2676381 5 16456 1 558.000000 840.000000 1 1 0 1 0 0 
2676382 5 16456 1 556.000000 847.000000 1 1 0 1 0 0 
2676382 5 16456 1 554.000000 854.000000 1 1 0 1 0 0 
2676382 5 16456 1 551.000000 862.000000 1 1 0 1 0 0 
2676382 5 16456 1 549.000000 868.000000 1 1 0 1 0 0 
2676382 5 16456 1 543.000000 879.000000 1 1 0 1 0 0 
2676382 5 16456 1 533.000000 891.000000 1 1 0 1 0 0 
2676383 5 16456 1 524.000000 897.000000 1 1 0 1 0 0 
2676383 5 16456 1 520.000000 899.000000 1 1 0 1 0 0 
2676383 5 16456 1 519.000000 899.000000 1 1 0 1 0 0 
2676384 5 16456 1 520.000000 900.000000 1 1 0 1 0 0 
2676384 5 16456 1 532.000000 905.000000 1 1 0 1 0 0 
2676384 5 16456 1 540.000000 911.000000 1 1 0 1 0 0 
2676384 5 16456 1 542.000000 914.000000 1 1 0 1 0 0 
2676384 5 16456 1 541.000000 915.000000 1 1 0 1 0 0 
2676385 5 16456 1 539.000000 915.000000 1 1 0 1 0 0 
2676385 5 16456 1 533.000000 915.000000 1 1 0 1 0 0 
2676385 5 16456 1 530.000000 915.000000 1 1 0 1 0 0 
2676385 5 16456 1 530.000000 916.000000 1 1 0 1 0 0 
2676385 5 16456 1 529.000000 916.000000 1 1 0 1 0 0 
2676386 5 16456 1 529.000000 917.000000 1 1 0 1 0 0 
2676386 5 16456 1 529.000000 918.000000 1 1 0 1 0 0 
2676386 5 16456 1 528.000000 918.000000 1 1 0 1 0 0 
2676386 5 16456 1 528.000000 919.000000 1 1 0 1 0 0 
2676386 5 16456 1 527.000000 919.000000 1 1 0 1 0 0 
2676387 5 16456 1 525.000000 919.000000 1 1 0 1 0 0 
2676387 5 16456 1 523.000000 919.000000 1 1 0 1 0 0 
2676387 5 16456 1 521.000000 919.000000 1 1 0 1 0 0 
2676388 5 16456 1 522.000000 919.000000 1 1 0 1 0 0 
2676388 5 16456 1 528.000000 919.000000 1 1 0 1 0 0 
2676388 5 16456 1 544.000000 919.000000 1 1 0 1 0 0 
2676388 5 16456 1 556.000000 919.000000 1 1 0 1 0 0 
2676389 5 16456 1 555.000000 918.000000 1 1 0 1 0 0 
2676389 5 16456 1 547.000000 916.000000 1 1 0 1 0 0 
2676389 5 16456 1 538.000000 914.000000 1 1 0 1 0 0 
2676389 5 16456 1 527.000000 913.000000 1 1 0 1 0 0 
2676390 5 16456 1 521.000000 913.000000 1 1 0 1 0 0 
2676390 5 16456 1 517.000000 913.000000 1 1 0 1 0 0 
2676391 5 16456 1 524.000000 913.000000 1 1 0 1 0 0 
2676391 5 16456 1 542.000000 913.000000 1 1 0 1 0 0 
2676391 5 16456 1 558.000000 915.000000 1 1 0 1 0 0 
2676392 5 16456 1 557.000000 916.000000 1 1 0 1 0 0 
2676392 5 16456 1 555.000000 916.000000 1 1 0 1 0 0 
2676392 5 16456 1 552.000000 915.000000 1 1 0 1 0 0 
2676392 5 16456 1 547.000000 914.000000 1 1 0 1 0 0 
2676392 5 16456 1 538.000000 913.000000 1 1 0 1 0 0 
2676392 5 16456 1 532.000000 912.000000 1 1 0 1 0 0 
2676393 5 16456 1 525.000000 911.000000 1 1 0 1 0 0 
2676393 5 16456 1 523.000000 911.000000 1 1 0 1 0 0 
2676393 5 16456 1 521.000000 911.000000 1 1 0 1 0 0 
2676394 5 16456 1 522.000000 910.000000 1 1 0 1 0 0 
2676394 5 16456 1 527.000000 910.000000 1 1 0 1 0 0 
2676394 5 16456 1 525.000000 910.000000 1 1 0 1 0 0 
2676394 5 16456 1 521.000000 910.000000 1 1 0 1 0 0 
2676395 5 16456 1 512.000000 908.000000 1 1 0 1 0 0 
2676395 5 16456 1 505.000000 907.000000 1 1 0 1 0 0 
2676395 12 0 0 505.000000 907.000000 1 1 0 0 0 0 
2676395 5 16456 1 500.000000 906.000000 1 1 0 0 0 0 
2676395 12 0 0 500.000000 906.000000 0 1 0 0 0 0 
2676395 5 16456 1 497.000000 905.000000 0 1 0 0 0 0 
2676395 12 0 0 497.000000 905.000000 0 0 0 0 0 0 
2676396 5 16456 1 498.000000 905.000000 0 0 0 0 0 0 
2676396 5 16456 1 510.000000 904.000000 0 0 0 0 0 0 
2676396 5 16456 1 526.000000 904.000000 0 0 0 0 0 0 
2676396 5 16456 1 542.000000 904.000000 0 0 0 0 0 0 
2676397 5 16456 1 554.000000 904.000000 0 0 0 0 0 0 
2676397 5 16456 1 568.000000 901.000000 0 0 0 0 0 0 
2676397 5 16456 1 581.000000 898.000000 0 0 0 0 0 0 
2676397 5 16456 1 601.000000 892.000000 0 0 0 0 0 0 
2676397 5 16456 1 623.000000 887.000000 0 0 0 0 0 0 
2676397 5 16456 1 636.000000 884.000000 0 0 0 0 0 0 
2676399 5 16456 1 636.000000 883.000000 0 0 0 0 0 0 
2676403 5 16456 1 636.000000 882.000000 0 0 0 0 0 0 
2676404 5 16456 1 636.000000 881.000000 0 0 0 0 0 0 
2676407 5 16456 1 635.000000 881.000000 0 0 0 0 0 0 
2676407 5 16456 1 635.000000 880.000000 0 0 0 0 0 0 
2676408 5 16456 1 634.000000 878.000000 0 0 0 0 0 0 
2676408 5 16456 1 634.000000 875.000000 0 0 0 0 0 0 
2676408 5 16456 1 634.000000 874.000000 0 0 0 0 0 0 
2676408 5 16456 1 633.000000 874.000000 0 0 0 0 0 0 
2676408 5 16456 1 633.000000 872.000000 0 0 0 0 0 0 
2676409 5 16456 1 633.000000 870.000000 0 0 0 0 0 0 
2676409 5 16456 1 634.000000 868.000000 0 0 0 0 0 0 
2676409 5 16456 1 636.000000 866.000000 0 0 0 0 0 0 
2676409 5 16456 1 636.000000 863.000000 0 0 0 0 0 0 
2676409 5 16456 1 638.000000 859.000000 0 0 0 0 0 0 
2676410 5 16456 1 638.000000 858.000000 0 0 0 0 0 0 
2676411 22 0 0 638.000000 858.000000 0 0 0 0 0 -1 
2676411 5 16456 1 639.000000 858.000000 0 0 0 0 0 0 
2676411 22 0 0 639.000000 858.000000 0 0 0 0 0 -1 
2676411 22 0 0 639.000000 858.000000 0 0 0 0 0 -3 
2676412 22 0 0 639.000000 858.000000 0 0 0 0 0 -4 
2676412 22 0 0 639.000000 858.000000 0 0 0 0 0 -5 
2676412 22 0 0 639.000000 858.000000 0 0 0 0 0 -5 
2676415 22 0 0 639.000000 858.000000 0 0 0 0 0 1 
2676415 22 0 0 639.000000 858.000000 0 0 0 0 0 1 
2676415 22 0 0 639.000000 858.000000 0 0 0 0 0 3 
2676416 22 0 0 639.000000 858.000000 0 0 0 0 0 4 
2676416 22 0 0 639.000000 858.000000 0 0 0 0 0 4 
2676418 22 0 0 639.000000 858.000000 0 0 0 0 0 -1 
2676418 22 0 0 639.000000 858.000000 0 0 0 0 0 -1 
2676419 22 0 0 639.000000 858.000000 0 0 0 0 0 -3 
2676419 22 0 0 639.000000 858.000000 0 0 0 0 0 -4 
2676419 22 0 0 639.000000 858.000000 0 0 0 0 0 -5 
2676419 22 0 0 639.000000 858.000000 0 0 0 0 0 -5 
2676420 5 16456 1 639.000000 857.000000 0 0 0 0 0 0 
2676421 22 0 0 639.000000 857.000000 0 0 0 0 0 1 
2676421 22 0 0 639.000000 857.000000 0 0 0 0 0 1 
2676421 22 0 0 639.000000 857.000000 0 0 0 0 0 3 
2676421 22 0 0 639.000000 857.000000 0 0 0 0 0 4 
2676422 22 0 0 639.000000 857.000000 0 0 0 0 0 -1 
2676422 5 16456 1 639.000000 858.000000 0 0 0 0 0 0 
2676423 22 0 0 639.000000 858.000000 0 0 0 0 0 -1 
2676423 5 16456 1 638.000000 858.000000 0 0 0 0 0 0 
2676423 22 0 0 638.000000 858.000000 0 0 0 0 0 -3 
2676423 22 0 0 638.000000 858.000000 0 0 0 0 0 -4 
2676423 22 0 0 638.000000 858.000000 0 0 0 0 0 -4 
2676427 22 0 0 638.000000 858.000000 0 0 0 0 0 -2 
2676427 22 0 0 638.000000 858.000000 0 0 0 0 0 -3 
2676427 22 0 0 638.000000 858.000000 0 0 0 0 0 -4 
2676427 22 0 0 638.000000 858.000000 0 0 0 0 0 -6 
2676427 22 0 0 638.000000 858.000000 0 0 0 0 0 -6 
2676427 22 0 0 638.000000 858.000000 0 0 0 0 0 -6 
2676431 22 0 0 638.000000 858.000000 0 0 0 0 0 -4 
2676431 22 0 0 638.000000 858.000000 0 0 0 0 0 -4 
2676431 22 0 0 638.000000 858.000000 0 0 0 0 0 -6 
2676431 22 0 0 638.000000 858.000000 0 0 0 0 0 -7 
2676431 22 0 0 638.000000 858.000000 0 0 0 0 0 -7 
2676431 22 0 0 638.000000 858.000000 0 0 0 0 0 -7 
2676432 22 0 0 638.000000 858.000000 0 0 0 0 0 -6 
2676435 22 0 0 638.000000 858.000000 0 0 0 0 0 -4 
2676435 22 0 0 638.000000 858.000000 0 0 0 0 0 -6 
2676435 22 0 0 638.000000 858.000000 0 0 0 0 0 -6 
2676435 22 0 0 638.000000 858.000000 0 0 0 0 0 -6 
2676435 22 0 0 638.000000 858.000000 0 0 0 0 0 -6 
2676435 22 0 0 638.000000 858.000000 0 0 0 0 0 -6 
2676436 22 0 0 638.000000 858.000000 0 0 0 0 0 -6 
2676439 5 16456 1 637.000000 858.000000 0 0 0 0 0 0 
2676439 22 0 0 637.000000 858.000000 0 0 0 0 0 -4 
2676439 22 0 0 637.000000 858.000000 0 0 0 0 0 -6 
2676439 22 0 0 637.000000 858.000000 0 0 0 0 0 -6 
2676439 22 0 0 637.000000 858.000000 0 0 0 0 0 -7 
2676439 22 0 0 637.000000 858.000000 0 0 0 0 0 -6 
2676440 22 0 0 637.000000 858.000000 0 0 0 0 0 -6 
2676446 5 16456 1 637.000000 859.000000 0 0 0 0 0 0 
2676446 5 16456 1 636.000000 859.000000 0 0 0 0 0 0 
2676447 5 16456 1 635.000000 861.000000 0 0 0 0 0 0 
2676452 5 16456 1 634.000000 861.000000 0 0 0 0 0 0 
2676452 5 16456 1 633.000000 861.000000 0 0 0 0 0 0 
2676452 5 16456 1 630.000000 861.000000 0 0 0 0 0 0 
2676452 5 16456 1 627.000000 861.000000 0 0 0 0 0 0 
2676452 5 16456 1 623.000000 861.000000 0 0 0 0 0 0 
2676452 5 16456 1 620.000000 861.000000 0 0 0 0 0 0 
2676453 5 16456 1 619.000000 861.000000 0 0 0 0 0 0 
2676453 5 16456 1 618.000000 861.000000 0 0 0 0 0 0 
2676453 5 16456 1 617.000000 861.000000 0 0 0 0 0 0 
2676453 5 16456 1 616.000000 861.000000 0 0 0 0 0 0 
2676454 5 16456 1 615.000000 861.000000 0 0 0 0 0 0 
2676455 5 16456 1 614.000000 861.000000 0 0 0 0 0 0 
2676455 5 16456 1 613.000000 861.000000 0 0 0 0 0 0 
2676455 5 16456 1 612.000000 861.000000 0 0 0 0 0 0 
2676456 5 16456 1 611.000000 860.000000 0 0 0 0 0 0 
2676456 5 16456 1 609.000000 859.000000 0 0 0 0 0 0 
2676456 5 16456 1 605.000000 857.000000 0 0 0 0 0 0 
2676456 5 16456 1 602.000000 855.000000 0 0 0 0 0 0 
2676456 5 16456 1 599.000000 854.000000 0 0 0 0 0 0 
2676457 5 16456 1 598.000000 853.000000 0 0 0 0 0 0 
2676457 5 16456 1 597.000000 853.000000 0 0 0 0 0 0 
2676457 5 16456 1 597.000000 852.000000 0 0 0 0 0 0 
2676457 5 16456 1 595.000000 852.000000 0 0 0 0 0 0 
2676457 5 16456 1 594.000000 850.000000 0 0 0 0 0 0 
2676458 5 16456 1 592.000000 848.000000 0 0 0 0 0 0 
2676458 5 16456 1 589.000000 844.000000 0 0 0 0 0 0 
2676458 5 16456 1 583.000000 834.000000 0 0 0 0 0 0 
2676458 5 16456 1 579.000000 822.000000 0 0 0 0 0 0 
2676458 5 16456 1 572.000000 808.000000 0 0 0 0 0 0 
2676458 5 16456 1 570.000000 798.000000 0 0 0 0 0 0 
2676459 5 16456 1 570.000000 786.000000 0 0 0 0 0 0 
2676459 5 16456 1 570.000000 771.000000 0 0 0 0 0 0 
2676459 5 16456 1 570.000000 753.000000 0 0 0 0 0 0 
2676459 5 16456 1 568.000000 735.000000 0 0 0 0 0 0 
2676459 5 16456 1 562.000000 712.000000 0 0 0 0 0 0 
2676459 5 16456 1 555.000000 687.000000 0 0 0 0 0 0 
2676460 5 16456 1 550.000000 668.000000 0 0 0 0 0 0 
2676460 5 16456 1 544.000000 647.000000 0 0 0 0 0 0 
2676460 5 16456 1 539.000000 632.000000 0 0 0 0 0 0 
2676460 5 16456 1 537.000000 619.000000 0 0 0 0 0 0 
2676460 5 16456 1 535.000000 608.000000 0 0 0 0 0 0 
2676460 5 16456 1 535.000000 596.000000 0 0 0 0 0 0 
2676461 5 16456 1 534.000000 586.000000 0 0 0 0 0 0 
2676461 5 16456 1 534.000000 578.000000 0 0 0 0 0 0 
2676461 5 16456 1 532.000000 569.000000 0 0 0 0 0 0 
2676461 5 16456 1 532.000000 563.000000 0 0 0 0 0 0 
2676461 5 16456 1 532.000000 558.000000 0 0 0 0 0 0 
2676461 5 16456 1 534.000000 553.000000 0 0 0 0 0 0 
2676462 5 16456 1 537.000000 549.000000 0 0 0 0 0 0 
2676462 5 16456 1 543.000000 543.000000 0 0 0 0 0 0 
2676462 5 16456 1 547.000000 534.000000 0 0 0 0 0 0 
2676462 5 16456 1 553.000000 522.000000 0 0 0 0 0 0 
2676462 5 16456 1 559.000000 510.000000 0 0 0 0 0 0 
2676462 5 16456 1 566.000000 501.000000 0 0 0 0 0 0 
2676463 5 16456 1 576.000000 489.000000 0 0 0 0 0 0 
2676463 5 16456 1 588.000000 471.000000 0 0 0 0 0 0 
2676463 5 16456 1 601.000000 450.000000 0 0 0 0 0 0 
2676463 5 16456 1 612.000000 432.000000 0 0 0 0 0 0 
2676463 5 16456 1 619.000000 418.000000 0 0 0 0 0 0 
2676463 5 16456 1 623.000000 408.000000 0 0 0 0 0 0 
2676464 5 16456 1 626.000000 401.000000 0 0 0 0 0 0 
2676464 5 16456 1 632.000000 390.000000 0 0 0 0 0 0 
2676464 5 16456 1 638.000000 380.000000 0 0 0 0 0 0 
2676464 5 16456 1 646.000000 370.000000 0 0 0 0 0 0 
2676464 5 16456 1 654.000000 359.000000 0 0 0 0 0 0 
2676464 5 16456 1 665.000000 351.000000 0 0 0 0 0 0 
2676465 5 16456 1 677.000000 342.000000 0 0 0 0 0 0 
2676465 5 16456 1 691.000000 333.000000 0 0 0 0 0 0 
2676465 5 16456 1 702.000000 327.000000 0 0 0 0 0 0 
2676465 5 16456 1 710.000000 322.000000 0 0 0 0 0 0 
2676465 5 16456 1 720.000000 317.000000 0 0 0 0 0 0 
2676465 5 16456 1 728.000000 313.000000 0 0 0 0 0 0 
2676467 5 16456 1 729.000000 313.000000 0 0 0 0 0 0 
2676467 5 16456 1 729.000000 314.000000 0 0 0 0 0 0 
2676468 5 16456 1 729.000000 315.000000 0 0 0 0 0 0 
2676468 5 16456 1 729.000000 316.000000 0 0 0 0 0 0 
2676468 5 16456 1 725.000000 318.000000 0 0 0 0 0 0 
2676468 5 16456 1 721.000000 321.000000 0 0 0 0 0 0 
2676468 5 16456 1 719.000000 323.000000 0 0 0 0 0 0 
2676469 5 16456 1 717.000000 325.000000 0 0 0 0 0 0 
2676469 5 16456 1 714.000000 330.000000 0 0 0 0 0 0 
2676469 5 16456 1 712.000000 335.000000 0 0 0 0 0 0 
2676469 5 16456 1 710.000000 337.000000 0 0 0 0 0 0 
2676469 5 16456 1 710.000000 339.000000 0 0 0 0 0 0 
2676470 5 16456 1 710.000000 340.000000 0 0 0 0 0 0 
2676470 5 16456 1 709.000000 341.000000 0 0 0 0 0 0 
2676471 5 16456 1 708.000000 341.000000 0 0 0 0 0 0 
2676471 5 16456 1 708.000000 343.000000 0 0 0 0 0 0 
2676471 5 16456 1 707.000000 344.000000 0 0 0 0 0 0 
2676471 5 16456 1 707.000000 345.000000 0 0 0 0 0 0 
2676472 5 16456 1 707.000000 346.000000 0 0 0 0 0 0 
2676472 5 16456 1 707.000000 347.000000 0 0 0 0 0 0 
2676472 5 16456 1 706.000000 347.000000 0 0 0 0 0 0 
2676487 5 16456 1 706.000000 348.000000 0 0 0 0 0 0 
2676488 5 16456 1 705.000000 348.000000 0 0 0 0 0 0 
2676488 5 16456 1 705.000000 349.000000 0 0 0 0 0 0 
2676507 1 16457 1 705.000000 349.000000 0 0 0 0 0 0 
2676508 2 16457 1 705.000000 349.000000 0 0 0 0 0 0 
2676510 5 16457 1 704.000000 349.000000 0 0 0 0 0 0 
2676510 5 16457 1 703.000000 349.000000 0 0 0 0 0 0 
2676511 5 16457 1 703.000000 350.000000 0 0 0 0 0 0 
2676511 5 16457 1 702.000000 352.000000 0 0 0 0 0 0 