325398 5 3651 1 3007.000000 223.000000 0 0 0 0 0 0 
325399 5 3651 1 3006.000000 223.000000 0 0 0 0 0 0 
325399 5 3651 1 3004.000000 221.000000 0 0 0 0 0 0 
325399 5 3651 1 3003.000000 221.000000 0 0 0 0 0 0 
325399 5 3651 1 3003.000000 220.000000 0 0 0 0 0 0 
325399 5 3651 1 3002.000000 219.000000 0 0 0 0 0 0 
325400 5 3651 1 3001.000000 217.000000 0 0 0 0 0 0 
325400 5 3651 1 3000.000000 214.000000 0 0 0 0 0 0 
325400 5 3651 1 2998.000000 210.000000 0 0 0 0 0 0 
325400 5 3651 1 2995.000000 204.000000 0 0 0 0 0 0 
325400 5 3651 1 2990.000000 197.000000 0 0 0 0 0 0 
325401 5 3651 1 2983.000000 189.000000 0 0 0 0 0 0 
325401 5 3651 1 2965.000000 177.000000 0 0 0 0 0 0 
325401 5 3651 1 2937.000000 163.000000 0 0 0 0 0 0 
325401 5 3651 1 2895.000000 147.000000 0 0 0 0 0 0 
325401 5 3651 1 2847.000000 131.000000 0 0 0 0 0 0 
325401 5 3651 1 2798.000000 119.000000 0 0 0 0 0 0 
325402 5 3651 1 2749.000000 111.000000 0 0 0 0 0 0 
325402 5 3651 1 2703.000000 108.000000 0 0 0 0 0 0 
325402 5 3651 1 2661.000000 107.000000 0 0 0 0 0 0 
325402 5 3651 1 2627.000000 107.000000 0 0 0 0 0 0 
325402 5 3651 1 2598.000000 110.000000 0 0 0 0 0 0 
325402 5 3651 1 2586.000000 111.000000 0 0 0 0 0 0 
325405 5 3651 1 2585.000000 112.000000 0 0 0 0 0 0 
325405 5 3651 1 2574.000000 111.000000 0 0 0 0 0 0 
325406 5 3651 1 2563.000000 109.000000 0 0 0 0 0 0 
325406 5 3651 1 2549.000000 107.000000 0 0 0 0 0 0 
325406 5 3651 1 2527.000000 102.000000 0 0 0 0 0 0 
325406 5 3651 1 2500.000000 98.000000 0 0 0 0 0 0 
325406 5 3651 1 2462.000000 93.000000 0 0 0 0 0 0 
325406 5 3651 1 2426.000000 89.000000 0 0 0 0 0 0 
325407 5 3651 1 2392.000000 87.000000 0 0 0 0 0 0 
325407 5 3651 1 2357.000000 86.000000 0 0 0 0 0 0 
325407 5 3651 1 2334.000000 86.000000 0 0 0 0 0 0 
325407 5 3651 1 2311.000000 84.000000 0 0 0 0 0 0 
325407 5 3651 1 2297.000000 84.000000 0 0 0 0 0 0 
325407 5 3651 1 2287.000000 83.000000 0 0 0 0 0 0 
325408 5 3651 1 2282.000000 83.000000 0 0 0 0 0 0 
325415 5 3651 1 2283.000000 83.000000 0 0 0 0 0 0 
325416 5 3651 1 2285.000000 83.000000 0 0 0 0 0 0 
325416 5 3651 1 2292.000000 83.000000 0 0 0 0 0 0 
325416 5 3651 1 2306.000000 83.000000 0 0 0 0 0 0 
325416 5 3651 1 2318.000000 83.000000 0 0 0 0 0 0 
325416 5 3651 1 2330.000000 83.000000 0 0 0 0 0 0 
325416 5 3651 1 2338.000000 83.000000 0 0 0 0 0 0 
325417 5 3651 1 2344.000000 83.000000 0 0 0 0 0 0 
325417 5 3651 1 2346.000000 83.000000 0 0 0 0 0 0 
325426 5 3651 1 2349.000000 83.000000 0 0 0 0 0 0 
325427 5 3651 1 2350.000000 83.000000 0 0 0 0 0 0 
325427 5 3651 1 2351.000000 83.000000 0 0 0 0 0 0 
325427 5 3651 1 2355.000000 83.000000 0 0 0 0 0 0 
325427 5 3651 1 2359.000000 83.000000 0 0 0 0 0 0 
325427 5 3651 1 2364.000000 83.000000 0 0 0 0 0 0 
325427 5 3651 1 2366.000000 83.000000 0 0 0 0 0 0 
325428 5 3651 1 2368.000000 83.000000 0 0 0 0 0 0 
325428 5 3651 1 2370.000000 83.000000 0 0 0 0 0 0 
325428 5 3651 1 2372.000000 83.000000 0 0 0 0 0 0 
325428 5 3651 1 2374.000000 83.000000 0 0 0 0 0 0 
325428 5 3651 1 2375.000000 83.000000 0 0 0 0 0 0 
325428 5 3651 1 2377.000000 83.000000 0 0 0 0 0 0 
325428 12 0 0 2377.000000 83.000000 0 0 0 1 0 0 
325429 5 3651 1 2379.000000 83.000000 0 0 0 1 0 0 
325429 5 3651 1 2381.000000 83.000000 0 0 0 1 0 0 
325429 5 3651 1 2382.000000 83.000000 0 0 0 1 0 0 
325429 5 3651 1 2385.000000 83.000000 0 0 0 1 0 0 
325429 5 3651 1 2386.000000 83.000000 0 0 0 1 0 0 
325430 5 3651 1 2387.000000 83.000000 0 0 0 1 0 0 
325430 5 3651 1 2388.000000 83.000000 0 0 0 1 0 0 
325430 5 3651 1 2389.000000 83.000000 0 0 0 1 0 0 
325431 5 3651 1 2390.000000 83.000000 0 0 0 1 0 0 
325431 5 3651 1 2391.000000 83.000000 0 0 0 1 0 0 
325431 5 3651 1 2392.000000 83.000000 0 0 0 1 0 0 
325431 5 3651 1 2393.000000 83.000000 0 0 0 1 0 0 
325432 5 3651 1 2394.000000 83.000000 0 0 0 1 0 0 
325432 5 3651 1 2395.000000 83.000000 0 0 0 1 0 0 
325433 5 3651 1 2396.000000 83.000000 0 0 0 1 0 0 
325433 5 3651 1 2396.000000 84.000000 0 0 0 1 0 0 
325434 5 3651 1 2397.000000 84.000000 0 0 0 1 0 0 
325436 5 3651 1 2398.000000 84.000000 0 0 0 1 0 0 
325436 5 3651 1 2399.000000 84.000000 0 0 0 1 0 0 
325437 5 3651 1 2400.000000 84.000000 0 0 0 1 0 0 
325437 5 3651 1 2401.000000 84.000000 0 0 0 1 0 0 
325437 5 3651 1 2403.000000 84.000000 0 0 0 1 0 0 
325437 5 3651 1 2404.000000 84.000000 0 0 0 1 0 0 
325437 5 3651 1 2406.000000 84.000000 0 0 0 1 0 0 
325437 5 3651 1 2407.000000 84.000000 0 0 0 1 0 0 
325438 5 3651 1 2408.000000 84.000000 0 0 0 1 0 0 
325438 5 3651 1 2409.000000 84.000000 0 0 0 1 0 0 
325438 5 3651 1 2410.000000 84.000000 0 0 0 1 0 0 
325439 5 3651 1 2411.000000 84.000000 0 0 0 1 0 0 
325439 5 3651 1 2412.000000 84.000000 0 0 0 1 0 0 
325439 5 3651 1 2413.000000 84.000000 0 0 0 1 0 0 
325439 5 3651 1 2414.000000 84.000000 0 0 0 1 0 0 
325439 5 3651 1 2415.000000 84.000000 0 0 0 1 0 0 
325440 5 3651 1 2417.000000 84.000000 0 0 0 1 0 0 
325440 5 3651 1 2418.000000 84.000000 0 0 0 1 0 0 
325440 5 3651 1 2419.000000 84.000000 0 0 0 1 0 0 
325440 5 3651 1 2420.000000 84.000000 0 0 0 1 0 0 
325441 5 3651 1 2421.000000 84.000000 0 0 0 1 0 0 
325441 5 3651 1 2422.000000 84.000000 0 0 0 1 0 0 
325441 5 3651 1 2424.000000 84.000000 0 0 0 1 0 0 
325441 5 3651 1 2425.000000 84.000000 0 0 0 1 0 0 
325441 5 3651 1 2426.000000 84.000000 0 0 0 1 0 0 
325442 5 3651 1 2427.000000 84.000000 0 0 0 1 0 0 
325442 12 0 0 2427.000000 84.000000 0 1 0 1 0 0 
325442 5 3651 1 2428.000000 84.000000 0 1 0 1 0 0 
325442 5 3651 1 2429.000000 84.000000 0 1 0 1 0 0 
325443 5 3651 1 2430.000000 84.000000 0 1 0 1 0 0 
325443 5 3651 1 2431.000000 84.000000 0 1 0 1 0 0 
325443 5 3651 1 2432.000000 84.000000 0 1 0 1 0 0 
325443 5 3651 1 2433.000000 84.000000 0 1 0 1 0 0 
325443 5 3651 1 2435.000000 84.000000 0 1 0 1 0 0 
325444 5 3651 1 2437.000000 84.000000 0 1 0 1 0 0 
325444 5 3651 1 2440.000000 84.000000 0 1 0 1 0 0 
325444 5 3651 1 2442.000000 84.000000 0 1 0 1 0 0 
325444 5 3651 1 2443.000000 84.000000 0 1 0 1 0 0 
325444 5 3651 1 2445.000000 84.000000 0 1 0 1 0 0 
325444 5 3651 1 2446.000000 84.000000 0 1 0 1 0 0 
325445 5 3651 1 2447.000000 84.000000 0 1 0 1 0 0 
325445 5 3651 1 2448.000000 84.000000 0 1 0 1 0 0 
325445 5 3651 1 2449.000000 84.000000 0 1 0 1 0 0 
325445 5 3651 1 2450.000000 84.000000 0 1 0 1 0 0 
325446 5 3651 1 2451.000000 84.000000 0 1 0 1 0 0 
325446 5 3651 1 2452.000000 84.000000 0 1 0 1 0 0 
325446 5 3651 1 2453.000000 84.000000 0 1 0 1 0 0 
325447 5 3651 1 2454.000000 84.000000 0 1 0 1 0 0 
325447 5 3651 1 2455.000000 84.000000 0 1 0 1 0 0 
325447 5 3651 1 2456.000000 84.000000 0 1 0 1 0 0 
325447 5 3651 1 2458.000000 84.000000 0 1 0 1 0 0 
325447 5 3651 1 2462.000000 84.000000 0 1 0 1 0 0 
325447 5 3651 1 2464.000000 84.000000 0 1 0 1 0 0 
325448 5 3651 1 2469.000000 84.000000 0 1 0 1 0 0 
325448 5 3651 1 2477.000000 84.000000 0 1 0 1 0 0 
325448 5 3651 1 2485.000000 85.000000 0 1 0 1 0 0 
325448 5 3651 1 2496.000000 86.000000 0 1 0 1 0 0 
325448 5 3651 1 2505.000000 86.000000 0 1 0 1 0 0 
325448 5 3651 1 2515.000000 87.000000 0 1 0 1 0 0 
325449 5 3651 1 2528.000000 88.000000 0 1 0 1 0 0 
325449 5 3651 1 2536.000000 88.000000 0 1 0 1 0 0 
325449 5 3651 1 2544.000000 88.000000 0 1 0 1 0 0 
325449 5 3651 1 2550.000000 88.000000 0 1 0 1 0 0 
325449 5 3651 1 2553.000000 89.000000 0 1 0 1 0 0 
325449 5 3651 1 2555.000000 89.000000 0 1 0 1 0 0 
325450 5 3651 1 2556.000000 89.000000 0 1 0 1 0 0 
325450 5 3651 1 2558.000000 89.000000 0 1 0 1 0 0 
325450 5 3651 1 2559.000000 89.000000 0 1 0 1 0 0 
325455 5 3651 1 2560.000000 89.000000 0 1 0 1 0 0 
325455 5 3651 1 2561.000000 89.000000 0 1 0 1 0 0 
325455 5 3651 1 2564.000000 89.000000 0 1 0 1 0 0 
325455 5 3651 1 2568.000000 89.000000 0 1 0 1 0 0 
325455 5 3651 1 2570.000000 89.000000 0 1 0 1 0 0 
325456 5 3651 1 2572.000000 89.000000 0 1 0 1 0 0 
325456 5 3651 1 2574.000000 89.000000 0 1 0 1 0 0 
325456 5 3651 1 2575.000000 89.000000 0 1 0 1 0 0 
325456 5 3651 1 2577.000000 89.000000 0 1 0 1 0 0 
325456 5 3651 1 2578.000000 89.000000 0 1 0 1 0 0 
325456 5 3651 1 2579.000000 89.000000 0 1 0 1 0 0 
325456 12 0 0 2579.000000 89.000000 0 1 1 1 0 0 
325457 5 3651 1 2580.000000 89.000000 0 1 1 1 0 0 
325457 5 3651 1 2581.000000 89.000000 0 1 1 1 0 0 
325463 5 3651 1 2582.000000 90.000000 0 1 1 1 0 0 
325463 5 3651 1 2583.000000 90.000000 0 1 1 1 0 0 
325463 5 3651 1 2585.000000 90.000000 0 1 1 1 0 0 
325463 5 3651 1 2586.000000 90.000000 0 1 1 1 0 0 
325463 5 3651 1 2588.000000 90.000000 0 1 1 1 0 0 
325464 5 3651 1 2590.000000 90.000000 0 1 1 1 0 0 
325464 5 3651 1 2591.000000 90.000000 0 1 1 1 0 0 
325464 5 3651 1 2592.000000 90.000000 0 1 1 1 0 0 
325464 5 3651 1 2593.000000 90.000000 0 1 1 1 0 0 
325465 5 3651 1 2595.000000 90.000000 0 1 1 1 0 0 
325465 5 3651 1 2597.000000 90.000000 0 1 1 1 0 0 
325465 5 3651 1 2600.000000 90.000000 0 1 1 1 0 0 
325465 5 3651 1 2602.000000 90.000000 0 1 1 1 0 0 
325465 5 3651 1 2604.000000 90.000000 0 1 1 1 0 0 
325465 5 3651 1 2605.000000 90.000000 0 1 1 1 0 0 
325466 5 3651 1 2606.000000 90.000000 0 1 1 1 0 0 
325466 5 3651 1 2607.000000 90.000000 0 1 1 1 0 0 
325466 5 3651 1 2608.000000 90.000000 0 1 1 1 0 0 
325466 5 3651 1 2609.000000 90.000000 0 1 1 1 0 0 
325467 5 3651 1 2609.000000 89.000000 0 1 1 1 0 0 
325467 5 3651 1 2610.000000 89.000000 0 1 1 1 0 0 
325467 5 3651 1 2611.000000 89.000000 0 1 1 1 0 0 
325467 5 3651 1 2612.000000 89.000000 0 1 1 1 0 0 
325467 5 3651 1 2615.000000 89.000000 0 1 1 1 0 0 
325468 5 3651 1 2617.000000 89.000000 0 1 1 1 0 0 
325468 5 3651 1 2621.000000 89.000000 0 1 1 1 0 0 
325468 5 3651 1 2624.000000 89.000000 0 1 1 1 0 0 
325468 5 3651 1 2625.000000 89.000000 0 1 1 1 0 0 
325468 5 3651 1 2627.000000 89.000000 0 1 1 1 0 0 
325468 5 3651 1 2629.000000 89.000000 0 1 1 1 0 0 
325469 5 3651 1 2632.000000 89.000000 0 1 1 1 0 0 
325469 5 3651 1 2634.000000 89.000000 0 1 1 1 0 0 
325469 5 3651 1 2637.000000 89.000000 0 1 1 1 0 0 
325469 5 3651 1 2639.000000 89.000000 0 1 1 1 0 0 
325469 5 3651 1 2641.000000 89.000000 0 1 1 1 0 0 
325469 5 3651 1 2644.000000 89.000000 0 1 1 1 0 0 
325470 5 3651 1 2646.000000 89.000000 0 1 1 1 0 0 
325470 5 3651 1 2648.000000 90.000000 0 1 1 1 0 0 
325470 5 3651 1 2650.000000 90.000000 0 1 1 1 0 0 
325470 5 3651 1 2653.000000 90.000000 0 1 1 1 0 0 
325470 5 3651 1 2655.000000 90.000000 0 1 1 1 0 0 
325470 5 3651 1 2660.000000 90.000000 0 1 1 1 0 0 
325471 5 3651 1 2663.000000 90.000000 0 1 1 1 0 0 
325471 12 0 0 2663.000000 90.000000 1 1 1 1 0 0 
325471 5 3651 1 2664.000000 90.000000 1 1 1 1 0 0 
325471 5 3651 1 2665.000000 90.000000 1 1 1 1 0 0 
325472 5 3651 1 2666.000000 90.000000 1 1 1 1 0 0 
325472 5 3651 1 2667.000000 90.000000 1 1 1 1 0 0 
325472 5 3651 1 2668.000000 90.000000 1 1 1 1 0 0 
325472 5 3651 1 2669.000000 90.000000 1 1 1 1 0 0 
325473 5 3651 1 2671.000000 90.000000 1 1 1 1 0 0 
325473 5 3651 1 2672.000000 90.000000 1 1 1 1 0 0 
325473 5 3651 1 2674.000000 90.000000 1 1 1 1 0 0 
325473 5 3651 1 2675.000000 90.000000 1 1 1 1 0 0 
325473 5 3651 1 2676.000000 90.000000 1 1 1 1 0 0 
325473 5 3651 1 2677.000000 90.000000 1 1 1 1 0 0 
325474 5 3651 1 2679.000000 90.000000 1 1 1 1 0 0 
325474 5 3651 1 2681.000000 90.000000 1 1 1 1 0 0 
325474 5 3651 1 2684.000000 91.000000 1 1 1 1 0 0 
325474 5 3651 1 2690.000000 91.000000 1 1 1 1 0 0 
325474 5 3651 1 2697.000000 91.000000 1 1 1 1 0 0 
325474 5 3651 1 2703.000000 91.000000 1 1 1 1 0 0 
325475 5 3651 1 2709.000000 91.000000 1 1 1 1 0 0 
325475 5 3651 1 2715.000000 91.000000 1 1 1 1 0 0 
325475 5 3651 1 2721.000000 91.000000 1 1 1 1 0 0 
325475 5 3651 1 2724.000000 91.000000 1 1 1 1 0 0 
325475 5 3651 1 2727.000000 91.000000 1 1 1 1 0 0 
325475 5 3651 1 2731.000000 92.000000 1 1 1 1 0 0 
325476 5 3651 1 2736.000000 92.000000 1 1 1 1 0 0 
325476 5 3651 1 2739.000000 93.000000 1 1 1 1 0 0 
325476 5 3651 1 2741.000000 93.000000 1 1 1 1 0 0 
325476 5 3651 1 2745.000000 93.000000 1 1 1 1 0 0 
325476 5 3651 1 2746.000000 93.000000 1 1 1 1 0 0 
325476 5 3651 1 2748.000000 93.000000 1 1 1 1 0 0 
325477 5 3651 1 2750.000000 93.000000 1 1 1 1 0 0 
325477 5 3651 1 2752.000000 93.000000 1 1 1 1 0 0 
325477 5 3651 1 2755.000000 93.000000 1 1 1 1 0 0 
325477 5 3651 1 2756.000000 93.000000 1 1 1 1 0 0 
325478 5 3651 1 2757.000000 93.000000 1 1 1 1 0 0 
325478 5 3651 1 2758.000000 93.000000 1 1 1 1 0 0 
325478 5 3651 1 2759.000000 93.000000 1 1 1 1 0 0 
325478 5 3651 1 2761.000000 93.000000 1 1 1 1 0 0 
325478 5 3651 1 2762.000000 93.000000 1 1 1 1 0 0 
325479 5 3651 1 2763.000000 93.000000 1 1 1 1 0 0 
325479 5 3651 1 2764.000000 93.000000 1 1 1 1 0 0 
325479 5 3651 1 2766.000000 93.000000 1 1 1 1 0 0 
325480 5 3651 1 2768.000000 93.000000 1 1 1 1 0 0 
325480 5 3651 1 2774.000000 93.000000 1 1 1 1 0 0 
325480 5 3651 1 2780.000000 93.000000 1 1 1 1 0 0 
325480 5 3651 1 2785.000000 93.000000 1 1 1 1 0 0 
325480 5 3651 1 2791.000000 93.000000 1 1 1 1 0 0 
325481 5 3651 1 2795.000000 93.000000 1 1 1 1 0 0 
325481 5 3651 1 2797.000000 93.000000 1 1 1 1 0 0 
325481 5 3651 1 2798.000000 93.000000 1 1 1 1 0 0 
325481 5 3651 1 2800.000000 93.000000 1 1 1 1 0 0 
325481 5 3651 1 2801.000000 93.000000 1 1 1 1 0 0 
325482 12 0 0 2801.000000 93.000000 0 1 1 1 0 0 
325483 5 3651 1 2802.000000 93.000000 0 1 1 1 0 0 
325484 5 3651 1 2803.000000 93.000000 0 1 1 1 0 0 
325484 5 3651 1 2804.000000 93.000000 0 1 1 1 0 0 
325484 5 3651 1 2805.000000 93.000000 0 1 1 1 0 0 
325485 5 3651 1 2806.000000 93.000000 0 1 1 1 0 0 
325485 5 3651 1 2807.000000 93.000000 0 1 1 1 0 0 
325485 5 3651 1 2809.000000 93.000000 0 1 1 1 0 0 
325485 5 3651 1 2811.000000 93.000000 0 1 1 1 0 0 
325486 5 3651 1 2813.000000 93.000000 0 1 1 1 0 0 
325486 5 3651 1 2815.000000 93.000000 0 1 1 1 0 0 
325486 5 3651 1 2818.000000 93.000000 0 1 1 1 0 0 
325486 5 3651 1 2822.000000 93.000000 0 1 1 1 0 0 
325486 5 3651 1 2826.000000 93.000000 0 1 1 1 0 0 
325486 5 3651 1 2829.000000 93.000000 0 1 1 1 0 0 
325487 5 3651 1 2835.000000 93.000000 0 1 1 1 0 0 
325487 5 3651 1 2840.000000 93.000000 0 1 1 1 0 0 
325487 5 3651 1 2848.000000 93.000000 0 1 1 1 0 0 
325487 5 3651 1 2856.000000 93.000000 0 1 1 1 0 0 
325487 5 3651 1 2867.000000 92.000000 0 1 1 1 0 0 
325487 5 3651 1 2875.000000 91.000000 0 1 1 1 0 0 
325488 5 3651 1 2884.000000 90.000000 0 1 1 1 0 0 
325488 5 3651 1 2894.000000 90.000000 0 1 1 1 0 0 
325488 5 3651 1 2902.000000 89.000000 0 1 1 1 0 0 
325488 5 3651 1 2909.000000 89.000000 0 1 1 1 0 0 
325488 5 3651 1 2914.000000 88.000000 0 1 1 1 0 0 
325488 5 3651 1 2916.000000 88.000000 0 1 1 1 0 0 
325489 5 3651 1 2920.000000 88.000000 0 1 1 1 0 0 
325489 5 3651 1 2925.000000 87.000000 0 1 1 1 0 0 
325489 5 3651 1 2927.000000 87.000000 0 1 1 1 0 0 
325489 5 3651 1 2930.000000 87.000000 0 1 1 1 0 0 
325489 5 3651 1 2933.000000 87.000000 0 1 1 1 0 0 
325489 5 3651 1 2935.000000 87.000000 0 1 1 1 0 0 
325490 5 3651 1 2936.000000 87.000000 0 1 1 1 0 0 
325490 12 0 0 2936.000000 87.000000 0 0 1 1 0 0 
325490 5 3651 1 2937.000000 87.000000 0 0 1 1 0 0 
325490 5 3651 1 2938.000000 87.000000 0 0 1 1 0 0 
325491 5 3651 1 2939.000000 87.000000 0 0 1 1 0 0 
325491 5 3651 1 2940.000000 87.000000 0 0 1 1 0 0 
325491 5 3651 1 2941.000000 87.000000 0 0 1 1 0 0 
325492 5 3651 1 2942.000000 87.000000 0 0 1 1 0 0 
325492 5 3651 1 2944.000000 87.000000 0 0 1 1 0 0 
325492 5 3651 1 2946.000000 87.000000 0 0 1 1 0 0 
325492 5 3651 1 2947.000000 87.000000 0 0 1 1 0 0 
325492 5 3651 1 2950.000000 87.000000 0 0 1 1 0 0 
325492 5 3651 1 2953.000000 87.000000 0 0 1 1 0 0 
325493 5 3651 1 2959.000000 87.000000 0 0 1 1 0 0 
325493 5 3651 1 2965.000000 87.000000 0 0 1 1 0 0 
325493 5 3651 1 2971.000000 87.000000 0 0 1 1 0 0 
325493 5 3651 1 2981.000000 87.000000 0 0 1 1 0 0 
325493 5 3651 1 2989.000000 87.000000 0 0 1 1 0 0 
325493 5 3651 1 2997.000000 87.000000 0 0 1 1 0 0 
325494 5 3651 1 3006.000000 87.000000 0 0 1 1 0 0 
325494 5 3651 1 3014.000000 87.000000 0 0 1 1 0 0 
325494 5 3651 1 3022.000000 87.000000 0 0 1 1 0 0 
325494 5 3651 1 3030.000000 87.000000 0 0 1 1 0 0 
325494 5 3651 1 3038.000000 87.000000 0 0 1 1 0 0 
325494 5 3651 1 3044.000000 87.000000 0 0 1 1 0 0 
325495 5 3651 1 3052.000000 87.000000 0 0 1 1 0 0 
325495 5 3651 1 3056.000000 87.000000 0 0 1 1 0 0 
325495 5 3651 1 3064.000000 87.000000 0 0 1 1 0 0 
325495 5 3651 1 3069.000000 87.000000 0 0 1 1 0 0 
325495 5 3651 1 3074.000000 87.000000 0 0 1 1 0 0 
325495 5 3651 1 3078.000000 87.000000 0 0 1 1 0 0 
325496 5 3651 1 3081.000000 87.000000 0 0 1 1 0 0 
325496 5 3651 1 3082.000000 87.000000 0 0 1 1 0 0 
325496 5 3651 1 3084.000000 87.000000 0 0 1 1 0 0 
325496 5 3651 1 3086.000000 87.000000 0 0 1 1 0 0 
325496 5 3651 1 3089.000000 87.000000 0 0 1 1 0 0 
325497 5 3651 1 3090.000000 87.000000 0 0 1 1 0 0 
325497 5 3651 1 3091.000000 88.000000 0 0 1 1 0 0 
325497 5 3651 1 3092.000000 88.000000 0 0 1 1 0 0 
325497 5 3651 1 3093.000000 88.000000 0 0 1 1 0 0 
325497 5 3651 1 3094.000000 88.000000 0 0 1 1 0 0 
325498 5 3651 1 3094.000000 89.000000 0 0 1 1 0 0 
325498 12 0 0 3094.000000 89.000000 0 0 0 1 0 0 
325498 5 3651 1 3096.000000 89.000000 0 0 0 1 0 0 
325498 5 3651 1 3097.000000 89.000000 0 0 0 1 0 0 
325499 5 3651 1 3097.000000 90.000000 0 0 0 1 0 0 
325499 5 3651 1 3099.000000 90.000000 0 0 0 1 0 0 
325499 5 3651 1 3100.000000 90.000000 0 0 0 1 0 0 
325499 5 3651 1 3100.000000 92.000000 0 0 0 1 0 0 
325499 5 3651 1 3101.000000 92.000000 0 0 0 1 0 0 
325500 5 3651 1 3102.000000 92.000000 0 0 0 1 0 0 
325500 5 3651 1 3103.000000 94.000000 0 0 0 1 0 0 
325500 5 3651 1 3104.000000 94.000000 0 0 0 1 0 0 
325500 5 3651 1 3105.000000 95.000000 0 0 0 1 0 0 
325501 5 3651 1 3106.000000 96.000000 0 0 0 1 0 0 
325501 5 3651 1 3107.000000 96.000000 0 0 0 1 0 0 
325501 5 3651 1 3107.000000 98.000000 0 0 0 1 0 0 
325501 5 3651 1 3108.000000 99.000000 0 0 0 1 0 0 
325501 5 3651 1 3109.000000 100.000000 0 0 0 1 0 0 
325501 5 3651 1 3110.000000 101.000000 0 0 0 1 0 0 
325502 5 3651 1 3111.000000 102.000000 0 0 0 1 0 0 
325502 5 3651 1 3112.000000 103.000000 0 0 0 1 0 0 
325502 5 3651 1 3114.000000 105.000000 0 0 0 1 0 0 
325502 5 3651 1 3116.000000 108.000000 0 0 0 1 0 0 
325502 5 3651 1 3119.000000 113.000000 0 0 0 1 0 0 
325503 5 3651 1 3123.000000 117.000000 0 0 0 1 0 0 
325503 5 3651 1 3126.000000 122.000000 0 0 0 1 0 0 
325503 5 3651 1 3129.000000 128.000000 0 0 0 1 0 0 
325503 5 3651 1 3132.000000 133.000000 0 0 0 1 0 0 
325503 5 3651 1 3135.000000 137.000000 0 0 0 1 0 0 
325503 5 3651 1 3139.000000 142.000000 0 0 0 1 0 0 
325504 5 3651 1 3142.000000 147.000000 0 0 0 1 0 0 
325504 5 3651 1 3144.000000 151.000000 0 0 0 1 0 0 
325504 5 3651 1 3147.000000 156.000000 0 0 0 1 0 0 
325504 5 3651 1 3150.000000 160.000000 0 0 0 1 0 0 
325504 5 3651 1 3153.000000 165.000000 0 0 0 1 0 0 
325504 5 3651 1 3155.000000 169.000000 0 0 0 1 0 0 
325505 5 3651 1 3157.000000 173.000000 0 0 0 1 0 0 
325505 5 3651 1 3158.000000 175.000000 0 0 0 1 0 0 
325505 5 3651 1 3160.000000 178.000000 0 0 0 1 0 0 
325505 5 3651 1 3161.000000 180.000000 0 0 0 1 0 0 
325505 5 3651 1 3162.000000 184.000000 0 0 0 1 0 0 
325505 5 3651 1 3163.000000 186.000000 0 0 0 1 0 0 
325506 5 3651 1 3163.000000 188.000000 0 0 0 1 0 0 
325506 5 3651 1 3163.000000 189.000000 0 0 0 1 0 0 
325506 12 0 0 3163.000000 189.000000 0 0 0 0 0 0 
325506 5 3651 1 3163.000000 191.000000 0 0 0 0 0 0 
325506 5 3651 1 3163.000000 193.000000 0 0 0 0 0 0 
325506 5 3651 1 3165.000000 197.000000 0 0 0 0 0 0 
325506 5 3651 1 3165.000000 198.000000 0 0 0 0 0 0 
325507 5 3651 1 3165.000000 200.000000 0 0 0 0 0 0 
325507 5 3651 1 3165.000000 201.000000 0 0 0 0 0 0 
325507 5 3651 1 3166.000000 203.000000 0 0 0 0 0 0 
325507 5 3651 1 3166.000000 205.000000 0 0 0 0 0 0 
325507 5 3651 1 3166.000000 207.000000 0 0 0 0 0 0 
325507 5 3651 1 3166.000000 208.000000 0 0 0 0 0 0 
325508 5 3651 1 3166.000000 210.000000 0 0 0 0 0 0 
325508 5 3651 1 3166.000000 212.000000 0 0 0 0 0 0 
325508 5 3651 1 3166.000000 214.000000 0 0 0 0 0 0 
325508 5 3651 1 3166.000000 215.000000 0 0 0 0 0 0 
325508 5 3651 1 3166.000000 217.000000 0 0 0 0 0 0 
325508 5 3651 1 3167.000000 219.000000 0 0 0 0 0 0 
325509 5 3651 1 3167.000000 220.000000 0 0 0 0 0 0 
325509 5 3651 1 3167.000000 222.000000 0 0 0 0 0 0 
325509 5 3651 1 3168.000000 224.000000 0 0 0 0 0 0 
325509 5 3651 1 3168.000000 225.000000 0 0 0 0 0 0 
325509 5 3651 1 3170.000000 227.000000 0 0 0 0 0 0 
325509 5 3651 1 3170.000000 229.000000 0 0 0 0 0 0 
325510 5 3651 1 3170.000000 231.000000 0 0 0 0 0 0 
325510 5 3651 1 3170.000000 232.000000 0 0 0 0 0 0 
325510 5 3651 1 3170.000000 233.000000 0 0 0 0 0 0 
325510 5 3651 1 3171.000000 234.000000 0 0 0 0 0 0 
325511 5 3651 1 3171.000000 235.000000 0 0 0 0 0 0 