2259773 5 13309 1 26.000000 7.000000 0 0 0 0 0 0 
2259773 5 13309 1 26.000000 14.000000 0 0 0 0 0 0 
2259773 5 13309 1 26.000000 26.000000 0 0 0 0 0 0 
2259773 5 13309 1 26.000000 42.000000 0 0 0 0 0 0 
2259773 5 13309 1 24.000000 57.000000 0 0 0 0 0 0 
2259773 5 13309 1 24.000000 71.000000 0 0 0 0 0 0 
2259774 5 13309 1 24.000000 83.000000 0 0 0 0 0 0 
2259774 5 13309 1 24.000000 95.000000 0 0 0 0 0 0 
2259774 5 13309 1 25.000000 109.000000 0 0 0 0 0 0 
2259774 5 13309 1 27.000000 120.000000 0 0 0 0 0 0 
2259774 5 13309 1 30.000000 128.000000 0 0 0 0 0 0 
2259774 5 13309 1 32.000000 133.000000 0 0 0 0 0 0 
2259775 5 13309 1 32.000000 136.000000 0 0 0 0 0 0 
2259775 5 13309 1 33.000000 137.000000 0 0 0 0 0 0 
2259775 5 13309 1 33.000000 139.000000 0 0 0 0 0 0 
2259775 5 13309 1 33.000000 141.000000 0 0 0 0 0 0 
2259775 5 13309 1 34.000000 144.000000 0 0 0 0 0 0 
2259775 5 13309 1 35.000000 149.000000 0 0 0 0 0 0 
2259776 5 13309 1 36.000000 156.000000 0 0 0 0 0 0 
2259776 5 13309 1 37.000000 161.000000 0 0 0 0 0 0 
2259776 5 13309 1 37.000000 169.000000 0 0 0 0 0 0 
2259776 5 13309 1 37.000000 177.000000 0 0 0 0 0 0 
2259776 5 13309 1 37.000000 185.000000 0 0 0 0 0 0 
2259776 5 13309 1 36.000000 195.000000 0 0 0 0 0 0 
2259777 5 13309 1 34.000000 207.000000 0 0 0 0 0 0 
2259777 5 13309 1 31.000000 221.000000 0 0 0 0 0 0 
2259777 5 13309 1 28.000000 233.000000 0 0 0 0 0 0 
2259777 5 13309 1 26.000000 246.000000 0 0 0 0 0 0 
2259777 5 13309 1 25.000000 258.000000 0 0 0 0 0 0 
2259777 5 13309 1 25.000000 272.000000 0 0 0 0 0 0 
2259778 5 13309 1 25.000000 286.000000 0 0 0 0 0 0 
2259778 5 13309 1 25.000000 296.000000 0 0 0 0 0 0 
2259778 5 13309 1 25.000000 308.000000 0 0 0 0 0 0 
2259778 5 13309 1 25.000000 318.000000 0 0 0 0 0 0 
2259778 5 13309 1 25.000000 328.000000 0 0 0 0 0 0 
2259778 5 13309 1 25.000000 341.000000 0 0 0 0 0 0 
2259779 5 13309 1 25.000000 351.000000 0 0 0 0 0 0 
2259779 5 13309 1 25.000000 357.000000 0 0 0 0 0 0 
2259779 5 13309 1 26.000000 363.000000 0 0 0 0 0 0 
2259779 5 13309 1 26.000000 368.000000 0 0 0 0 0 0 
2259779 5 13309 1 26.000000 370.000000 0 0 0 0 0 0 
2259779 5 13309 1 26.000000 372.000000 0 0 0 0 0 0 
2259779 5 13309 1 26.000000 373.000000 0 0 0 0 0 0 
2259780 5 13309 1 26.000000 374.000000 0 0 0 0 0 0 
2259780 5 13309 1 26.000000 375.000000 0 0 0 0 0 0 
2259781 5 13309 1 26.000000 376.000000 0 0 0 0 0 0 
2259781 5 13309 1 26.000000 378.000000 0 0 0 0 0 0 
2259781 5 13309 1 26.000000 380.000000 0 0 0 0 0 0 
2259782 1 13310 1 26.000000 380.000000 0 0 0 0 0 0 
2259783 2 13310 1 26.000000 380.000000 0 0 0 0 0 0 
2259785 5 13310 1 27.000000 380.000000 0 0 0 0 0 0 
2259789 5 13310 1 30.000000 381.000000 0 0 0 0 0 0 
2259789 5 13310 1 34.000000 389.000000 0 0 0 0 0 0 
2259790 5 13310 1 43.000000 407.000000 0 0 0 0 0 0 
2259790 5 13310 1 54.000000 435.000000 0 0 0 0 0 0 
2259790 5 13310 1 69.000000 467.000000 0 0 0 0 0 0 
2259790 5 13310 1 89.000000 496.000000 0 0 0 0 0 0 
2259790 5 13310 1 113.000000 525.000000 0 0 0 0 0 0 
2259790 5 13310 1 139.000000 554.000000 0 0 0 0 0 0 
2259791 5 13310 1 165.000000 587.000000 0 0 0 0 0 0 
2259791 5 13310 1 191.000000 621.000000 0 0 0 0 0 0 
2259791 5 13310 1 215.000000 654.000000 0 0 0 0 0 0 
2259791 5 13310 1 233.000000 684.000000 0 0 0 0 0 0 
2259791 5 13310 1 247.000000 713.000000 0 0 0 0 0 0 
2259791 5 13310 1 257.000000 739.000000 0 0 0 0 0 0 
2259792 5 13310 1 264.000000 766.000000 0 0 0 0 0 0 
2259792 5 13310 1 272.000000 794.000000 0 0 0 0 0 0 
2259792 5 13310 1 278.000000 821.000000 0 0 0 0 0 0 
2259792 5 13310 1 283.000000 850.000000 0 0 0 0 0 0 
2259792 5 13310 1 288.000000 877.000000 0 0 0 0 0 0 
2259792 5 13310 1 291.000000 902.000000 0 0 0 0 0 0 
2259793 5 13310 1 295.000000 926.000000 0 0 0 0 0 0 
2259793 5 13310 1 304.000000 952.000000 0 0 0 0 0 0 
2259793 5 13310 1 313.000000 974.000000 0 0 0 0 0 0 
2259793 5 13310 1 318.000000 992.000000 0 0 0 0 0 0 
2259793 5 13310 1 322.000000 1009.000000 0 0 0 0 0 0 
2259793 5 13310 1 324.000000 1026.000000 0 0 0 0 0 0 
2259794 5 13310 1 324.000000 1041.000000 0 0 0 0 0 0 
2259794 5 13310 1 328.000000 1058.000000 0 0 0 0 0 0 
2259794 5 13310 1 334.000000 1077.000000 0 0 0 0 0 0 
2259794 5 13310 1 338.000000 1095.000000 0 0 0 0 0 0 
2259794 5 13310 1 340.000000 1106.000000 0 0 0 0 0 0 
2259794 5 13310 1 342.000000 1117.000000 0 0 0 0 0 0 
2259795 5 13310 1 348.000000 1129.000000 0 0 0 0 0 0 
2259795 5 13310 1 354.000000 1138.000000 0 0 0 0 0 0 
2259795 5 13310 1 356.000000 1141.000000 0 0 0 0 0 0 
2259795 5 13310 1 358.000000 1142.000000 0 0 0 0 0 0 
2259795 5 13310 1 358.000000 1143.000000 0 0 0 0 0 0 
2259796 5 13310 1 359.000000 1143.000000 0 0 0 0 0 0 
2259796 5 13310 1 359.000000 1144.000000 0 0 0 0 0 0 
2259797 5 13310 1 359.000000 1145.000000 0 0 0 0 0 0 
2259797 5 13310 1 361.000000 1147.000000 0 0 0 0 0 0 
2259797 5 13310 1 365.000000 1155.000000 0 0 0 0 0 0 
2259797 5 13310 1 368.000000 1161.000000 0 0 0 0 0 0 
2259797 5 13310 1 368.000000 1162.000000 0 0 0 0 0 0 
2259809 1 13311 1 368.000000 1162.000000 0 0 0 0 0 0 
2259810 2 13311 1 368.000000 1162.000000 0 0 0 0 0 0 
2259817 12 0 0 368.000000 1162.000000 0 0 0 1 0 0 
2259820 10 0 0 368.000000 1162.000000 0 0 0 1 0 0 
2259821 12 0 0 368.000000 1162.000000 0 0 0 0 0 0 
2259821 11 0 0 368.000000 1162.000000 0 0 0 0 0 0 
2259822 10 0 0 368.000000 1162.000000 0 0 0 0 0 0 
2259823 11 0 0 368.000000 1162.000000 0 0 0 0 0 0 
2259824 10 0 0 368.000000 1162.000000 0 0 0 0 0 0 
2259825 10 0 0 368.000000 1162.000000 0 0 0 0 0 0 
2259826 11 0 0 368.000000 1162.000000 0 0 0 0 0 0 
2259826 11 0 0 368.000000 1162.000000 0 0 0 0 0 0 
2259828 10 0 0 368.000000 1162.000000 0 0 0 0 0 0 
2259829 11 0 0 368.000000 1162.000000 0 0 0 0 0 0 
2259830 10 0 0 368.000000 1162.000000 0 0 0 0 0 0 
2259831 10 0 0 368.000000 1162.000000 0 0 0 0 0 0 
2259831 11 0 0 368.000000 1162.000000 0 0 0 0 0 0 
2259832 11 0 0 368.000000 1162.000000 0 0 0 0 0 0 
2259832 10 0 0 368.000000 1162.000000 0 0 0 0 0 0 
2259833 10 0 0 368.000000 1162.000000 0 0 0 0 0 0 
2259833 11 0 0 368.000000 1162.000000 0 0 0 0 0 0 
2259834 11 0 0 368.000000 1162.000000 0 0 0 0 0 0 
2259836 10 0 0 368.000000 1162.000000 0 0 0 0 0 0 
2259836 11 0 0 368.000000 1162.000000 0 0 0 0 0 0 
2259845 5 13311 1 370.000000 1155.000000 0 0 0 0 0 0 
2259845 5 13311 1 372.000000 1133.000000 0 0 0 0 0 0 
2259845 5 13311 1 378.000000 1104.000000 0 0 0 0 0 0 
2259845 5 13311 1 385.000000 1074.000000 0 0 0 0 0 0 
2259846 5 13311 1 393.000000 1039.000000 0 0 0 0 0 0 
2259846 5 13311 1 401.000000 999.000000 0 0 0 0 0 0 
2259846 5 13311 1 411.000000 956.000000 0 0 0 0 0 0 
2259846 5 13311 1 420.000000 906.000000 0 0 0 0 0 0 
2259846 5 13311 1 426.000000 854.000000 0 0 0 0 0 0 
2259846 5 13311 1 429.000000 809.000000 0 0 0 0 0 0 
2259847 5 13311 1 429.000000 761.000000 0 0 0 0 0 0 
2259847 5 13311 1 429.000000 719.000000 0 0 0 0 0 0 
2259847 5 13311 1 431.000000 680.000000 0 0 0 0 0 0 
2259847 5 13311 1 434.000000 639.000000 0 0 0 0 0 0 
2259847 5 13311 1 434.000000 602.000000 0 0 0 0 0 0 
2259847 5 13311 1 434.000000 562.000000 0 0 0 0 0 0 
2259848 5 13311 1 432.000000 527.000000 0 0 0 0 0 0 
2259848 5 13311 1 429.000000 493.000000 0 0 0 0 0 0 
2259848 5 13311 1 428.000000 466.000000 0 0 0 0 0 0 
2259848 5 13311 1 428.000000 438.000000 0 0 0 0 0 0 
2259848 5 13311 1 428.000000 413.000000 0 0 0 0 0 0 
2259848 5 13311 1 428.000000 392.000000 0 0 0 0 0 0 
2259849 5 13311 1 428.000000 373.000000 0 0 0 0 0 0 
2259849 5 13311 1 428.000000 353.000000 0 0 0 0 0 0 
2259849 5 13311 1 429.000000 337.000000 0 0 0 0 0 0 
2259849 5 13311 1 432.000000 320.000000 0 0 0 0 0 0 
2259849 5 13311 1 435.000000 305.000000 0 0 0 0 0 0 
2259849 5 13311 1 438.000000 291.000000 0 0 0 0 0 0 
2259850 5 13311 1 438.000000 281.000000 0 0 0 0 0 0 
2259850 5 13311 1 438.000000 271.000000 0 0 0 0 0 0 
2259850 5 13311 1 438.000000 259.000000 0 0 0 0 0 0 
2259850 5 13311 1 438.000000 243.000000 0 0 0 0 0 0 
2259850 5 13311 1 434.000000 226.000000 0 0 0 0 0 0 
2259850 5 13311 1 430.000000 213.000000 0 0 0 0 0 0 
2259851 5 13311 1 427.000000 205.000000 0 0 0 0 0 0 
2259851 5 13311 1 425.000000 200.000000 0 0 0 0 0 0 
2259851 5 13311 1 424.000000 193.000000 0 0 0 0 0 0 
2259851 5 13311 1 424.000000 186.000000 0 0 0 0 0 0 
2259851 5 13311 1 425.000000 180.000000 0 0 0 0 0 0 
2259851 5 13311 1 425.000000 175.000000 0 0 0 0 0 0 
2259852 5 13311 1 426.000000 169.000000 0 0 0 0 0 0 
2259852 5 13311 1 426.000000 161.000000 0 0 0 0 0 0 
2259852 5 13311 1 426.000000 153.000000 0 0 0 0 0 0 
2259852 5 13311 1 427.000000 142.000000 0 0 0 0 0 0 
2259852 5 13311 1 427.000000 135.000000 0 0 0 0 0 0 
2259852 5 13311 1 427.000000 130.000000 0 0 0 0 0 0 
2259853 5 13311 1 427.000000 128.000000 0 0 0 0 0 0 
2259853 5 13311 1 425.000000 124.000000 0 0 0 0 0 0 
2259853 5 13311 1 425.000000 123.000000 0 0 0 0 0 0 
2259853 5 13311 1 425.000000 122.000000 0 0 0 0 0 0 
2259853 5 13311 1 425.000000 121.000000 0 0 0 0 0 0 
2259853 5 13311 1 423.000000 121.000000 0 0 0 0 0 0 
2259855 5 13311 1 423.000000 122.000000 0 0 0 0 0 0 
2259855 5 13311 1 423.000000 123.000000 0 0 0 0 0 0 
2259855 5 13311 1 423.000000 124.000000 0 0 0 0 0 0 
2259856 5 13311 1 423.000000 125.000000 0 0 0 0 0 0 
2259856 5 13311 1 423.000000 126.000000 0 0 0 0 0 0 
2259856 5 13311 1 423.000000 127.000000 0 0 0 0 0 0 
2259857 5 13311 1 423.000000 128.000000 0 0 0 0 0 0 
2259857 5 13311 1 423.000000 129.000000 0 0 0 0 0 0 
2259858 5 13311 1 423.000000 130.000000 0 0 0 0 0 0 
2259859 1 13312 1 423.000000 130.000000 0 0 0 0 0 0 
2259860 2 13312 1 423.000000 130.000000 0 0 0 0 0 0 
2259865 5 13312 1 424.000000 131.000000 0 0 0 0 0 0 
2259865 5 13312 1 437.000000 136.000000 0 0 0 0 0 0 
2259865 5 13312 1 458.000000 140.000000 0 0 0 0 0 0 
2259865 5 13312 1 487.000000 144.000000 0 0 0 0 0 0 
2259865 5 13312 1 522.000000 150.000000 0 0 0 0 0 0 
2259865 5 13312 1 562.000000 154.000000 0 0 0 0 0 0 
2259866 5 13312 1 616.000000 158.000000 0 0 0 0 0 0 
2259866 5 13312 1 675.000000 163.000000 0 0 0 0 0 0 
2259866 5 13312 1 735.000000 167.000000 0 0 0 0 0 0 
2259866 5 13312 1 797.000000 172.000000 0 0 0 0 0 0 
2259866 5 13312 1 853.000000 172.000000 0 0 0 0 0 0 
2259866 5 13312 1 906.000000 173.000000 0 0 0 0 0 0 
2259867 5 13312 1 958.000000 173.000000 0 0 0 0 0 0 
2259867 5 13312 1 1002.000000 173.000000 0 0 0 0 0 0 
2259867 5 13312 1 1038.000000 173.000000 0 0 0 0 0 0 
2259867 5 13312 1 1066.000000 173.000000 0 0 0 0 0 0 
2259867 5 13312 1 1095.000000 173.000000 0 0 0 0 0 0 
2259867 5 13312 1 1118.000000 171.000000 0 0 0 0 0 0 
2259868 5 13312 1 1147.000000 171.000000 0 0 0 0 0 0 
2259868 5 13312 1 1168.000000 171.000000 0 0 0 0 0 0 
2259868 5 13312 1 1184.000000 171.000000 0 0 0 0 0 0 
2259868 5 13312 1 1195.000000 169.000000 0 0 0 0 0 0 
2259868 5 13312 1 1206.000000 167.000000 0 0 0 0 0 0 
2259868 5 13312 1 1216.000000 165.000000 0 0 0 0 0 0 
2259869 5 13312 1 1229.000000 164.000000 0 0 0 0 0 0 
2259869 5 13312 1 1239.000000 163.000000 0 0 0 0 0 0 
2259869 5 13312 1 1246.000000 161.000000 0 0 0 0 0 0 
2259869 5 13312 1 1247.000000 161.000000 0 0 0 0 0 0 
2259870 5 13312 1 1247.000000 160.000000 0 0 0 0 0 0 
2259870 5 13312 1 1247.000000 159.000000 0 0 0 0 0 0 
2259871 5 13312 1 1248.000000 159.000000 0 0 0 0 0 0 
2259871 5 13312 1 1248.000000 158.000000 0 0 0 0 0 0 
2259871 5 13312 1 1248.000000 157.000000 0 0 0 0 0 0 
2259872 5 13312 1 1249.000000 156.000000 0 0 0 0 0 0 
2259872 5 13312 1 1250.000000 156.000000 0 0 0 0 0 0 
2259872 5 13312 1 1251.000000 155.000000 0 0 0 0 0 0 
2259872 5 13312 1 1252.000000 155.000000 0 0 0 0 0 0 
2259873 5 13312 1 1252.000000 154.000000 0 0 0 0 0 0 
2259873 5 13312 1 1253.000000 154.000000 0 0 0 0 0 0 
2259873 5 13312 1 1253.000000 153.000000 0 0 0 0 0 0 
2259874 5 13312 1 1255.000000 153.000000 0 0 0 0 0 0 
2259874 5 13312 1 1255.000000 151.000000 0 0 0 0 0 0 
2259874 5 13312 1 1256.000000 151.000000 0 0 0 0 0 0 
2259875 5 13312 1 1256.000000 150.000000 0 0 0 0 0 0 
2259875 5 13312 1 1257.000000 150.000000 0 0 0 0 0 0 
2259875 5 13312 1 1258.000000 150.000000 0 0 0 0 0 0 
2259875 5 13312 1 1258.000000 148.000000 0 0 0 0 0 0 
2259876 5 13312 1 1259.000000 148.000000 0 0 0 0 0 0 
2259876 5 13312 1 1259.000000 147.000000 0 0 0 0 0 0 
// scrolling
2259877 1 13313 1 1259.000000 147.000000 0 0 0 0 0 0 
2259878 6 13313 1 1259.000000 148.000000 0 0 0 0 0 0 
2259878 6 13313 1 1259.000000 149.000000 0 0 0 0 0 0 
2259878 6 13313 1 1259.000000 153.000000 0 0 0 0 0 0 
2259878 6 13313 1 1259.000000 154.000000 0 0 0 0 0 0 
2259879 6 13313 1 1259.000000 156.000000 0 0 0 0 0 0 
2259879 6 13313 1 1259.000000 159.000000 0 0 0 0 0 0 
2259879 6 13313 1 1259.000000 160.000000 0 0 0 0 0 0 
2259879 6 13313 1 1259.000000 164.000000 0 0 0 0 0 0 
2259879 6 13313 1 1259.000000 169.000000 0 0 0 0 0 0 
2259879 6 13313 1 1259.000000 175.000000 0 0 0 0 0 0 
2259880 6 13313 1 1259.000000 181.000000 0 0 0 0 0 0 
2259880 6 13313 1 1259.000000 187.000000 0 0 0 0 0 0 
2259880 6 13313 1 1259.000000 193.000000 0 0 0 0 0 0 
2259880 6 13313 1 1259.000000 202.000000 0 0 0 0 0 0 
2259880 6 13313 1 1259.000000 208.000000 0 0 0 0 0 0 
2259880 6 13313 1 1260.000000 213.000000 0 0 0 0 0 0 
2259881 6 13313 1 1260.000000 215.000000 0 0 0 0 0 0 
2259881 6 13313 1 1260.000000 216.000000 0 0 0 0 0 0 
2259881 6 13313 1 1260.000000 218.000000 0 0 0 0 0 0 
2259881 6 13313 1 1260.000000 220.000000 0 0 0 0 0 0 
2259881 6 13313 1 1260.000000 222.000000 0 0 0 0 0 0 
2259882 6 13313 1 1260.000000 223.000000 0 0 0 0 0 0 
2259882 6 13313 1 1260.000000 224.000000 0 0 0 0 0 0 
2259882 6 13313 1 1260.000000 226.000000 0 0 0 0 0 0 
2259882 6 13313 1 1260.000000 227.000000 0 0 0 0 0 0 
2259882 6 13313 1 1260.000000 229.000000 0 0 0 0 0 0 
2259882 6 13313 1 1260.000000 232.000000 0 0 0 0 0 0 
2259883 6 13313 1 1260.000000 235.000000 0 0 0 0 0 0 
2259883 6 13313 1 1260.000000 237.000000 0 0 0 0 0 0 
2259883 6 13313 1 1260.000000 243.000000 0 0 0 0 0 0 
2259883 6 13313 1 1260.000000 247.000000 0 0 0 0 0 0 
2259883 6 13313 1 1260.000000 251.000000 0 0 0 0 0 0 
2259883 6 13313 1 1260.000000 256.000000 0 0 0 0 0 0 
2259884 6 13313 1 1260.000000 264.000000 0 0 0 0 0 0 
2259884 6 13313 1 1260.000000 270.000000 0 0 0 0 0 0 
2259884 6 13313 1 1259.000000 276.000000 0 0 0 0 0 0 
2259884 6 13313 1 1259.000000 281.000000 0 0 0 0 0 0 
2259884 6 13313 1 1259.000000 285.000000 0 0 0 0 0 0 
2259884 6 13313 1 1259.000000 287.000000 0 0 0 0 0 0 
2259885 6 13313 1 1259.000000 289.000000 0 0 0 0 0 0 
2259885 6 13313 1 1259.000000 290.000000 0 0 0 0 0 0 
2259885 6 13313 1 1259.000000 291.000000 0 0 0 0 0 0 
2259885 6 13313 1 1259.000000 292.000000 0 0 0 0 0 0 
2259886 6 13313 1 1259.000000 293.000000 0 0 0 0 0 0 
2259886 6 13313 1 1259.000000 294.000000 0 0 0 0 0 0 
2259886 6 13313 1 1259.000000 295.000000 0 0 0 0 0 0 
2259887 6 13313 1 1259.000000 296.000000 0 0 0 0 0 0 
2259887 6 13313 1 1259.000000 297.000000 0 0 0 0 0 0 
2259887 6 13313 1 1259.000000 298.000000 0 0 0 0 0 0 
2259887 6 13313 1 1259.000000 299.000000 0 0 0 0 0 0 
2259888 6 13313 1 1259.000000 300.000000 0 0 0 0 0 0 
2259888 6 13313 1 1259.000000 301.000000 0 0 0 0 0 0 
2259889 6 13313 1 1259.000000 302.000000 0 0 0 0 0 0 
2259889 6 13313 1 1259.000000 303.000000 0 0 0 0 0 0 
2259889 6 13313 1 1259.000000 304.000000 0 0 0 0 0 0 
2259890 6 13313 1 1259.000000 305.000000 0 0 0 0 0 0 
2259890 6 13313 1 1259.000000 306.000000 0 0 0 0 0 0 
2259891 6 13313 1 1259.000000 307.000000 0 0 0 0 0 0 
2259891 6 13313 1 1259.000000 308.000000 0 0 0 0 0 0 
2259892 6 13313 1 1259.000000 309.000000 0 0 0 0 0 0 
2259892 6 13313 1 1259.000000 310.000000 0 0 0 0 0 0 
2259893 6 13313 1 1259.000000 311.000000 0 0 0 0 0 0 
2259893 6 13313 1 1259.000000 312.000000 0 0 0 0 0 0 
2259894 6 13313 1 1259.000000 313.000000 0 0 0 0 0 0 
2259894 6 13313 1 1259.000000 314.000000 0 0 0 0 0 0 
2259894 6 13313 1 1259.000000 315.000000 0 0 0 0 0 0 
2259895 6 13313 1 1259.000000 316.000000 0 0 0 0 0 0 
2259895 6 13313 1 1259.000000 317.000000 0 0 0 0 0 0 
2259896 6 13313 1 1259.000000 318.000000 0 0 0 0 0 0 
2259897 6 13313 1 1259.000000 319.000000 0 0 0 0 0 0 
2259897 6 13313 1 1259.000000 320.000000 0 0 0 0 0 0 
2259897 6 13313 1 1259.000000 321.000000 0 0 0 0 0 0 
2259898 6 13313 1 1259.000000 322.000000 0 0 0 0 0 0 
2259898 6 13313 1 1259.000000 323.000000 0 0 0 0 0 0 
2259899 6 13313 1 1259.000000 324.000000 0 0 0 0 0 0 
2259899 6 13313 1 1259.000000 325.000000 0 0 0 0 0 0 
2259899 6 13313 1 1259.000000 326.000000 0 0 0 0 0 0 
2259900 6 13313 1 1259.000000 327.000000 0 0 0 0 0 0 
2259900 6 13313 1 1259.000000 328.000000 0 0 0 0 0 0 
2259901 6 13313 1 1259.000000 329.000000 0 0 0 0 0 0 
2259901 6 13313 1 1259.000000 330.000000 0 0 0 0 0 0 
2259902 6 13313 1 1259.000000 331.000000 0 0 0 0 0 0 
2259903 6 13313 1 1259.000000 332.000000 0 0 0 0 0 0 
2259903 6 13313 1 1259.000000 333.000000 0 0 0 0 0 0 
2259904 6 13313 1 1259.000000 334.000000 0 0 0 0 0 0 
2259904 6 13313 1 1259.000000 335.000000 0 0 0 0 0 0 
2259905 6 13313 1 1259.000000 336.000000 0 0 0 0 0 0 
2259905 6 13313 1 1258.000000 336.000000 0 0 0 0 0 0 
2259905 6 13313 1 1258.000000 337.000000 0 0 0 0 0 0 
2259906 6 13313 1 1258.000000 338.000000 0 0 0 0 0 0 
2259906 6 13313 1 1258.000000 339.000000 0 0 0 0 0 0 
2259907 6 13313 1 1258.000000 340.000000 0 0 0 0 0 0 
2259909 6 13313 1 1258.000000 341.000000 0 0 0 0 0 0 
2259910 6 13313 1 1258.000000 342.000000 0 0 0 0 0 0 
2259911 6 13313 1 1258.000000 343.000000 0 0 0 0 0 0 
2259912 6 13313 1 1258.000000 344.000000 0 0 0 0 0 0 
2259913 6 13313 1 1258.000000 345.000000 0 0 0 0 0 0 
2259914 6 13313 1 1258.000000 346.000000 0 0 0 0 0 0 
2259916 6 13313 1 1258.000000 347.000000 0 0 0 0 0 0 
2259917 6 13313 1 1258.000000 348.000000 0 0 0 0 0 0 
2259918 6 13313 1 1258.000000 349.000000 0 0 0 0 0 0 
2259919 6 13313 1 1258.000000 350.000000 0 0 0 0 0 0 
2259920 6 13313 1 1258.000000 351.000000 0 0 0 0 0 0 
2259921 6 13313 1 1258.000000 352.000000 0 0 0 0 0 0 
2259922 6 13313 1 1258.000000 353.000000 0 0 0 0 0 0 
2259924 6 13313 1 1258.000000 354.000000 0 0 0 0 0 0 
2259925 6 13313 1 1258.000000 355.000000 0 0 0 0 0 0 
2259928 6 13313 1 1258.000000 356.000000 0 0 0 0 0 0 
2259930 6 13313 1 1258.000000 357.000000 0 0 0 0 0 0 
2259931 6 13313 1 1258.000000 358.000000 0 0 0 0 0 0 
2259932 6 13313 1 1258.000000 359.000000 0 0 0 0 0 0 
2259933 6 13313 1 1258.000000 360.000000 0 0 0 0 0 0 
2259934 6 13313 1 1258.000000 361.000000 0 0 0 0 0 0 
2259936 6 13313 1 1258.000000 362.000000 0 0 0 0 0 0 
2259941 2 13313 0 1258.000000 362.000000 0 0 0 0 0 0 
2259941 5 13313 0 1257.000000 362.000000 0 0 0 0 0 0 
2259942 5 13313 0 1257.000000 361.000000 0 0 0 0 0 0 
2259942 5 13313 0 1256.000000 360.000000 0 0 0 0 0 0 
2259942 5 13313 0 1254.000000 358.000000 0 0 0 0 0 0 
2259942 5 13313 0 1249.000000 353.000000 0 0 0 0 0 0 
2259942 5 13313 0 1237.000000 342.000000 0 0 0 0 0 0 
2259942 5 13313 0 1218.000000 325.000000 0 0 0 0 0 0 
2259943 5 13313 0 1192.000000 309.000000 0 0 0 0 0 0 
2259943 5 13313 0 1166.000000 297.000000 0 0 0 0 0 0 
2259943 5 13313 0 1143.000000 290.000000 0 0 0 0 0 0 
2259943 5 13313 0 1119.000000 282.000000 0 0 0 0 0 0 
2259943 5 13313 0 1093.000000 277.000000 0 0 0 0 0 0 
2259943 5 13313 0 1066.000000 272.000000 0 0 0 0 0 0 
2259944 5 13313 0 1044.000000 270.000000 0 0 0 0 0 0 
2259944 5 13313 0 1022.000000 267.000000 0 0 0 0 0 0 
2259944 5 13313 0 1002.000000 263.000000 0 0 0 0 0 0 
2259944 5 13313 0 987.000000 260.000000 0 0 0 0 0 0 
2259944 5 13313 0 976.000000 258.000000 0 0 0 0 0 0 
2259944 5 13313 0 967.000000 256.000000 0 0 0 0 0 0 
2259945 5 13313 0 963.000000 255.000000 0 0 0 0 0 0 
2259945 5 13313 0 963.000000 254.000000 0 0 0 0 0 0 
2259945 5 13313 0 962.000000 253.000000 0 0 0 0 0 0 
2259946 5 13313 0 962.000000 252.000000 0 0 0 0 0 0 
2259946 5 13313 0 961.000000 251.000000 0 0 0 0 0 0 
2259946 5 13313 0 961.000000 249.000000 0 0 0 0 0 0 
2259946 5 13313 0 960.000000 248.000000 0 0 0 0 0 0 
2259946 5 13313 0 960.000000 246.000000 0 0 0 0 0 0 
2259947 5 13313 0 959.000000 243.000000 0 0 0 0 0 0 
2259947 5 13313 0 958.000000 241.000000 0 0 0 0 0 0 
2259947 5 13313 0 957.000000 238.000000 0 0 0 0 0 0 
2259947 5 13313 0 956.000000 237.000000 0 0 0 0 0 0 
2259947 5 13313 0 956.000000 235.000000 0 0 0 0 0 0 
2259947 5 13313 0 955.000000 235.000000 0 0 0 0 0 0 
2259948 5 13313 0 955.000000 234.000000 0 0 0 0 0 0 
2259948 5 13313 0 954.000000 234.000000 0 0 0 0 0 0 
2259948 5 13313 0 954.000000 233.000000 0 0 0 0 0 0 
2259948 5 13313 0 952.000000 233.000000 0 0 0 0 0 0 
2259948 5 13313 0 951.000000 233.000000 0 0 0 0 0 0 
2259949 5 13313 0 951.000000 232.000000 0 0 0 0 0 0 
2259951 1 13314 1 951.000000 232.000000 0 0 0 0 0 0 
2259952 2 13314 1 951.000000 232.000000 0 0 0 0 0 0 
2259958 5 13314 1 951.000000 233.000000 0 0 0 0 0 0 
2259958 5 13314 1 951.000000 234.000000 0 0 0 0 0 0 
2259958 5 13314 1 951.000000 235.000000 0 0 0 0 0 0 
2259958 5 13314 1 951.000000 239.000000 0 0 0 0 0 0 
2259959 5 13314 1 948.000000 243.000000 0 0 0 0 0 0 
2259959 5 13314 1 945.000000 249.000000 0 0 0 0 0 0 
2259959 5 13314 1 939.000000 265.000000 0 0 0 0 0 0 
2259959 5 13314 1 930.000000 288.000000 0 0 0 0 0 0 
2259959 5 13314 1 918.000000 317.000000 0 0 0 0 0 0 
2259959 5 13314 1 904.000000 349.000000 0 0 0 0 0 0 
2259960 5 13314 1 888.000000 381.000000 0 0 0 0 0 0 
2259960 5 13314 1 876.000000 409.000000 0 0 0 0 0 0 
2259960 5 13314 1 865.000000 431.000000 0 0 0 0 0 0 
2259960 5 13314 1 856.000000 454.000000 0 0 0 0 0 0 
2259960 5 13314 1 849.000000 478.000000 0 0 0 0 0 0 
2259960 5 13314 1 841.000000 500.000000 0 0 0 0 0 0 
2259961 5 13314 1 832.000000 517.000000 0 0 0 0 0 0 
2259961 5 13314 1 822.000000 531.000000 0 0 0 0 0 0 
2259961 5 13314 1 816.000000 538.000000 0 0 0 0 0 0 
2259961 5 13314 1 815.000000 539.000000 0 0 0 0 0 0 
2259962 5 13314 1 814.000000 539.000000 0 0 0 0 0 0 
2259962 5 13314 1 814.000000 540.000000 0 0 0 0 0 0 
2259962 5 13314 1 813.000000 540.000000 0 0 0 0 0 0 
2259962 5 13314 1 812.000000 540.000000 0 0 0 0 0 0 
2259963 5 13314 1 810.000000 540.000000 0 0 0 0 0 0 
2259963 5 13314 1 809.000000 540.000000 0 0 0 0 0 0 
2259963 5 13314 1 808.000000 540.000000 0 0 0 0 0 0 
2259963 5 13314 1 808.000000 541.000000 0 0 0 0 0 0 
2259964 5 13314 1 806.000000 541.000000 0 0 0 0 0 0 
2259964 5 13314 1 805.000000 541.000000 0 0 0 0 0 0 
2259964 5 13314 1 804.000000 542.000000 0 0 0 0 0 0 
2259965 5 13314 1 803.000000 542.000000 0 0 0 0 0 0 
2259965 5 13314 1 802.000000 542.000000 0 0 0 0 0 0 
2259966 5 13314 1 801.000000 542.000000 0 0 0 0 0 0 
2259966 5 13314 1 798.000000 541.000000 0 0 0 0 0 0 
2259966 5 13314 1 794.000000 539.000000 0 0 0 0 0 0 
2259966 5 13314 1 792.000000 537.000000 0 0 0 0 0 0 
2259966 5 13314 1 789.000000 533.000000 0 0 0 0 0 0 
2259967 5 13314 1 785.000000 528.000000 0 0 0 0 0 0 
2259967 5 13314 1 781.000000 524.000000 0 0 0 0 0 0 
2259967 5 13314 1 775.000000 515.000000 0 0 0 0 0 0 
2259967 5 13314 1 770.000000 507.000000 0 0 0 0 0 0 
2259967 5 13314 1 764.000000 497.000000 0 0 0 0 0 0 
2259967 5 13314 1 759.000000 489.000000 0 0 0 0 0 0 
2259968 5 13314 1 753.000000 477.000000 0 0 0 0 0 0 
2259968 5 13314 1 748.000000 469.000000 0 0 0 0 0 0 
2259968 5 13314 1 742.000000 460.000000 0 0 0 0 0 0 
2259968 5 13314 1 740.000000 457.000000 0 0 0 0 0 0 
2259968 5 13314 1 738.000000 455.000000 0 0 0 0 0 0 
2259969 5 13314 1 737.000000 455.000000 0 0 0 0 0 0 
2259969 5 13314 1 737.000000 453.000000 0 0 0 0 0 0 
2259969 5 13314 1 737.000000 452.000000 0 0 0 0 0 0 
2259970 5 13314 1 736.000000 452.000000 0 0 0 0 0 0 
2259970 5 13314 1 735.000000 451.000000 0 0 0 0 0 0 
2259970 5 13314 1 734.000000 450.000000 0 0 0 0 0 0 
2259973 5 13314 1 733.000000 449.000000 0 0 0 0 0 0 
2259973 5 13314 1 733.000000 448.000000 0 0 0 0 0 0 
2259973 5 13314 1 732.000000 448.000000 0 0 0 0 0 0 
2259974 1 13315 1 732.000000 448.000000 0 0 0 0 0 0 
2259975 2 13315 1 732.000000 448.000000 0 0 0 0 0 0 
2259978 5 13315 1 731.000000 447.000000 0 0 0 0 0 0 
2259978 5 13315 1 729.000000 449.000000 0 0 0 0 0 0 
2259979 5 13315 1 727.000000 451.000000 0 0 0 0 0 0 
2259979 5 13315 1 725.000000 455.000000 0 0 0 0 0 0 
2259979 5 13315 1 725.000000 459.000000 0 0 0 0 0 0 
2259979 5 13315 1 722.000000 463.000000 0 0 0 0 0 0 
2259979 5 13315 1 720.000000 467.000000 0 0 0 0 0 0 
2259979 5 13315 1 717.000000 475.000000 0 0 0 0 0 0 
2259980 5 13315 1 715.000000 484.000000 0 0 0 0 0 0 
2259980 5 13315 1 714.000000 491.000000 0 0 0 0 0 0 
2259980 5 13315 1 710.000000 498.000000 0 0 0 0 0 0 
2259980 5 13315 1 707.000000 502.000000 0 0 0 0 0 0 
2259980 5 13315 1 702.000000 506.000000 0 0 0 0 0 0 
2259980 5 13315 1 697.000000 511.000000 0 0 0 0 0 0 
2259981 5 13315 1 694.000000 512.000000 0 0 0 0 0 0 
2259981 5 13315 1 692.000000 513.000000 0 0 0 0 0 0 
// shift selection
2259981 12 0 0 692.000000 513.000000 0 0 0 1 0 0 
2259981 5 13315 1 692.000000 514.000000 0 0 0 1 0 0 
2259982 5 13315 1 690.000000 514.000000 0 0 0 1 0 0 
2259984 1 13316 1 690.000000 514.000000 0 0 0 1 0 0 
2259985 2 13316 1 690.000000 514.000000 0 0 0 1 0 0 
2259988 12 0 0 690.000000 514.000000 0 0 0 0 0 0 
2259988 5 13316 1 690.000000 513.000000 0 0 0 0 0 0 
2259988 5 13316 1 690.000000 512.000000 0 0 0 0 0 0 
2259988 5 13316 1 690.000000 510.000000 0 0 0 0 0 0 
2259988 5 13316 1 690.000000 506.000000 0 0 0 0 0 0 
2259988 5 13316 1 691.000000 503.000000 0 0 0 0 0 0 
2259989 5 13316 1 691.000000 501.000000 0 0 0 0 0 0 
2259989 5 13316 1 691.000000 496.000000 0 0 0 0 0 0 
2259989 5 13316 1 691.000000 492.000000 0 0 0 0 0 0 
2259989 5 13316 1 691.000000 485.000000 0 0 0 0 0 0 
2259989 5 13316 1 691.000000 482.000000 0 0 0 0 0 0 
2259989 5 13316 1 690.000000 480.000000 0 0 0 0 0 0 
2259990 5 13316 1 690.000000 479.000000 0 0 0 0 0 0 
2259990 5 13316 1 690.000000 478.000000 0 0 0 0 0 0 
2259991 5 13316 1 690.000000 477.000000 0 0 0 0 0 0 
2259991 5 13316 1 690.000000 476.000000 0 0 0 0 0 0 
2259991 5 13316 1 690.000000 475.000000 0 0 0 0 0 0 
// drag selection to playlist
2259994 1 13317 1 690.000000 475.000000 0 0 0 0 0 0 
2259996 6 13317 1 690.000000 476.000000 0 0 0 0 0 0 
2259996 6 13317 1 688.000000 480.000000 0 0 0 0 0 0 
2259996 6 13317 1 684.000000 486.000000 0 0 0 0 0 0 
2259996 6 13317 1 674.000000 497.000000 0 0 0 0 0 0 
2259996 6 13317 1 664.000000 509.000000 0 0 0 0 0 0 
2259996 6 13317 1 654.000000 522.000000 0 0 0 0 0 0 
2259997 6 13317 1 643.000000 532.000000 0 0 0 0 0 0 
2259997 6 13317 1 633.000000 543.000000 0 0 0 0 0 0 
2259997 6 13317 1 621.000000 556.000000 0 0 0 0 0 0 
2259997 6 13317 1 612.000000 565.000000 0 0 0 0 0 0 
2259997 6 13317 1 603.000000 573.000000 0 0 0 0 0 0 
2259997 6 13317 1 596.000000 580.000000 0 0 0 0 0 0 
2259998 6 13317 1 590.000000 592.000000 0 0 0 0 0 0 
2259998 6 13317 1 584.000000 604.000000 0 0 0 0 0 0 
2259998 6 13317 1 576.000000 619.000000 0 0 0 0 0 0 
2259998 6 13317 1 568.000000 629.000000 0 0 0 0 0 0 
2259998 6 13317 1 559.000000 642.000000 0 0 0 0 0 0 
2259998 6 13317 1 553.000000 651.000000 0 0 0 0 0 0 
2259999 6 13317 1 547.000000 661.000000 0 0 0 0 0 0 
2259999 6 13317 1 540.000000 675.000000 0 0 0 0 0 0 
2259999 6 13317 1 533.000000 688.000000 0 0 0 0 0 0 
2259999 6 13317 1 527.000000 702.000000 0 0 0 0 0 0 
2259999 6 13317 1 523.000000 712.000000 0 0 0 0 0 0 
2259999 6 13317 1 520.000000 719.000000 0 0 0 0 0 0 
2260000 6 13317 1 514.000000 729.000000 0 0 0 0 0 0 
2260000 6 13317 1 510.000000 739.000000 0 0 0 0 0 0 
2260000 6 13317 1 505.000000 746.000000 0 0 0 0 0 0 
2260000 6 13317 1 502.000000 752.000000 0 0 0 0 0 0 
2260000 6 13317 1 497.000000 761.000000 0 0 0 0 0 0 
2260000 6 13317 1 493.000000 769.000000 0 0 0 0 0 0 
2260001 6 13317 1 489.000000 775.000000 0 0 0 0 0 0 
2260001 6 13317 1 485.000000 783.000000 0 0 0 0 0 0 
2260001 6 13317 1 480.000000 791.000000 0 0 0 0 0 0 
2260001 6 13317 1 474.000000 800.000000 0 0 0 0 0 0 
2260001 6 13317 1 470.000000 809.000000 0 0 0 0 0 0 
2260001 6 13317 1 466.000000 821.000000 0 0 0 0 0 0 
2260002 6 13317 1 461.000000 831.000000 0 0 0 0 0 0 
2260002 6 13317 1 458.000000 842.000000 0 0 0 0 0 0 
2260002 6 13317 1 454.000000 852.000000 0 0 0 0 0 0 
2260002 6 13317 1 450.000000 862.000000 0 0 0 0 0 0 
2260002 6 13317 1 447.000000 871.000000 0 0 0 0 0 0 
2260002 6 13317 1 444.000000 882.000000 0 0 0 0 0 0 
2260003 6 13317 1 442.000000 891.000000 0 0 0 0 0 0 
2260003 6 13317 1 439.000000 899.000000 0 0 0 0 0 0 
2260003 6 13317 1 437.000000 906.000000 0 0 0 0 0 0 
2260003 6 13317 1 434.000000 914.000000 0 0 0 0 0 0 
2260003 6 13317 1 431.000000 923.000000 0 0 0 0 0 0 
2260003 6 13317 1 427.000000 931.000000 0 0 0 0 0 0 
2260004 6 13317 1 426.000000 935.000000 0 0 0 0 0 0 
2260004 6 13317 1 424.000000 938.000000 0 0 0 0 0 0 
2260004 6 13317 1 424.000000 939.000000 0 0 0 0 0 0 
2260004 6 13317 1 423.000000 939.000000 0 0 0 0 0 0 
2260005 6 13317 1 423.000000 940.000000 0 0 0 0 0 0 
2260005 6 13317 1 423.000000 941.000000 0 0 0 0 0 0 
2260006 6 13317 1 422.000000 941.000000 0 0 0 0 0 0 
2260006 6 13317 1 422.000000 943.000000 0 0 0 0 0 0 
2260006 6 13317 1 422.000000 944.000000 0 0 0 0 0 0 
2260006 6 13317 1 422.000000 945.000000 0 0 0 0 0 0 
2260006 6 13317 1 422.000000 946.000000 0 0 0 0 0 0 
2260007 6 13317 1 422.000000 947.000000 0 0 0 0 0 0 
2260007 6 13317 1 422.000000 948.000000 0 0 0 0 0 0 
2260007 6 13317 1 421.000000 948.000000 0 0 0 0 0 0 
2260007 6 13317 1 421.000000 949.000000 0 0 0 0 0 0 
2260008 6 13317 1 421.000000 950.000000 0 0 0 0 0 0 
2260008 6 13317 1 421.000000 951.000000 0 0 0 0 0 0 
2260009 6 13317 1 421.000000 952.000000 0 0 0 0 0 0 
2260009 6 13317 1 421.000000 953.000000 0 0 0 0 0 0 
2260009 6 13317 1 421.000000 954.000000 0 0 0 0 0 0 
2260012 6 13317 1 421.000000 955.000000 0 0 0 0 0 0 
2260012 6 13317 1 423.000000 955.000000 0 0 0 0 0 0 
2260012 6 13317 1 423.000000 957.000000 0 0 0 0 0 0 
2260015 6 13317 1 423.000000 958.000000 0 0 0 0 0 0 
2260017 6 13317 1 423.000000 959.000000 0 0 0 0 0 0 
2260017 6 13317 1 423.000000 960.000000 0 0 0 0 0 0 
2260019 6 13317 1 422.000000 960.000000 0 0 0 0 0 0 
2260021 2 13317 0 422.000000 960.000000 0 0 0 0 0 0 
2260024 5 13317 0 422.000000 961.000000 0 0 0 0 0 0 
2260025 5 13317 0 422.000000 962.000000 0 0 0 0 0 0 
2260025 5 13317 0 421.000000 962.000000 0 0 0 0 0 0 
2260028 1 13318 1 421.000000 962.000000 0 0 0 0 0 0 
2260029 2 13318 1 421.000000 962.000000 0 0 0 0 0 0 
2260037 5 13318 1 421.000000 961.000000 0 0 0 0 0 0 
2260037 5 13318 1 421.000000 960.000000 0 0 0 0 0 0 
2260038 5 13318 1 421.000000 959.000000 0 0 0 0 0 0 
2260040 5 13318 1 421.000000 958.000000 0 0 0 0 0 0 
2260040 5 13318 1 421.000000 957.000000 0 0 0 0 0 0 
2260040 5 13318 1 423.000000 953.000000 0 0 0 0 0 0 
2260040 5 13318 1 425.000000 947.000000 0 0 0 0 0 0 
2260040 5 13318 1 430.000000 936.000000 0 0 0 0 0 0 
2260041 5 13318 1 441.000000 916.000000 0 0 0 0 0 0 
2260041 5 13318 1 455.000000 886.000000 0 0 0 0 0 0 
2260041 5 13318 1 478.000000 841.000000 0 0 0 0 0 0 
2260041 5 13318 1 500.000000 798.000000 0 0 0 0 0 0 
2260041 5 13318 1 522.000000 760.000000 0 0 0 0 0 0 
2260041 5 13318 1 544.000000 725.000000 0 0 0 0 0 0 
2260042 5 13318 1 564.000000 696.000000 0 0 0 0 0 0 
2260042 5 13318 1 577.000000 676.000000 0 0 0 0 0 0 
2260042 5 13318 1 586.000000 662.000000 0 0 0 0 0 0 
2260042 5 13318 1 589.000000 658.000000 0 0 0 0 0 0 
2260051 5 13318 1 588.000000 657.000000 0 0 0 0 0 0 
2260051 5 13318 1 588.000000 652.000000 0 0 0 0 0 0 
2260051 5 13318 1 584.000000 641.000000 0 0 0 0 0 0 
2260051 5 13318 1 581.000000 626.000000 0 0 0 0 0 0 
2260051 5 13318 1 575.000000 604.000000 0 0 0 0 0 0 
2260052 5 13318 1 566.000000 574.000000 0 0 0 0 0 0 
2260052 5 13318 1 555.000000 541.000000 0 0 0 0 0 0 
2260052 5 13318 1 546.000000 506.000000 0 0 0 0 0 0 
2260052 5 13318 1 531.000000 465.000000 0 0 0 0 0 0 
2260052 5 13318 1 513.000000 421.000000 0 0 0 0 0 0 
2260052 5 13318 1 496.000000 380.000000 0 0 0 0 0 0 
2260053 5 13318 1 478.000000 339.000000 0 0 0 0 0 0 
2260053 5 13318 1 460.000000 299.000000 0 0 0 0 0 0 
2260053 5 13318 1 444.000000 263.000000 0 0 0 0 0 0 
2260053 5 13318 1 427.000000 227.000000 0 0 0 0 0 0 
2260053 5 13318 1 410.000000 197.000000 0 0 0 0 0 0 
2260053 5 13318 1 401.000000 173.000000 0 0 0 0 0 0 
2260054 5 13318 1 391.000000 156.000000 0 0 0 0 0 0 
2260054 5 13318 1 386.000000 144.000000 0 0 0 0 0 0 
2260054 5 13318 1 385.000000 137.000000 0 0 0 0 0 0 
2260054 5 13318 1 383.000000 129.000000 0 0 0 0 0 0 
2260054 5 13318 1 384.000000 121.000000 0 0 0 0 0 0 
2260054 5 13318 1 387.000000 115.000000 0 0 0 0 0 0 
2260055 5 13318 1 390.000000 111.000000 0 0 0 0 0 0 
2260055 5 13318 1 392.000000 107.000000 0 0 0 0 0 0 
2260055 5 13318 1 394.000000 102.000000 0 0 0 0 0 0 
2260055 5 13318 1 397.000000 98.000000 0 0 0 0 0 0 
2260055 5 13318 1 400.000000 93.000000 0 0 0 0 0 0 
2260055 5 13318 1 401.000000 90.000000 0 0 0 0 0 0 
2260056 5 13318 1 404.000000 84.000000 0 0 0 0 0 0 
2260056 5 13318 1 406.000000 80.000000 0 0 0 0 0 0 
2260056 5 13318 1 407.000000 76.000000 0 0 0 0 0 0 
2260056 5 13318 1 408.000000 74.000000 0 0 0 0 0 0 
2260057 5 13318 1 408.000000 72.000000 0 0 0 0 0 0 
2260057 5 13318 1 409.000000 72.000000 0 0 0 0 0 0 
2260063 1 13319 1 409.000000 72.000000 0 0 0 0 0 0 
2260064 2 13319 1 409.000000 72.000000 0 0 0 0 0 0 
2260065 5 13319 1 410.000000 72.000000 0 0 0 0 0 0 
2260065 5 13319 1 414.000000 73.000000 0 0 0 0 0 0 
2260065 5 13319 1 420.000000 73.000000 0 0 0 0 0 0 
2260066 5 13319 1 427.000000 74.000000 0 0 0 0 0 0 
2260066 5 13319 1 435.000000 74.000000 0 0 0 0 0 0 
2260066 5 13319 1 443.000000 74.000000 0 0 0 0 0 0 
2260066 5 13319 1 455.000000 74.000000 0 0 0 0 0 0 
2260066 5 13319 1 465.000000 75.000000 0 0 0 0 0 0 
2260066 5 13319 1 471.000000 75.000000 0 0 0 0 0 0 
2260067 5 13319 1 473.000000 75.000000 0 0 0 0 0 0 
2260067 5 13319 1 477.000000 75.000000 0 0 0 0 0 0 
2260067 5 13319 1 479.000000 75.000000 0 0 0 0 0 0 
2260067 5 13319 1 482.000000 76.000000 0 0 0 0 0 0 
2260067 5 13319 1 483.000000 76.000000 0 0 0 0 0 0 
2260067 5 13319 1 487.000000 76.000000 0 0 0 0 0 0 
2260068 5 13319 1 493.000000 76.000000 0 0 0 0 0 0 
2260068 5 13319 1 500.000000 76.000000 0 0 0 0 0 0 
2260068 5 13319 1 506.000000 76.000000 0 0 0 0 0 0 
2260068 5 13319 1 512.000000 76.000000 0 0 0 0 0 0 
2260068 5 13319 1 517.000000 76.000000 0 0 0 0 0 0 
2260068 5 13319 1 521.000000 76.000000 0 0 0 0 0 0 
2260069 5 13319 1 522.000000 76.000000 0 0 0 0 0 0 
2260069 5 13319 1 525.000000 76.000000 0 0 0 0 0 0 
2260069 5 13319 1 531.000000 76.000000 0 0 0 0 0 0 
2260069 5 13319 1 539.000000 76.000000 0 0 0 0 0 0 
2260069 5 13319 1 544.000000 76.000000 0 0 0 0 0 0 
2260069 5 13319 1 546.000000 76.000000 0 0 0 0 0 0 
2260070 5 13319 1 550.000000 76.000000 0 0 0 0 0 0 
2260070 5 13319 1 554.000000 76.000000 0 0 0 0 0 0 
2260070 5 13319 1 555.000000 76.000000 0 0 0 0 0 0 
2260074 5 13319 1 556.000000 76.000000 0 0 0 0 0 0 
2260074 5 13319 1 556.000000 75.000000 0 0 0 0 0 0 
2260075 5 13319 1 557.000000 75.000000 0 0 0 0 0 0 
2260076 5 13319 1 558.000000 75.000000 0 0 0 0 0 0 
2260078 5 13319 1 557.000000 75.000000 0 0 0 0 0 0 
2260080 1 13320 1 557.000000 75.000000 0 0 0 0 0 0 
2260084 6 13320 1 558.000000 75.000000 0 0 0 0 0 0 
2260084 6 13320 1 560.000000 75.000000 0 0 0 0 0 0 
2260084 6 13320 1 562.000000 75.000000 0 0 0 0 0 0 
2260084 6 13320 1 565.000000 75.000000 0 0 0 0 0 0 
2260085 6 13320 1 566.000000 75.000000 0 0 0 0 0 0 
2260085 6 13320 1 567.000000 75.000000 0 0 0 0 0 0 
2260085 6 13320 1 568.000000 75.000000 0 0 0 0 0 0 
2260086 6 13320 1 569.000000 75.000000 0 0 0 0 0 0 
2260086 6 13320 1 570.000000 75.000000 0 0 0 0 0 0 
2260086 6 13320 1 571.000000 75.000000 0 0 0 0 0 0 
2260087 6 13320 1 572.000000 75.000000 0 0 0 0 0 0 
2260088 6 13320 1 573.000000 75.000000 0 0 0 0 0 0 
2260088 6 13320 1 574.000000 75.000000 0 0 0 0 0 0 
2260088 6 13320 1 575.000000 75.000000 0 0 0 0 0 0 
2260088 6 13320 1 577.000000 75.000000 0 0 0 0 0 0 
2260089 6 13320 1 579.000000 75.000000 0 0 0 0 0 0 
2260089 6 13320 1 582.000000 75.000000 0 0 0 0 0 0 
2260089 6 13320 1 583.000000 75.000000 0 0 0 0 0 0 
2260090 6 13320 1 584.000000 75.000000 0 0 0 0 0 0 
2260090 6 13320 1 586.000000 75.000000 0 0 0 0 0 0 
2260090 6 13320 1 588.000000 75.000000 0 0 0 0 0 0 
2260091 6 13320 1 589.000000 75.000000 0 0 0 0 0 0 
2260091 6 13320 1 591.000000 75.000000 0 0 0 0 0 0 
2260091 6 13320 1 594.000000 75.000000 0 0 0 0 0 0 
2260091 6 13320 1 595.000000 75.000000 0 0 0 0 0 0 
2260091 6 13320 1 596.000000 75.000000 0 0 0 0 0 0 
2260093 6 13320 1 596.000000 76.000000 0 0 0 0 0 0 
2260093 6 13320 1 597.000000 76.000000 0 0 0 0 0 0 
2260093 6 13320 1 598.000000 76.000000 0 0 0 0 0 0 
2260094 6 13320 1 599.000000 76.000000 0 0 0 0 0 0 
2260094 6 13320 1 601.000000 76.000000 0 0 0 0 0 0 
2260094 6 13320 1 603.000000 76.000000 0 0 0 0 0 0 
2260094 6 13320 1 604.000000 77.000000 0 0 0 0 0 0 
2260094 6 13320 1 605.000000 77.000000 0 0 0 0 0 0 
2260095 6 13320 1 606.000000 77.000000 0 0 0 0 0 0 
2260096 6 13320 1 607.000000 77.000000 0 0 0 0 0 0 
2260098 2 13320 0 607.000000 77.000000 0 0 0 0 0 0 